[2026-02-03 15:26:15 +0000] [314543] [INFO] Starting gunicorn 21.2.0
[2026-02-03 15:26:15 +0000] [314543] [INFO] Listening at: http://0.0.0.0:8000 (314543)
[2026-02-03 15:26:15 +0000] [314543] [INFO] Using worker: sync
[2026-02-03 15:26:15 +0000] [314545] [INFO] Booting worker with pid: 314545
[2026-02-03 15:26:16 +0000] [314546] [INFO] Booting worker with pid: 314546
[2026-02-03 15:26:16 +0000] [314553] [INFO] Booting worker with pid: 314553
[2026-02-03 15:26:16 +0000] [314560] [INFO] Booting worker with pid: 314560
[2026-02-03 15:26:16 +0000] [314561] [INFO] Booting worker with pid: 314561
[2026-02-03 15:26:16 +0000] [314574] [INFO] Booting worker with pid: 314574
[2026-02-03 15:26:16 +0000] [314581] [INFO] Booting worker with pid: 314581
[2026-02-03 15:26:16 +0000] [314588] [INFO] Booting worker with pid: 314588
[2026-02-03 15:26:52 +0000] [314812] [INFO] Starting gunicorn 21.2.0
[2026-02-03 15:26:52 +0000] [314812] [INFO] Listening at: http://0.0.0.0:10000 (314812)
[2026-02-03 15:26:52 +0000] [314812] [INFO] Using worker: sync
[2026-02-03 15:26:52 +0000] [314814] [INFO] Booting worker with pid: 314814
[2026-02-03 15:26:52 +0000] [314815] [INFO] Booting worker with pid: 314815
[2026-02-03 15:26:52 +0000] [314816] [INFO] Booting worker with pid: 314816
[2026-02-03 15:26:52 +0000] [314817] [INFO] Booting worker with pid: 314817
[2026-02-03 15:26:52 +0000] [314830] [INFO] Booting worker with pid: 314830
[2026-02-03 15:26:53 +0000] [314843] [INFO] Booting worker with pid: 314843
[2026-02-03 15:26:53 +0000] [314850] [INFO] Booting worker with pid: 314850
[2026-02-03 15:26:53 +0000] [314851] [INFO] Booting worker with pid: 314851
[2026-02-03 15:30:21 +0000] [314546] [INFO] Worker exiting (pid: 314546)
[2026-02-03 15:30:21 +0000] [314851] [INFO] Worker exiting (pid: 314851)
[2026-02-03 15:30:21 +0000] [314561] [INFO] Worker exiting (pid: 314561)
[2026-02-03 15:30:21 +0000] [314815] [INFO] Worker exiting (pid: 314815)
[2026-02-03 15:30:21 +0000] [314545] [INFO] Worker exiting (pid: 314545)
[2026-02-03 15:30:21 +0000] [314814] [INFO] Worker exiting (pid: 314814)
[2026-02-03 15:30:21 +0000] [314581] [INFO] Worker exiting (pid: 314581)
[2026-02-03 15:30:21 +0000] [314817] [INFO] Worker exiting (pid: 314817)
[2026-02-03 15:30:21 +0000] [314553] [INFO] Worker exiting (pid: 314553)
[2026-02-03 15:30:21 +0000] [314843] [INFO] Worker exiting (pid: 314843)
[2026-02-03 15:30:21 +0000] [314816] [INFO] Worker exiting (pid: 314816)
[2026-02-03 15:30:21 +0000] [314560] [INFO] Worker exiting (pid: 314560)
[2026-02-03 15:30:21 +0000] [314830] [INFO] Worker exiting (pid: 314830)
[2026-02-03 15:30:21 +0000] [314812] [INFO] Handling signal: term
[2026-02-03 15:30:21 +0000] [314574] [INFO] Worker exiting (pid: 314574)
[2026-02-03 15:30:21 +0000] [314850] [INFO] Worker exiting (pid: 314850)
[2026-02-03 15:30:21 +0000] [314588] [INFO] Worker exiting (pid: 314588)
[2026-02-03 15:30:21 +0000] [314543] [INFO] Handling signal: term
[2026-02-03 15:30:21 +0000] [314812] [ERROR] Worker (pid:314817) was sent SIGTERM!
[2026-02-03 15:30:21 +0000] [314543] [ERROR] Worker (pid:314546) was sent SIGTERM!
[2026-02-03 15:30:21 +0000] [314812] [ERROR] Worker (pid:314814) was sent SIGTERM!
[2026-02-03 15:30:21 +0000] [314812] [ERROR] Worker (pid:314816) was sent SIGTERM!
[2026-02-03 15:30:21 +0000] [314812] [ERROR] Worker (pid:314843) was sent SIGTERM!
[2026-02-03 15:30:21 +0000] [314812] [ERROR] Worker (pid:314830) was sent SIGTERM!
[2026-02-03 15:30:21 +0000] [314543] [ERROR] Worker (pid:314581) was sent SIGTERM!
[2026-02-03 15:30:21 +0000] [314812] [ERROR] Worker (pid:314815) was sent SIGTERM!
[2026-02-03 15:30:21 +0000] [314543] [ERROR] Worker (pid:314574) was sent SIGTERM!
[2026-02-03 15:30:21 +0000] [314543] [ERROR] Worker (pid:314588) was sent SIGTERM!
[2026-02-03 15:30:21 +0000] [314543] [ERROR] Worker (pid:314553) was sent SIGTERM!
[2026-02-03 15:30:21 +0000] [314543] [ERROR] Worker (pid:314560) was sent SIGTERM!
[2026-02-03 15:30:21 +0000] [314812] [ERROR] Worker (pid:314851) was sent SIGTERM!
[2026-02-03 15:30:21 +0000] [314543] [ERROR] Worker (pid:314545) was sent SIGTERM!
[2026-02-03 15:30:21 +0000] [314543] [ERROR] Worker (pid:314561) was sent SIGTERM!
[2026-02-03 15:30:21 +0000] [314812] [INFO] Shutting down: Master
[2026-02-03 15:30:21 +0000] [314543] [INFO] Shutting down: Master
[2026-02-03 15:30:31 +0000] [315979] [INFO] Starting gunicorn 21.2.0
[2026-02-03 15:30:31 +0000] [315979] [INFO] Listening at: http://0.0.0.0:10000 (315979)
[2026-02-03 15:30:31 +0000] [315979] [INFO] Using worker: sync
[2026-02-03 15:30:31 +0000] [315981] [INFO] Booting worker with pid: 315981
[2026-02-03 15:30:31 +0000] [315982] [INFO] Booting worker with pid: 315982
[2026-02-03 15:30:31 +0000] [315983] [INFO] Booting worker with pid: 315983
[2026-02-03 15:30:31 +0000] [315984] [INFO] Booting worker with pid: 315984
[2026-02-03 15:30:31 +0000] [315985] [INFO] Booting worker with pid: 315985
[2026-02-03 15:30:31 +0000] [316006] [INFO] Booting worker with pid: 316006
[2026-02-03 15:30:31 +0000] [316017] [INFO] Booting worker with pid: 316017
[2026-02-03 15:30:31 +0000] [316028] [INFO] Booting worker with pid: 316028
[2026-02-04 16:09:41 +0000] [316006] [INFO] Worker exiting (pid: 316006)
[2026-02-04 16:09:41 +0000] [315983] [INFO] Worker exiting (pid: 315983)
[2026-02-04 16:09:41 +0000] [315985] [INFO] Worker exiting (pid: 315985)
[2026-02-04 16:09:41 +0000] [316028] [INFO] Worker exiting (pid: 316028)
[2026-02-04 16:09:41 +0000] [316017] [INFO] Worker exiting (pid: 316017)
[2026-02-04 16:09:41 +0000] [315984] [INFO] Worker exiting (pid: 315984)
[2026-02-04 16:09:41 +0000] [315981] [INFO] Worker exiting (pid: 315981)
[2026-02-04 16:09:41 +0000] [315982] [INFO] Worker exiting (pid: 315982)
[2026-02-04 16:09:41 +0000] [315979] [INFO] Handling signal: term
[2026-02-04 16:09:41 +0000] [315979] [ERROR] Worker (pid:315981) was sent SIGTERM!
[2026-02-04 16:09:41 +0000] [315979] [ERROR] Worker (pid:315983) was sent SIGTERM!
[2026-02-04 16:09:41 +0000] [315979] [ERROR] Worker (pid:315984) was sent SIGTERM!
[2026-02-04 16:09:41 +0000] [315979] [ERROR] Worker (pid:315985) was sent SIGTERM!
[2026-02-04 16:09:41 +0000] [315979] [ERROR] Worker (pid:316006) was sent SIGTERM!
[2026-02-04 16:09:41 +0000] [315979] [ERROR] Worker (pid:316017) was sent SIGTERM!
[2026-02-04 16:09:41 +0000] [315979] [ERROR] Worker (pid:316028) was sent SIGTERM!
[2026-02-04 16:09:41 +0000] [315979] [ERROR] Worker (pid:315982) was sent SIGTERM!
[2026-02-04 16:09:41 +0000] [315979] [INFO] Shutting down: Master
[2026-02-04 16:11:37 +0000] [335434] [INFO] Starting gunicorn 21.2.0
[2026-02-04 16:11:37 +0000] [335434] [INFO] Listening at: http://0.0.0.0:8000 (335434)
[2026-02-04 16:11:37 +0000] [335434] [INFO] Using worker: sync
[2026-02-04 16:11:37 +0000] [335438] [INFO] Booting worker with pid: 335438
[2026-02-04 16:11:37 +0000] [335439] [INFO] Booting worker with pid: 335439
[2026-02-04 16:11:37 +0000] [335440] [INFO] Booting worker with pid: 335440
[2026-02-04 16:11:37 +0000] [335441] [INFO] Booting worker with pid: 335441
[2026-02-04 16:11:37 +0000] [335460] [INFO] Booting worker with pid: 335460
[2026-02-04 16:11:37 +0000] [335461] [INFO] Booting worker with pid: 335461
[2026-02-04 16:11:37 +0000] [335468] [INFO] Booting worker with pid: 335468
[2026-02-04 16:11:37 +0000] [335469] [INFO] Booting worker with pid: 335469
[2026-02-04 16:12:14 +0000] [335434] [INFO] Handling signal: int
[2026-02-04 16:12:14 +0000] [335441] [INFO] Worker exiting (pid: 335441)
[2026-02-04 16:12:14 +0000] [335438] [INFO] Worker exiting (pid: 335438)
[2026-02-04 16:12:14 +0000] [335440] [INFO] Worker exiting (pid: 335440)
[2026-02-04 16:12:14 +0000] [335439] [INFO] Worker exiting (pid: 335439)
[2026-02-04 16:12:14 +0000] [335468] [INFO] Worker exiting (pid: 335468)
[2026-02-04 16:12:14 +0000] [335460] [INFO] Worker exiting (pid: 335460)
[2026-02-04 16:12:14 +0000] [335469] [INFO] Worker exiting (pid: 335469)
[2026-02-04 16:12:14 +0000] [335461] [INFO] Worker exiting (pid: 335461)
[2026-02-04 16:12:15 +0000] [335434] [INFO] Shutting down: Master
[2026-02-04 17:16:30 +0000] [358226] [INFO] Starting gunicorn 21.2.0
[2026-02-04 17:16:30 +0000] [358226] [INFO] Listening at: http://0.0.0.0:8000 (358226)
[2026-02-04 17:16:30 +0000] [358226] [INFO] Using worker: sync
[2026-02-04 17:16:30 +0000] [358227] [INFO] Booting worker with pid: 358227
[2026-02-04 17:16:30 +0000] [358228] [INFO] Booting worker with pid: 358228
[2026-02-04 17:16:30 +0000] [358229] [INFO] Booting worker with pid: 358229
[2026-02-04 17:16:30 +0000] [358230] [INFO] Booting worker with pid: 358230
[2026-02-04 17:16:30 +0000] [358243] [INFO] Booting worker with pid: 358243
[2026-02-04 17:16:30 +0000] [358244] [INFO] Booting worker with pid: 358244
[2026-02-04 17:16:30 +0000] [358251] [INFO] Booting worker with pid: 358251
[2026-02-04 17:16:30 +0000] [358252] [INFO] Booting worker with pid: 358252
[2026-02-04 17:16:34 +0000] [358226] [INFO] Handling signal: int
[2026-02-04 17:16:34 +0000] [358228] [INFO] Worker exiting (pid: 358228)
[2026-02-04 17:16:34 +0000] [358230] [INFO] Worker exiting (pid: 358230)
[2026-02-04 17:16:34 +0000] [358227] [INFO] Worker exiting (pid: 358227)
[2026-02-04 17:16:34 +0000] [358244] [INFO] Worker exiting (pid: 358244)
[2026-02-04 17:16:34 +0000] [358252] [INFO] Worker exiting (pid: 358252)
[2026-02-04 17:16:34 +0000] [358251] [INFO] Worker exiting (pid: 358251)
[2026-02-04 17:16:34 +0000] [358243] [INFO] Worker exiting (pid: 358243)
[2026-02-04 17:16:34 +0000] [358229] [INFO] Worker exiting (pid: 358229)
[2026-02-04 17:16:34 +0000] [358226] [INFO] Shutting down: Master
[2026-02-04 17:16:43 +0000] [358396] [INFO] Starting gunicorn 21.2.0
[2026-02-04 17:16:43 +0000] [358396] [INFO] Listening at: http://0.0.0.0:10000 (358396)
[2026-02-04 17:16:43 +0000] [358396] [INFO] Using worker: sync
[2026-02-04 17:16:43 +0000] [358398] [INFO] Booting worker with pid: 358398
[2026-02-04 17:16:43 +0000] [358399] [INFO] Booting worker with pid: 358399
[2026-02-04 17:16:43 +0000] [358406] [INFO] Booting worker with pid: 358406
[2026-02-04 17:16:43 +0000] [358419] [INFO] Booting worker with pid: 358419
[2026-02-04 17:16:43 +0000] [358420] [INFO] Booting worker with pid: 358420
[2026-02-04 17:16:43 +0000] [358427] [INFO] Booting worker with pid: 358427
[2026-02-04 17:16:43 +0000] [358428] [INFO] Booting worker with pid: 358428
[2026-02-04 17:16:43 +0000] [358447] [INFO] Booting worker with pid: 358447
[2026-02-04 17:18:29 +0000] [358428] [INFO] Worker exiting (pid: 358428)
[2026-02-04 17:18:29 +0000] [358399] [INFO] Worker exiting (pid: 358399)
[2026-02-04 17:18:29 +0000] [358447] [INFO] Worker exiting (pid: 358447)
[2026-02-04 17:18:29 +0000] [358398] [INFO] Worker exiting (pid: 358398)
[2026-02-04 17:18:29 +0000] [358419] [INFO] Worker exiting (pid: 358419)
[2026-02-04 17:18:29 +0000] [358420] [INFO] Worker exiting (pid: 358420)
[2026-02-04 17:18:29 +0000] [358427] [INFO] Worker exiting (pid: 358427)
[2026-02-04 17:18:29 +0000] [358406] [INFO] Worker exiting (pid: 358406)
[2026-02-04 17:18:29 +0000] [358396] [INFO] Handling signal: term
[2026-02-04 17:18:29 +0000] [358396] [INFO] Shutting down: Master
[2026-02-04 17:22:27 +0000] [359601] [INFO] Starting gunicorn 21.2.0
[2026-02-04 17:22:27 +0000] [359601] [INFO] Listening at: http://0.0.0.0:10000 (359601)
[2026-02-04 17:22:27 +0000] [359601] [INFO] Using worker: sync
[2026-02-04 17:22:27 +0000] [359606] [INFO] Booting worker with pid: 359606
[2026-02-04 17:22:27 +0000] [359607] [INFO] Booting worker with pid: 359607
[2026-02-04 17:22:27 +0000] [359608] [INFO] Booting worker with pid: 359608
[2026-02-04 17:22:27 +0000] [359609] [INFO] Booting worker with pid: 359609
[2026-02-04 17:22:27 +0000] [359610] [INFO] Booting worker with pid: 359610
[2026-02-04 17:22:27 +0000] [359611] [INFO] Booting worker with pid: 359611
[2026-02-04 17:22:27 +0000] [359630] [INFO] Booting worker with pid: 359630
[2026-02-04 17:22:27 +0000] [359631] [INFO] Booting worker with pid: 359631
[2026-02-08 15:10:53 +0000] [359610] [INFO] Worker exiting (pid: 359610)
[2026-02-08 15:10:53 +0000] [359611] [INFO] Worker exiting (pid: 359611)
[2026-02-08 15:10:53 +0000] [359608] [INFO] Worker exiting (pid: 359608)
[2026-02-08 15:10:53 +0000] [359631] [INFO] Worker exiting (pid: 359631)
[2026-02-08 15:10:53 +0000] [359630] [INFO] Worker exiting (pid: 359630)
[2026-02-08 15:10:53 +0000] [359607] [INFO] Worker exiting (pid: 359607)
[2026-02-08 15:10:53 +0000] [359609] [INFO] Worker exiting (pid: 359609)
[2026-02-08 15:10:53 +0000] [359606] [INFO] Worker exiting (pid: 359606)
[2026-02-08 15:10:53 +0000] [359601] [INFO] Handling signal: term
[2026-02-08 15:10:53 +0000] [359601] [ERROR] Worker (pid:359608) was sent SIGTERM!
[2026-02-08 15:10:53 +0000] [359601] [ERROR] Worker (pid:359630) was sent SIGTERM!
[2026-02-08 15:10:53 +0000] [359601] [ERROR] Worker (pid:359610) was sent SIGTERM!
[2026-02-08 15:10:53 +0000] [359601] [ERROR] Worker (pid:359607) was sent SIGTERM!
[2026-02-08 15:10:53 +0000] [359601] [ERROR] Worker (pid:359611) was sent SIGTERM!
[2026-02-08 15:10:53 +0000] [359601] [ERROR] Worker (pid:359631) was sent SIGTERM!
[2026-02-08 15:10:53 +0000] [359601] [INFO] Shutting down: Master
[2026-02-08 15:10:56 +0000] [405354] [INFO] Starting gunicorn 21.2.0
[2026-02-08 15:10:56 +0000] [405354] [INFO] Listening at: http://0.0.0.0:10000 (405354)
[2026-02-08 15:10:56 +0000] [405354] [INFO] Using worker: sync
[2026-02-08 15:10:56 +0000] [405356] [INFO] Booting worker with pid: 405356
[2026-02-08 15:10:56 +0000] [405357] [INFO] Booting worker with pid: 405357
[2026-02-08 15:10:56 +0000] [405364] [INFO] Booting worker with pid: 405364
[2026-02-08 15:10:56 +0000] [405371] [INFO] Booting worker with pid: 405371
[2026-02-08 15:10:56 +0000] [405378] [INFO] Booting worker with pid: 405378
[2026-02-08 15:10:56 +0000] [405379] [INFO] Booting worker with pid: 405379
[2026-02-08 15:10:56 +0000] [405380] [INFO] Booting worker with pid: 405380
[2026-02-08 15:10:56 +0000] [405395] [INFO] Booting worker with pid: 405395
[2026-02-08 15:17:56 +0000] [405379] [INFO] Worker exiting (pid: 405379)
[2026-02-08 15:17:56 +0000] [405378] [INFO] Worker exiting (pid: 405378)
[2026-02-08 15:17:56 +0000] [405395] [INFO] Worker exiting (pid: 405395)
[2026-02-08 15:17:56 +0000] [405356] [INFO] Worker exiting (pid: 405356)
[2026-02-08 15:17:56 +0000] [405371] [INFO] Worker exiting (pid: 405371)
[2026-02-08 15:17:56 +0000] [405354] [INFO] Handling signal: term
[2026-02-08 15:17:56 +0000] [405364] [INFO] Worker exiting (pid: 405364)
[2026-02-08 15:17:56 +0000] [405357] [INFO] Worker exiting (pid: 405357)
[2026-02-08 15:17:56 +0000] [405380] [INFO] Worker exiting (pid: 405380)
[2026-02-08 15:17:56 +0000] [405354] [ERROR] Worker (pid:405378) was sent SIGTERM!
[2026-02-08 15:17:56 +0000] [405354] [ERROR] Worker (pid:405395) was sent SIGTERM!
[2026-02-08 15:17:56 +0000] [405354] [ERROR] Worker (pid:405379) was sent SIGTERM!
[2026-02-08 15:17:56 +0000] [405354] [INFO] Shutting down: Master
[2026-02-08 15:17:58 +0000] [406812] [INFO] Starting gunicorn 21.2.0
[2026-02-08 15:17:58 +0000] [406812] [INFO] Listening at: http://0.0.0.0:10000 (406812)
[2026-02-08 15:17:58 +0000] [406812] [INFO] Using worker: sync
[2026-02-08 15:17:58 +0000] [406814] [INFO] Booting worker with pid: 406814
[2026-02-08 15:17:58 +0000] [406821] [INFO] Booting worker with pid: 406821
[2026-02-08 15:17:58 +0000] [406822] [INFO] Booting worker with pid: 406822
[2026-02-08 15:17:58 +0000] [406829] [INFO] Booting worker with pid: 406829
[2026-02-08 15:17:58 +0000] [406840] [INFO] Booting worker with pid: 406840
[2026-02-08 15:17:58 +0000] [406841] [INFO] Booting worker with pid: 406841
[2026-02-08 15:17:58 +0000] [406854] [INFO] Booting worker with pid: 406854
[2026-02-08 15:17:58 +0000] [406861] [INFO] Booting worker with pid: 406861
[2026-02-08 15:22:27 +0000] [406814] [INFO] Worker exiting (pid: 406814)
[2026-02-08 15:22:27 +0000] [406829] [INFO] Worker exiting (pid: 406829)
[2026-02-08 15:22:27 +0000] [406861] [INFO] Worker exiting (pid: 406861)
[2026-02-08 15:22:27 +0000] [406841] [INFO] Worker exiting (pid: 406841)
[2026-02-08 15:22:27 +0000] [406822] [INFO] Worker exiting (pid: 406822)
[2026-02-08 15:22:27 +0000] [406821] [INFO] Worker exiting (pid: 406821)
[2026-02-08 15:22:27 +0000] [406840] [INFO] Worker exiting (pid: 406840)
[2026-02-08 15:22:27 +0000] [406854] [INFO] Worker exiting (pid: 406854)
[2026-02-08 15:22:27 +0000] [406812] [INFO] Handling signal: term
[2026-02-08 15:22:27 +0000] [406812] [ERROR] Worker (pid:406814) was sent SIGTERM!
[2026-02-08 15:22:27 +0000] [406812] [ERROR] Worker (pid:406854) was sent SIGTERM!
[2026-02-08 15:22:27 +0000] [406812] [ERROR] Worker (pid:406821) was sent SIGTERM!
[2026-02-08 15:22:28 +0000] [406812] [ERROR] Worker (pid:406822) was sent SIGTERM!
[2026-02-08 15:22:28 +0000] [406812] [ERROR] Worker (pid:406829) was sent SIGTERM!
[2026-02-08 15:22:28 +0000] [406812] [ERROR] Worker (pid:406840) was sent SIGTERM!
[2026-02-08 15:22:28 +0000] [406812] [ERROR] Worker (pid:406841) was sent SIGTERM!
[2026-02-08 15:22:28 +0000] [406812] [ERROR] Worker (pid:406861) was sent SIGTERM!
[2026-02-08 15:22:28 +0000] [406812] [INFO] Shutting down: Master
[2026-02-08 15:22:29 +0000] [407863] [INFO] Starting gunicorn 21.2.0
[2026-02-08 15:22:29 +0000] [407863] [INFO] Listening at: http://0.0.0.0:10000 (407863)
[2026-02-08 15:22:29 +0000] [407863] [INFO] Using worker: sync
[2026-02-08 15:22:29 +0000] [407865] [INFO] Booting worker with pid: 407865
[2026-02-08 15:22:29 +0000] [407866] [INFO] Booting worker with pid: 407866
[2026-02-08 15:22:29 +0000] [407873] [INFO] Booting worker with pid: 407873
[2026-02-08 15:22:29 +0000] [407880] [INFO] Booting worker with pid: 407880
[2026-02-08 15:22:29 +0000] [407887] [INFO] Booting worker with pid: 407887
[2026-02-08 15:22:30 +0000] [407900] [INFO] Booting worker with pid: 407900
[2026-02-08 15:22:30 +0000] [407905] [INFO] Booting worker with pid: 407905
[2026-02-08 15:22:30 +0000] [407914] [INFO] Booting worker with pid: 407914
[2026-02-08 15:26:35 +0000] [407887] [INFO] Worker exiting (pid: 407887)
[2026-02-08 15:26:35 +0000] [407865] [INFO] Worker exiting (pid: 407865)
[2026-02-08 15:26:35 +0000] [407873] [INFO] Worker exiting (pid: 407873)
[2026-02-08 15:26:35 +0000] [407905] [INFO] Worker exiting (pid: 407905)
[2026-02-08 15:26:35 +0000] [407880] [INFO] Worker exiting (pid: 407880)
[2026-02-08 15:26:35 +0000] [407866] [INFO] Worker exiting (pid: 407866)
[2026-02-08 15:26:35 +0000] [407900] [INFO] Worker exiting (pid: 407900)
[2026-02-08 15:26:35 +0000] [407914] [INFO] Worker exiting (pid: 407914)
[2026-02-08 15:26:35 +0000] [407863] [INFO] Handling signal: term
[2026-02-08 15:26:35 +0000] [407863] [ERROR] Worker (pid:407866) was sent SIGTERM!
[2026-02-08 15:26:35 +0000] [407863] [ERROR] Worker (pid:407865) was sent SIGTERM!
[2026-02-08 15:26:35 +0000] [407863] [ERROR] Worker (pid:407914) was sent SIGTERM!
[2026-02-08 15:26:35 +0000] [407863] [ERROR] Worker (pid:407873) was sent SIGTERM!
--- Logging error ---
Traceback (most recent call last):
  File "/home/thala_thalapathy/.local/lib/python3.10/site-packages/gunicorn/arbiter.py", line 224, in run
    handler()
  File "/home/thala_thalapathy/.local/lib/python3.10/site-packages/gunicorn/arbiter.py", line 257, in handle_term
    raise StopIteration
StopIteration

During handling of the above exception, another exception occurred:

Traceback (most recent call last):
  File "/usr/lib/python3.10/logging/__init__.py", line 1103, in emit
    stream.write(msg + self.terminator)
RuntimeError: reentrant call inside <_io.BufferedWriter name='<stderr>'>

During handling of the above exception, another exception occurred:

Traceback (most recent call last):
  File "/usr/lib/python3.10/logging/__init__.py", line 1103, in emit
    stream.write(msg + self.terminator)
  File "/home/thala_thalapathy/.local/lib/python3.10/site-packages/gunicorn/arbiter.py", line 242, in handle_chld
    self.reap_workers()
  File "/home/thala_thalapathy/.local/lib/python3.10/site-packages/gunicorn/arbiter.py", line 516, in reap_workers
    wpid, status = os.waitpid(-1, os.WNOHANG)
  File "/home/thala_thalapathy/.local/lib/python3.10/site-packages/gunicorn/arbiter.py", line 242, in handle_chld
    self.reap_workers()
  File "/home/thala_thalapathy/.local/lib/python3.10/site-packages/gunicorn/arbiter.py", line 516, in reap_workers
    wpid, status = os.waitpid(-1, os.WNOHANG)
  File "/home/thala_thalapathy/.local/lib/python3.10/site-packages/gunicorn/arbiter.py", line 242, in handle_chld
    self.reap_workers()
  File "/home/thala_thalapathy/.local/lib/python3.10/site-packages/gunicorn/arbiter.py", line 554, in reap_workers
    self.log.error(msg)
  File "/home/thala_thalapathy/.local/lib/python3.10/site-packages/gunicorn/glogging.py", line 272, in error
    self.error_log.error(msg, *args, **kwargs)
  File "/usr/lib/python3.10/logging/__init__.py", line 1506, in error
    self._log(ERROR, msg, args, **kwargs)
  File "/usr/lib/python3.10/logging/__init__.py", line 1624, in _log
    self.handle(record)
  File "/usr/lib/python3.10/logging/__init__.py", line 1634, in handle
    self.callHandlers(record)
  File "/usr/lib/python3.10/logging/__init__.py", line 1696, in callHandlers
    hdlr.handle(record)
  File "/usr/lib/python3.10/logging/__init__.py", line 968, in handle
    self.emit(record)
  File "/usr/lib/python3.10/logging/__init__.py", line 1108, in emit
    self.handleError(record)
  File "/usr/lib/python3.10/logging/__init__.py", line 1021, in handleError
    sys.stderr.write('--- Logging error ---\n')
RuntimeError: reentrant call inside <_io.BufferedWriter name='<stderr>'>
Call stack:
  File "/home/thala_thalapathy/.local/bin/gunicorn", line 8, in <module>
    sys.exit(run())
  File "/home/thala_thalapathy/.local/lib/python3.10/site-packages/gunicorn/app/wsgiapp.py", line 67, in run
    WSGIApplication("%(prog)s [OPTIONS] [APP_MODULE]").run()
  File "/home/thala_thalapathy/.local/lib/python3.10/site-packages/gunicorn/app/base.py", line 236, in run
    super().run()
  File "/home/thala_thalapathy/.local/lib/python3.10/site-packages/gunicorn/app/base.py", line 72, in run
    Arbiter(self).run()
  File "/home/thala_thalapathy/.local/lib/python3.10/site-packages/gunicorn/arbiter.py", line 227, in run
    self.halt()
  File "/home/thala_thalapathy/.local/lib/python3.10/site-packages/gunicorn/arbiter.py", line 342, in halt
    self.stop()
  File "/home/thala_thalapathy/.local/lib/python3.10/site-packages/gunicorn/arbiter.py", line 396, in stop
    time.sleep(0.1)
  File "/home/thala_thalapathy/.local/lib/python3.10/site-packages/gunicorn/arbiter.py", line 242, in handle_chld
    self.reap_workers()
  File "/home/thala_thalapathy/.local/lib/python3.10/site-packages/gunicorn/arbiter.py", line 559, in reap_workers
    worker.tmp.close()
  File "/home/thala_thalapathy/.local/lib/python3.10/site-packages/gunicorn/workers/workertmp.py", line 55, in close
    return self._tmp.close()
  File "/home/thala_thalapathy/.local/lib/python3.10/site-packages/gunicorn/arbiter.py", line 242, in handle_chld
    self.reap_workers()
  File "/home/thala_thalapathy/.local/lib/python3.10/site-packages/gunicorn/arbiter.py", line 516, in reap_workers
    wpid, status = os.waitpid(-1, os.WNOHANG)
  File "/home/thala_thalapathy/.local/lib/python3.10/site-packages/gunicorn/arbiter.py", line 242, in handle_chld
    self.reap_workers()
  File "/home/thala_thalapathy/.local/lib/python3.10/site-packages/gunicorn/arbiter.py", line 554, in reap_workers
    self.log.error(msg)
  File "/home/thala_thalapathy/.local/lib/python3.10/site-packages/gunicorn/glogging.py", line 272, in error
    self.error_log.error(msg, *args, **kwargs)
Message: 'Worker (pid:407873) was sent SIGTERM!'
Arguments: ()
[2026-02-08 15:26:35 +0000] [407863] [ERROR] Worker (pid:407887) was sent SIGTERM!
[2026-02-08 15:26:37 +0000] [409068] [INFO] Starting gunicorn 21.2.0
[2026-02-08 15:26:37 +0000] [409068] [INFO] Listening at: http://0.0.0.0:10000 (409068)
[2026-02-08 15:26:37 +0000] [409068] [INFO] Using worker: sync
[2026-02-08 15:26:37 +0000] [409070] [INFO] Booting worker with pid: 409070
[2026-02-08 15:26:37 +0000] [409071] [INFO] Booting worker with pid: 409071
[2026-02-08 15:26:37 +0000] [409072] [INFO] Booting worker with pid: 409072
[2026-02-08 15:26:37 +0000] [409085] [INFO] Booting worker with pid: 409085
[2026-02-08 15:26:37 +0000] [409105] [INFO] Booting worker with pid: 409105
[2026-02-08 15:26:37 +0000] [409114] [INFO] Booting worker with pid: 409114
[2026-02-08 15:26:37 +0000] [409116] [INFO] Booting worker with pid: 409116
[2026-02-08 15:26:37 +0000] [409117] [INFO] Booting worker with pid: 409117
[2026-02-08 15:27:05 +0000] [407863] [INFO] Shutting down: Master
[2026-02-08 15:28:11 +0000] [409105] [INFO] Worker exiting (pid: 409105)
[2026-02-08 15:28:11 +0000] [409072] [INFO] Worker exiting (pid: 409072)
[2026-02-08 15:28:11 +0000] [409114] [INFO] Worker exiting (pid: 409114)
[2026-02-08 15:28:11 +0000] [409116] [INFO] Worker exiting (pid: 409116)
[2026-02-08 15:28:11 +0000] [409070] [INFO] Worker exiting (pid: 409070)
[2026-02-08 15:28:11 +0000] [409117] [INFO] Worker exiting (pid: 409117)
[2026-02-08 15:28:11 +0000] [409085] [INFO] Worker exiting (pid: 409085)
[2026-02-08 15:28:11 +0000] [409071] [INFO] Worker exiting (pid: 409071)
[2026-02-08 15:28:11 +0000] [409068] [INFO] Handling signal: term
[2026-02-08 15:28:11 +0000] [409068] [ERROR] Worker (pid:409070) was sent SIGTERM!
[2026-02-08 15:28:11 +0000] [409068] [ERROR] Worker (pid:409117) was sent SIGTERM!
[2026-02-08 15:28:11 +0000] [409068] [ERROR] Worker (pid:409105) was sent SIGTERM!
[2026-02-08 15:28:11 +0000] [409068] [ERROR] Worker (pid:409114) was sent SIGTERM!
[2026-02-08 15:28:11 +0000] [409068] [ERROR] Worker (pid:409116) was sent SIGTERM!
[2026-02-08 15:28:11 +0000] [409068] [ERROR] Worker (pid:409072) was sent SIGTERM!
[2026-02-08 15:28:11 +0000] [409068] [INFO] Shutting down: Master
[2026-02-08 15:28:13 +0000] [409605] [INFO] Starting gunicorn 21.2.0
[2026-02-08 15:28:13 +0000] [409605] [INFO] Listening at: http://0.0.0.0:10000 (409605)
[2026-02-08 15:28:13 +0000] [409605] [INFO] Using worker: sync
[2026-02-08 15:28:13 +0000] [409607] [INFO] Booting worker with pid: 409607
[2026-02-08 15:28:13 +0000] [409608] [INFO] Booting worker with pid: 409608
[2026-02-08 15:28:13 +0000] [409609] [INFO] Booting worker with pid: 409609
[2026-02-08 15:28:13 +0000] [409622] [INFO] Booting worker with pid: 409622
[2026-02-08 15:28:13 +0000] [409629] [INFO] Booting worker with pid: 409629
[2026-02-08 15:28:14 +0000] [409636] [INFO] Booting worker with pid: 409636
[2026-02-08 15:28:14 +0000] [409637] [INFO] Booting worker with pid: 409637
[2026-02-08 15:28:14 +0000] [409638] [INFO] Booting worker with pid: 409638
[2026-02-08 16:17:30 +0000] [409608] [INFO] Worker exiting (pid: 409608)
[2026-02-08 16:17:30 +0000] [409638] [INFO] Worker exiting (pid: 409638)
[2026-02-08 16:17:30 +0000] [409622] [INFO] Worker exiting (pid: 409622)
[2026-02-08 16:17:30 +0000] [409637] [INFO] Worker exiting (pid: 409637)
[2026-02-08 16:17:30 +0000] [409629] [INFO] Worker exiting (pid: 409629)
[2026-02-08 16:17:30 +0000] [409609] [INFO] Worker exiting (pid: 409609)
[2026-02-08 16:17:30 +0000] [409607] [INFO] Worker exiting (pid: 409607)
[2026-02-08 16:17:30 +0000] [409636] [INFO] Worker exiting (pid: 409636)
[2026-02-08 16:17:30 +0000] [409605] [INFO] Handling signal: term
[2026-02-08 16:17:30 +0000] [409605] [ERROR] Worker (pid:409608) was sent SIGTERM!
[2026-02-08 16:17:30 +0000] [409605] [ERROR] Worker (pid:409607) was sent SIGTERM!
[2026-02-08 16:17:30 +0000] [409605] [ERROR] Worker (pid:409622) was sent SIGTERM!
[2026-02-08 16:17:30 +0000] [409605] [ERROR] Worker (pid:409629) was sent SIGTERM!
[2026-02-08 16:17:30 +0000] [409605] [ERROR] Worker (pid:409637) was sent SIGTERM!
[2026-02-08 16:17:30 +0000] [409605] [ERROR] Worker (pid:409638) was sent SIGTERM!
[2026-02-08 16:17:30 +0000] [409605] [ERROR] Worker (pid:409636) was sent SIGTERM!
[2026-02-08 16:17:30 +0000] [409605] [ERROR] Worker (pid:409609) was sent SIGTERM!
[2026-02-08 16:17:30 +0000] [409605] [INFO] Shutting down: Master
[2026-02-08 16:21:59 +0000] [429711] [INFO] Starting gunicorn 21.2.0
[2026-02-08 16:21:59 +0000] [429711] [INFO] Listening at: http://0.0.0.0:10000 (429711)
[2026-02-08 16:21:59 +0000] [429711] [INFO] Using worker: sync
[2026-02-08 16:21:59 +0000] [429713] [INFO] Booting worker with pid: 429713
[2026-02-08 16:21:59 +0000] [429714] [INFO] Booting worker with pid: 429714
[2026-02-08 16:21:59 +0000] [429715] [INFO] Booting worker with pid: 429715
[2026-02-08 16:21:59 +0000] [429719] [INFO] Booting worker with pid: 429719
[2026-02-08 16:21:59 +0000] [429729] [INFO] Booting worker with pid: 429729
[2026-02-08 16:22:00 +0000] [429748] [INFO] Booting worker with pid: 429748
[2026-02-08 16:22:00 +0000] [429755] [INFO] Booting worker with pid: 429755
[2026-02-08 16:22:00 +0000] [429756] [INFO] Booting worker with pid: 429756
[2026-02-08 16:26:23 +0000] [429748] [INFO] Worker exiting (pid: 429748)
[2026-02-08 16:26:23 +0000] [429715] [INFO] Worker exiting (pid: 429715)
[2026-02-08 16:26:23 +0000] [429729] [INFO] Worker exiting (pid: 429729)
[2026-02-08 16:26:23 +0000] [429755] [INFO] Worker exiting (pid: 429755)
[2026-02-08 16:26:23 +0000] [429713] [INFO] Worker exiting (pid: 429713)
[2026-02-08 16:26:23 +0000] [429719] [INFO] Worker exiting (pid: 429719)
[2026-02-08 16:26:23 +0000] [429714] [INFO] Worker exiting (pid: 429714)
[2026-02-08 16:26:23 +0000] [429756] [INFO] Worker exiting (pid: 429756)
[2026-02-08 16:26:23 +0000] [429711] [INFO] Handling signal: term
[2026-02-08 16:26:23 +0000] [429711] [ERROR] Worker (pid:429715) was sent SIGTERM!
[2026-02-08 16:26:23 +0000] [429711] [ERROR] Worker (pid:429719) was sent SIGTERM!
[2026-02-08 16:26:23 +0000] [429711] [ERROR] Worker (pid:429729) was sent SIGTERM!
[2026-02-08 16:26:23 +0000] [429711] [ERROR] Worker (pid:429756) was sent SIGTERM!
[2026-02-08 16:26:23 +0000] [429711] [ERROR] Worker (pid:429714) was sent SIGTERM!
[2026-02-08 16:26:23 +0000] [429711] [ERROR] Worker (pid:429713) was sent SIGTERM!
[2026-02-08 16:26:23 +0000] [429711] [ERROR] Worker (pid:429748) was sent SIGTERM!
[2026-02-08 16:26:23 +0000] [429711] [ERROR] Worker (pid:429755) was sent SIGTERM!
[2026-02-08 16:26:24 +0000] [429711] [INFO] Shutting down: Master
[2026-02-08 16:28:48 +0000] [431618] [INFO] Starting gunicorn 21.2.0
[2026-02-08 16:28:48 +0000] [431618] [INFO] Listening at: http://0.0.0.0:10000 (431618)
[2026-02-08 16:28:48 +0000] [431618] [INFO] Using worker: sync
[2026-02-08 16:28:48 +0000] [431620] [INFO] Booting worker with pid: 431620
[2026-02-08 16:28:48 +0000] [431621] [INFO] Booting worker with pid: 431621
[2026-02-08 16:28:48 +0000] [431622] [INFO] Booting worker with pid: 431622
[2026-02-08 16:28:48 +0000] [431638] [INFO] Booting worker with pid: 431638
[2026-02-08 16:28:48 +0000] [431639] [INFO] Booting worker with pid: 431639
[2026-02-08 16:28:48 +0000] [431646] [INFO] Booting worker with pid: 431646
[2026-02-08 16:28:48 +0000] [431647] [INFO] Booting worker with pid: 431647
[2026-02-08 16:28:48 +0000] [431660] [INFO] Booting worker with pid: 431660
[2026-02-08 17:00:01 +0000] [431620] [INFO] Worker exiting (pid: 431620)
[2026-02-08 17:00:01 +0000] [431621] [INFO] Worker exiting (pid: 431621)
[2026-02-08 17:00:01 +0000] [431638] [INFO] Worker exiting (pid: 431638)
[2026-02-08 17:00:01 +0000] [431639] [INFO] Worker exiting (pid: 431639)
[2026-02-08 17:00:01 +0000] [431622] [INFO] Worker exiting (pid: 431622)
[2026-02-08 17:00:01 +0000] [431646] [INFO] Worker exiting (pid: 431646)
[2026-02-08 17:00:01 +0000] [431660] [INFO] Worker exiting (pid: 431660)
[2026-02-08 17:00:01 +0000] [431647] [INFO] Worker exiting (pid: 431647)
[2026-02-08 17:00:01 +0000] [431618] [INFO] Handling signal: term
[2026-02-08 17:00:01 +0000] [431618] [ERROR] Worker (pid:431620) was sent SIGTERM!
[2026-02-08 17:00:01 +0000] [431618] [ERROR] Worker (pid:431621) was sent SIGTERM!
[2026-02-08 17:00:01 +0000] [431618] [ERROR] Worker (pid:431639) was sent SIGTERM!
[2026-02-08 17:00:01 +0000] [431618] [ERROR] Worker (pid:431647) was sent SIGTERM!
[2026-02-08 17:00:01 +0000] [431618] [ERROR] Worker (pid:431622) was sent SIGTERM!
[2026-02-08 17:00:01 +0000] [431618] [ERROR] Worker (pid:431660) was sent SIGTERM!
[2026-02-08 17:00:01 +0000] [431618] [ERROR] Worker (pid:431638) was sent SIGTERM!
[2026-02-08 17:00:01 +0000] [431618] [ERROR] Worker (pid:431646) was sent SIGTERM!
[2026-02-08 17:00:01 +0000] [431618] [INFO] Shutting down: Master
[2026-02-08 18:29:41 +0000] [459771] [INFO] Starting gunicorn 21.2.0
[2026-02-08 18:29:41 +0000] [459771] [INFO] Listening at: http://0.0.0.0:10000 (459771)
[2026-02-08 18:29:41 +0000] [459771] [INFO] Using worker: sync
[2026-02-08 18:29:41 +0000] [459773] [INFO] Booting worker with pid: 459773
[2026-02-08 18:29:41 +0000] [459774] [INFO] Booting worker with pid: 459774
[2026-02-08 18:29:41 +0000] [459775] [INFO] Booting worker with pid: 459775
[2026-02-08 18:29:41 +0000] [459776] [INFO] Booting worker with pid: 459776
[2026-02-08 18:29:41 +0000] [459783] [INFO] Booting worker with pid: 459783
[2026-02-08 18:29:41 +0000] [459784] [INFO] Booting worker with pid: 459784
[2026-02-08 18:29:41 +0000] [459803] [INFO] Booting worker with pid: 459803
[2026-02-08 18:29:41 +0000] [459810] [INFO] Booting worker with pid: 459810
[2026-02-08 18:34:49 +0000] [459803] [INFO] Worker exiting (pid: 459803)
[2026-02-08 18:34:49 +0000] [459783] [INFO] Worker exiting (pid: 459783)
[2026-02-08 18:34:49 +0000] [459773] [INFO] Worker exiting (pid: 459773)
[2026-02-08 18:34:49 +0000] [459775] [INFO] Worker exiting (pid: 459775)
[2026-02-08 18:34:49 +0000] [459784] [INFO] Worker exiting (pid: 459784)
[2026-02-08 18:34:49 +0000] [459776] [INFO] Worker exiting (pid: 459776)
[2026-02-08 18:34:49 +0000] [459810] [INFO] Worker exiting (pid: 459810)
[2026-02-08 18:34:49 +0000] [459774] [INFO] Worker exiting (pid: 459774)
[2026-02-08 18:34:49 +0000] [459771] [INFO] Handling signal: term
[2026-02-08 18:34:49 +0000] [459771] [ERROR] Worker (pid:459803) was sent SIGTERM!
--- Logging error ---
[2026-02-08 18:34:49 +0000] [459771] [ERROR] Worker (pid:459773) was sent SIGTERM!
[2026-02-08 18:34:49 +0000] [459771] [ERROR] Worker (pid:459783) was sent SIGTERM!
Traceback (most recent call last):
  File "/home/thala_thalapathy/.local/lib/python3.10/site-packages/gunicorn/arbiter.py", line 224, in run
    handler()
  File "/home/thala_thalapathy/.local/lib/python3.10/site-packages/gunicorn/arbiter.py", line 257, in handle_term
    raise StopIteration
StopIteration

During handling of the above exception, another exception occurred:

Traceback (most recent call last):
  File "/usr/lib/python3.10/logging/__init__.py", line 1103, in emit
    stream.write(msg + self.terminator)
RuntimeError: reentrant call inside <_io.BufferedWriter name='<stderr>'>

During handling of the above exception, another exception occurred:

Traceback (most recent call last):
  File "/usr/lib/python3.10/logging/__init__.py", line 1103, in emit
    stream.write(msg + self.terminator)
  File "/home/thala_thalapathy/.local/lib/python3.10/site-packages/gunicorn/arbiter.py", line 242, in handle_chld
    self.reap_workers()
  File "/home/thala_thalapathy/.local/lib/python3.10/site-packages/gunicorn/arbiter.py", line 554, in reap_workers
    self.log.error(msg)
  File "/home/thala_thalapathy/.local/lib/python3.10/site-packages/gunicorn/glogging.py", line 272, in error
    self.error_log.error(msg, *args, **kwargs)
  File "/usr/lib/python3.10/logging/__init__.py", line 1506, in error
    self._log(ERROR, msg, args, **kwargs)
  File "/usr/lib/python3.10/logging/__init__.py", line 1624, in _log
    self.handle(record)
  File "/usr/lib/python3.10/logging/__init__.py", line 1634, in handle
    self.callHandlers(record)
  File "/usr/lib/python3.10/logging/__init__.py", line 1696, in callHandlers
    hdlr.handle(record)
  File "/usr/lib/python3.10/logging/__init__.py", line 968, in handle
    self.emit(record)
  File "/usr/lib/python3.10/logging/__init__.py", line 1108, in emit
    self.handleError(record)
  File "/usr/lib/python3.10/logging/__init__.py", line 1021, in handleError
    sys.stderr.write('--- Logging error ---\n')
RuntimeError: reentrant call inside <_io.BufferedWriter name='<stderr>'>
Call stack:
  File "/home/thala_thalapathy/.local/bin/gunicorn", line 8, in <module>
    sys.exit(run())
  File "/home/thala_thalapathy/.local/lib/python3.10/site-packages/gunicorn/app/wsgiapp.py", line 67, in run
    WSGIApplication("%(prog)s [OPTIONS] [APP_MODULE]").run()
  File "/home/thala_thalapathy/.local/lib/python3.10/site-packages/gunicorn/app/base.py", line 236, in run
    super().run()
  File "/home/thala_thalapathy/.local/lib/python3.10/site-packages/gunicorn/app/base.py", line 72, in run
    Arbiter(self).run()
  File "/home/thala_thalapathy/.local/lib/python3.10/site-packages/gunicorn/arbiter.py", line 227, in run
    self.halt()
  File "/home/thala_thalapathy/.local/lib/python3.10/site-packages/gunicorn/arbiter.py", line 342, in halt
    self.stop()
  File "/home/thala_thalapathy/.local/lib/python3.10/site-packages/gunicorn/arbiter.py", line 396, in stop
    time.sleep(0.1)
  File "/home/thala_thalapathy/.local/lib/python3.10/site-packages/gunicorn/arbiter.py", line 242, in handle_chld
    self.reap_workers()
  File "/home/thala_thalapathy/.local/lib/python3.10/site-packages/gunicorn/arbiter.py", line 528, in reap_workers
    if exitcode == self.WORKER_BOOT_ERROR:
  File "/home/thala_thalapathy/.local/lib/python3.10/site-packages/gunicorn/arbiter.py", line 242, in handle_chld
    self.reap_workers()
  File "/home/thala_thalapathy/.local/lib/python3.10/site-packages/gunicorn/arbiter.py", line 554, in reap_workers
    self.log.error(msg)
  File "/home/thala_thalapathy/.local/lib/python3.10/site-packages/gunicorn/glogging.py", line 272, in error
    self.error_log.error(msg, *args, **kwargs)
  File "/usr/lib/python3.10/logging/__init__.py", line 1496, in error
    def error(self, msg, *args, **kwargs):
  File "/home/thala_thalapathy/.local/lib/python3.10/site-packages/gunicorn/arbiter.py", line 242, in handle_chld
    self.reap_workers()
  File "/home/thala_thalapathy/.local/lib/python3.10/site-packages/gunicorn/arbiter.py", line 554, in reap_workers
    self.log.error(msg)
  File "/home/thala_thalapathy/.local/lib/python3.10/site-packages/gunicorn/glogging.py", line 272, in error
    self.error_log.error(msg, *args, **kwargs)
Message: 'Worker (pid:459803) was sent SIGTERM!'
Arguments: ()
[2026-02-08 18:34:49 +0000] [459771] [ERROR] Worker (pid:459776) was sent SIGTERM!
[2026-02-08 18:34:49 +0000] [459771] [ERROR] Worker (pid:459784) was sent SIGTERM!
[2026-02-08 18:34:49 +0000] [459771] [ERROR] Worker (pid:459775) was sent SIGTERM!
[2026-02-08 18:34:52 +0000] [460839] [INFO] Starting gunicorn 21.2.0
[2026-02-08 18:34:52 +0000] [460839] [INFO] Listening at: http://0.0.0.0:10000 (460839)
[2026-02-08 18:34:52 +0000] [460839] [INFO] Using worker: sync
[2026-02-08 18:34:52 +0000] [460841] [INFO] Booting worker with pid: 460841
[2026-02-08 18:34:52 +0000] [460842] [INFO] Booting worker with pid: 460842
[2026-02-08 18:34:52 +0000] [460849] [INFO] Booting worker with pid: 460849
[2026-02-08 18:34:52 +0000] [460856] [INFO] Booting worker with pid: 460856
[2026-02-08 18:34:53 +0000] [460876] [INFO] Booting worker with pid: 460876
[2026-02-08 18:34:53 +0000] [460880] [INFO] Booting worker with pid: 460880
[2026-02-08 18:34:53 +0000] [460887] [INFO] Booting worker with pid: 460887
[2026-02-08 18:34:53 +0000] [460888] [INFO] Booting worker with pid: 460888
[2026-02-08 18:35:19 +0000] [459771] [INFO] Shutting down: Master
[2026-02-12 17:12:55 +0000] [460849] [INFO] Worker exiting (pid: 460849)
[2026-02-12 17:12:55 +0000] [460856] [INFO] Worker exiting (pid: 460856)
[2026-02-12 17:12:55 +0000] [460839] [INFO] Handling signal: term
[2026-02-12 17:12:55 +0000] [460842] [INFO] Worker exiting (pid: 460842)
[2026-02-12 17:12:55 +0000] [460888] [INFO] Worker exiting (pid: 460888)
[2026-02-12 17:12:55 +0000] [460876] [INFO] Worker exiting (pid: 460876)
[2026-02-12 17:12:55 +0000] [460841] [INFO] Worker exiting (pid: 460841)
[2026-02-12 17:12:55 +0000] [460880] [INFO] Worker exiting (pid: 460880)
[2026-02-12 17:12:55 +0000] [460887] [INFO] Worker exiting (pid: 460887)
DATABASE SAVE ERROR: insert or update on table "attempts" violates foreign key constraint "attempts_question_id_fkey"
DETAIL:  Key (question_id)=(1) is not present in table "questions".

[2026-02-12 17:12:56 +0000] [460839] [INFO] Shutting down: Master
[2026-02-12 17:25:56 +0000] [509968] [INFO] Starting gunicorn 21.2.0
[2026-02-12 17:25:56 +0000] [509968] [INFO] Listening at: http://0.0.0.0:10000 (509968)
[2026-02-12 17:25:56 +0000] [509968] [INFO] Using worker: sync
[2026-02-12 17:25:56 +0000] [509973] [INFO] Booting worker with pid: 509973
[2026-02-12 17:25:56 +0000] [509974] [INFO] Booting worker with pid: 509974
[2026-02-12 17:25:56 +0000] [509975] [INFO] Booting worker with pid: 509975
[2026-02-12 17:25:56 +0000] [509991] [INFO] Booting worker with pid: 509991
[2026-02-12 17:25:56 +0000] [509995] [INFO] Booting worker with pid: 509995
[2026-02-12 17:25:56 +0000] [510002] [INFO] Booting worker with pid: 510002
[2026-02-12 17:25:56 +0000] [510003] [INFO] Booting worker with pid: 510003
[2026-02-12 17:25:56 +0000] [510016] [INFO] Booting worker with pid: 510016
[2026-02-12 17:28:38 +0000] [509973] [INFO] Worker exiting (pid: 509973)
[2026-02-12 17:28:38 +0000] [510002] [INFO] Worker exiting (pid: 510002)
[2026-02-12 17:28:38 +0000] [510003] [INFO] Worker exiting (pid: 510003)
[2026-02-12 17:28:38 +0000] [509995] [INFO] Worker exiting (pid: 509995)
[2026-02-12 17:28:38 +0000] [509974] [INFO] Worker exiting (pid: 509974)
[2026-02-12 17:28:38 +0000] [509975] [INFO] Worker exiting (pid: 509975)
[2026-02-12 17:28:38 +0000] [509968] [INFO] Handling signal: term
[2026-02-12 17:28:38 +0000] [509991] [INFO] Worker exiting (pid: 509991)
[2026-02-12 17:28:38 +0000] [510016] [INFO] Worker exiting (pid: 510016)
[2026-02-12 17:28:38 +0000] [509968] [ERROR] Worker (pid:510002) was sent SIGTERM!
[2026-02-12 17:28:38 +0000] [509968] [ERROR] Worker (pid:509974) was sent SIGTERM!
[2026-02-12 17:28:38 +0000] [509968] [ERROR] Worker (pid:510003) was sent SIGTERM!
[2026-02-12 17:28:38 +0000] [509968] [ERROR] Worker (pid:509995) was sent SIGTERM!
[2026-02-12 17:28:38 +0000] [509968] [ERROR] Worker (pid:509973) was sent SIGTERM!
[2026-02-12 17:28:38 +0000] [509968] [ERROR] Worker (pid:509975) was sent SIGTERM!
[2026-02-12 17:28:38 +0000] [509968] [INFO] Shutting down: Master
[2026-02-12 17:30:46 +0000] [511152] [INFO] Starting gunicorn 21.2.0
[2026-02-12 17:30:46 +0000] [511152] [INFO] Listening at: http://0.0.0.0:10000 (511152)
[2026-02-12 17:30:46 +0000] [511152] [INFO] Using worker: sync
[2026-02-12 17:30:46 +0000] [511154] [INFO] Booting worker with pid: 511154
[2026-02-12 17:30:46 +0000] [511155] [INFO] Booting worker with pid: 511155
[2026-02-12 17:30:46 +0000] [511162] [INFO] Booting worker with pid: 511162
[2026-02-12 17:30:46 +0000] [511169] [INFO] Booting worker with pid: 511169
[2026-02-12 17:30:46 +0000] [511176] [INFO] Booting worker with pid: 511176
[2026-02-12 17:30:46 +0000] [511177] [INFO] Booting worker with pid: 511177
[2026-02-12 17:30:46 +0000] [511180] [INFO] Booting worker with pid: 511180
[2026-02-12 17:30:46 +0000] [511195] [INFO] Booting worker with pid: 511195
[2026-02-15 17:03:42 +0000] [511154] [INFO] Worker exiting (pid: 511154)
[2026-02-15 17:03:42 +0000] [511177] [INFO] Worker exiting (pid: 511177)
[2026-02-15 17:03:42 +0000] [511169] [INFO] Worker exiting (pid: 511169)
[2026-02-15 17:03:42 +0000] [511162] [INFO] Worker exiting (pid: 511162)
[2026-02-15 17:03:42 +0000] [511155] [INFO] Worker exiting (pid: 511155)
[2026-02-15 17:03:42 +0000] [511180] [INFO] Worker exiting (pid: 511180)
[2026-02-15 17:03:42 +0000] [511152] [INFO] Handling signal: term
[2026-02-15 17:03:42 +0000] [511195] [INFO] Worker exiting (pid: 511195)
[2026-02-15 17:03:42 +0000] [511176] [INFO] Worker exiting (pid: 511176)
[2026-02-15 17:03:42 +0000] [511152] [ERROR] Worker (pid:511162) was sent SIGTERM!
[2026-02-15 17:03:43 +0000] [511152] [INFO] Shutting down: Master
[2026-02-15 17:12:32 +0000] [520022] [INFO] Starting gunicorn 21.2.0
[2026-02-15 17:12:32 +0000] [520022] [INFO] Listening at: http://0.0.0.0:10000 (520022)
[2026-02-15 17:12:32 +0000] [520022] [INFO] Using worker: sync
[2026-02-15 17:12:32 +0000] [520027] [INFO] Booting worker with pid: 520027
[2026-02-15 17:12:33 +0000] [520028] [INFO] Booting worker with pid: 520028
[2026-02-15 17:12:33 +0000] [520035] [INFO] Booting worker with pid: 520035
[2026-02-15 17:12:33 +0000] [520042] [INFO] Booting worker with pid: 520042
[2026-02-15 17:12:33 +0000] [520049] [INFO] Booting worker with pid: 520049
[2026-02-15 17:12:33 +0000] [520056] [INFO] Booting worker with pid: 520056
[2026-02-15 17:12:33 +0000] [520063] [INFO] Booting worker with pid: 520063
[2026-02-15 17:12:33 +0000] [520070] [INFO] Booting worker with pid: 520070
[2026-02-19 14:58:16 +0000] [520056] [INFO] Worker exiting (pid: 520056)
[2026-02-19 14:58:16 +0000] [520063] [INFO] Worker exiting (pid: 520063)
[2026-02-19 14:58:16 +0000] [520028] [INFO] Worker exiting (pid: 520028)
[2026-02-19 14:58:16 +0000] [520035] [INFO] Worker exiting (pid: 520035)
[2026-02-19 14:58:16 +0000] [520042] [INFO] Worker exiting (pid: 520042)
[2026-02-19 14:58:16 +0000] [520070] [INFO] Worker exiting (pid: 520070)
[2026-02-19 14:58:16 +0000] [520049] [INFO] Worker exiting (pid: 520049)
[2026-02-19 14:58:16 +0000] [520027] [INFO] Worker exiting (pid: 520027)
[2026-02-19 14:58:16 +0000] [520022] [INFO] Handling signal: term
[2026-02-19 14:58:16 +0000] [520022] [ERROR] Worker (pid:520028) was sent SIGTERM!
[2026-02-19 14:58:16 +0000] [520022] [ERROR] Worker (pid:520049) was sent SIGTERM!
[2026-02-19 14:58:16 +0000] [520022] [ERROR] Worker (pid:520027) was sent SIGTERM!
[2026-02-19 14:58:16 +0000] [520022] [ERROR] Worker (pid:520070) was sent SIGTERM!
[2026-02-19 14:58:16 +0000] [520022] [ERROR] Worker (pid:520063) was sent SIGTERM!
[2026-02-19 14:58:16 +0000] [520022] [ERROR] Worker (pid:520056) was sent SIGTERM!
[2026-02-19 14:58:16 +0000] [520022] [ERROR] Worker (pid:520035) was sent SIGTERM!
[2026-02-19 14:58:16 +0000] [520022] [ERROR] Worker (pid:520042) was sent SIGTERM!
[2026-02-19 14:58:16 +0000] [520022] [INFO] Shutting down: Master
[2026-02-19 18:02:10 +0000] [763875] [INFO] Starting gunicorn 21.2.0
[2026-02-19 18:02:10 +0000] [763875] [INFO] Listening at: http://0.0.0.0:10000 (763875)
[2026-02-19 18:02:10 +0000] [763875] [INFO] Using worker: sync
[2026-02-19 18:02:10 +0000] [763877] [INFO] Booting worker with pid: 763877
[2026-02-19 18:02:10 +0000] [763878] [INFO] Booting worker with pid: 763878
[2026-02-19 18:02:10 +0000] [763891] [INFO] Booting worker with pid: 763891
[2026-02-19 18:02:10 +0000] [763892] [INFO] Booting worker with pid: 763892
[2026-02-19 18:02:10 +0000] [763899] [INFO] Booting worker with pid: 763899
[2026-02-19 18:02:10 +0000] [763900] [INFO] Booting worker with pid: 763900
[2026-02-19 18:02:10 +0000] [763907] [INFO] Booting worker with pid: 763907
[2026-02-19 18:02:10 +0000] [763920] [INFO] Booting worker with pid: 763920
[2026-02-27 15:34:14 +0000] [763899] [INFO] Worker exiting (pid: 763899)
[2026-02-27 15:34:14 +0000] [763900] [INFO] Worker exiting (pid: 763900)
[2026-02-27 15:34:14 +0000] [763892] [INFO] Worker exiting (pid: 763892)
[2026-02-27 15:34:14 +0000] [763891] [INFO] Worker exiting (pid: 763891)
[2026-02-27 15:34:14 +0000] [763920] [INFO] Worker exiting (pid: 763920)
[2026-02-27 15:34:14 +0000] [763907] [INFO] Worker exiting (pid: 763907)
[2026-02-27 15:34:14 +0000] [763878] [INFO] Worker exiting (pid: 763878)
[2026-02-27 15:34:14 +0000] [763877] [INFO] Worker exiting (pid: 763877)
[2026-02-27 15:34:14 +0000] [763875] [INFO] Handling signal: term
[2026-02-27 15:34:14 +0000] [763875] [ERROR] Worker (pid:763900) was sent SIGTERM!
[2026-02-27 15:34:14 +0000] [763875] [ERROR] Worker (pid:763907) was sent SIGTERM!
[2026-02-27 15:34:14 +0000] [763875] [ERROR] Worker (pid:763920) was sent SIGTERM!
[2026-02-27 15:34:14 +0000] [763875] [ERROR] Worker (pid:763899) was sent SIGTERM!
[2026-02-27 15:34:14 +0000] [763875] [ERROR] Worker (pid:763892) was sent SIGTERM!
[2026-02-27 15:34:14 +0000] [763875] [ERROR] Worker (pid:763878) was sent SIGTERM!
[2026-02-27 15:34:14 +0000] [763875] [ERROR] Worker (pid:763877) was sent SIGTERM!
[2026-02-27 15:34:14 +0000] [763875] [ERROR] Worker (pid:763891) was sent SIGTERM!
[2026-02-27 15:34:14 +0000] [763875] [INFO] Shutting down: Master
[2026-02-27 15:34:35 +0000] [1357143] [INFO] Starting gunicorn 21.2.0
[2026-02-27 15:34:35 +0000] [1357143] [INFO] Listening at: http://0.0.0.0:10000 (1357143)
[2026-02-27 15:34:35 +0000] [1357143] [INFO] Using worker: sync
[2026-02-27 15:34:35 +0000] [1357148] [INFO] Booting worker with pid: 1357148
[2026-02-27 15:34:35 +0000] [1357152] [INFO] Booting worker with pid: 1357152
[2026-02-27 15:34:35 +0000] [1357162] [INFO] Booting worker with pid: 1357162
[2026-02-27 15:34:35 +0000] [1357175] [INFO] Booting worker with pid: 1357175
[2026-02-27 15:34:35 +0000] [1357182] [INFO] Booting worker with pid: 1357182
[2026-02-27 15:34:35 +0000] [1357189] [INFO] Booting worker with pid: 1357189
[2026-02-27 15:34:35 +0000] [1357190] [INFO] Booting worker with pid: 1357190
[2026-02-27 15:34:35 +0000] [1357191] [INFO] Booting worker with pid: 1357191
[2026-02-27 15:38:39 +0000] [1357182] [INFO] Worker exiting (pid: 1357182)
[2026-02-27 15:38:39 +0000] [1357162] [INFO] Worker exiting (pid: 1357162)
[2026-02-27 15:38:39 +0000] [1357191] [INFO] Worker exiting (pid: 1357191)
[2026-02-27 15:38:39 +0000] [1357175] [INFO] Worker exiting (pid: 1357175)
[2026-02-27 15:38:39 +0000] [1357152] [INFO] Worker exiting (pid: 1357152)
[2026-02-27 15:38:39 +0000] [1357189] [INFO] Worker exiting (pid: 1357189)
[2026-02-27 15:38:39 +0000] [1357190] [INFO] Worker exiting (pid: 1357190)
[2026-02-27 15:38:39 +0000] [1357148] [INFO] Worker exiting (pid: 1357148)
[2026-02-27 15:38:39 +0000] [1357143] [INFO] Handling signal: term
[2026-02-27 15:38:39 +0000] [1357143] [ERROR] Worker (pid:1357191) was sent SIGTERM!
[2026-02-27 15:38:39 +0000] [1357143] [ERROR] Worker (pid:1357152) was sent SIGTERM!
[2026-02-27 15:38:39 +0000] [1357143] [ERROR] Worker (pid:1357189) was sent SIGTERM!
[2026-02-27 15:38:39 +0000] [1357143] [ERROR] Worker (pid:1357175) was sent SIGTERM!
[2026-02-27 15:38:39 +0000] [1357143] [ERROR] Worker (pid:1357162) was sent SIGTERM!
[2026-02-27 15:38:39 +0000] [1357143] [ERROR] Worker (pid:1357190) was sent SIGTERM!
[2026-02-27 15:38:39 +0000] [1357143] [ERROR] Worker (pid:1357182) was sent SIGTERM!
[2026-02-27 15:38:39 +0000] [1357143] [INFO] Shutting down: Master
[2026-02-27 15:38:41 +0000] [1359014] [INFO] Starting gunicorn 21.2.0
[2026-02-27 15:38:41 +0000] [1359014] [INFO] Listening at: http://0.0.0.0:10000 (1359014)
[2026-02-27 15:38:41 +0000] [1359014] [INFO] Using worker: sync
[2026-02-27 15:38:41 +0000] [1359016] [INFO] Booting worker with pid: 1359016
[2026-02-27 15:38:41 +0000] [1359017] [INFO] Booting worker with pid: 1359017
[2026-02-27 15:38:41 +0000] [1359024] [INFO] Booting worker with pid: 1359024
[2026-02-27 15:38:41 +0000] [1359025] [INFO] Booting worker with pid: 1359025
[2026-02-27 15:38:41 +0000] [1359032] [INFO] Booting worker with pid: 1359032
[2026-02-27 15:38:41 +0000] [1359045] [INFO] Booting worker with pid: 1359045
[2026-02-27 15:38:41 +0000] [1359046] [INFO] Booting worker with pid: 1359046
[2026-02-27 15:38:41 +0000] [1359056] [INFO] Booting worker with pid: 1359056
[2026-02-27 15:50:51 +0000] [1359017] [INFO] Worker exiting (pid: 1359017)
[2026-02-27 15:50:51 +0000] [1359016] [INFO] Worker exiting (pid: 1359016)
[2026-02-27 15:50:51 +0000] [1359032] [INFO] Worker exiting (pid: 1359032)
[2026-02-27 15:50:51 +0000] [1359046] [INFO] Worker exiting (pid: 1359046)
[2026-02-27 15:50:51 +0000] [1359024] [INFO] Worker exiting (pid: 1359024)
[2026-02-27 15:50:51 +0000] [1359025] [INFO] Worker exiting (pid: 1359025)
[2026-02-27 15:50:51 +0000] [1359056] [INFO] Worker exiting (pid: 1359056)
[2026-02-27 15:50:51 +0000] [1359045] [INFO] Worker exiting (pid: 1359045)
[2026-02-27 15:50:51 +0000] [1359014] [INFO] Handling signal: term
[2026-02-27 15:50:51 +0000] [1359014] [ERROR] Worker (pid:1359016) was sent SIGTERM!
[2026-02-27 15:50:51 +0000] [1359014] [ERROR] Worker (pid:1359017) was sent SIGTERM!
[2026-02-27 15:50:51 +0000] [1359014] [ERROR] Worker (pid:1359024) was sent SIGTERM!
[2026-02-27 15:50:51 +0000] [1359014] [ERROR] Worker (pid:1359045) was sent SIGTERM!
[2026-02-27 15:50:51 +0000] [1359014] [ERROR] Worker (pid:1359025) was sent SIGTERM!
[2026-02-27 15:50:51 +0000] [1359014] [ERROR] Worker (pid:1359056) was sent SIGTERM!
[2026-02-27 15:50:51 +0000] [1359014] [ERROR] Worker (pid:1359046) was sent SIGTERM!
[2026-02-27 15:50:51 +0000] [1359014] [ERROR] Worker (pid:1359032) was sent SIGTERM!
[2026-02-27 15:50:51 +0000] [1359014] [INFO] Shutting down: Master
[2026-02-27 15:50:53 +0000] [1362604] [INFO] Starting gunicorn 21.2.0
[2026-02-27 15:50:53 +0000] [1362604] [INFO] Listening at: http://0.0.0.0:10000 (1362604)
[2026-02-27 15:50:53 +0000] [1362604] [INFO] Using worker: sync
[2026-02-27 15:50:53 +0000] [1362606] [INFO] Booting worker with pid: 1362606
[2026-02-27 15:50:53 +0000] [1362607] [INFO] Booting worker with pid: 1362607
[2026-02-27 15:50:53 +0000] [1362614] [INFO] Booting worker with pid: 1362614
[2026-02-27 15:50:53 +0000] [1362621] [INFO] Booting worker with pid: 1362621
[2026-02-27 15:50:53 +0000] [1362628] [INFO] Booting worker with pid: 1362628
[2026-02-27 15:50:54 +0000] [1362635] [INFO] Booting worker with pid: 1362635
[2026-02-27 15:50:54 +0000] [1362640] [INFO] Booting worker with pid: 1362640
[2026-02-27 15:50:54 +0000] [1362643] [INFO] Booting worker with pid: 1362643
[2026-02-27 15:51:08,633] ERROR in app: Exception on /admin/track/24UCS001 [GET]
Traceback (most recent call last):
  File "/home/thala_thalapathy/.local/lib/python3.10/site-packages/flask/app.py", line 1455, in wsgi_app
    response = self.full_dispatch_request()
  File "/home/thala_thalapathy/.local/lib/python3.10/site-packages/flask/app.py", line 869, in full_dispatch_request
    rv = self.handle_user_exception(e)
  File "/home/thala_thalapathy/.local/lib/python3.10/site-packages/flask/app.py", line 867, in full_dispatch_request
    rv = self.dispatch_request()
  File "/home/thala_thalapathy/.local/lib/python3.10/site-packages/flask/app.py", line 852, in dispatch_request
    return self.ensure_sync(self.view_functions[rule.endpoint])(**view_args)
  File "/home/thala_thalapathy/kamaraj-portal1/app.py", line 395, in admin_track
    cur.execute("""
  File "/home/thala_thalapathy/.local/lib/python3.10/site-packages/psycopg2/extras.py", line 236, in execute
    return super().execute(query, vars)
psycopg2.errors.InvalidColumnReference: SELECT DISTINCT ON expressions must match initial ORDER BY expressions
LINE 2:             SELECT DISTINCT ON (s.problem_id,s.language) 
                                                     ^

[2026-02-27 15:51:25 +0000] [1362643] [INFO] Worker exiting (pid: 1362643)
[2026-02-27 15:51:25 +0000] [1362640] [INFO] Worker exiting (pid: 1362640)
[2026-02-27 15:51:25 +0000] [1362607] [INFO] Worker exiting (pid: 1362607)
[2026-02-27 15:51:25 +0000] [1362606] [INFO] Worker exiting (pid: 1362606)
[2026-02-27 15:51:25 +0000] [1362614] [INFO] Worker exiting (pid: 1362614)
[2026-02-27 15:51:25 +0000] [1362621] [INFO] Worker exiting (pid: 1362621)
[2026-02-27 15:51:25 +0000] [1362628] [INFO] Worker exiting (pid: 1362628)
[2026-02-27 15:51:25 +0000] [1362604] [INFO] Handling signal: term
[2026-02-27 15:51:25 +0000] [1362635] [INFO] Worker exiting (pid: 1362635)
[2026-02-27 15:51:25 +0000] [1362604] [ERROR] Worker (pid:1362614) was sent SIGTERM!
[2026-02-27 15:51:25 +0000] [1362604] [ERROR] Worker (pid:1362628) was sent SIGTERM!
[2026-02-27 15:51:25 +0000] [1362604] [ERROR] Worker (pid:1362640) was sent SIGTERM!
[2026-02-27 15:51:25 +0000] [1362604] [ERROR] Worker (pid:1362606) was sent SIGTERM!
[2026-02-27 15:51:25 +0000] [1362604] [ERROR] Worker (pid:1362607) was sent SIGTERM!
[2026-02-27 15:51:25 +0000] [1362604] [ERROR] Worker (pid:1362621) was sent SIGTERM!
[2026-02-27 15:51:25 +0000] [1362604] [ERROR] Worker (pid:1362643) was sent SIGTERM!
[2026-02-27 15:51:25 +0000] [1362604] [INFO] Shutting down: Master
[2026-02-27 15:53:40 +0000] [1363437] [INFO] Starting gunicorn 21.2.0
[2026-02-27 15:53:40 +0000] [1363437] [INFO] Listening at: http://0.0.0.0:10000 (1363437)
[2026-02-27 15:53:40 +0000] [1363437] [INFO] Using worker: sync
[2026-02-27 15:53:40 +0000] [1363439] [INFO] Booting worker with pid: 1363439
[2026-02-27 15:53:40 +0000] [1363440] [INFO] Booting worker with pid: 1363440
[2026-02-27 15:53:40 +0000] [1363441] [INFO] Booting worker with pid: 1363441
[2026-02-27 15:53:40 +0000] [1363454] [INFO] Booting worker with pid: 1363454
[2026-02-27 15:53:40 +0000] [1363461] [INFO] Booting worker with pid: 1363461
[2026-02-27 15:53:40 +0000] [1363462] [INFO] Booting worker with pid: 1363462
[2026-02-27 15:53:40 +0000] [1363463] [INFO] Booting worker with pid: 1363463
[2026-02-27 15:53:40 +0000] [1363476] [INFO] Booting worker with pid: 1363476
[2026-02-27 16:01:45 +0000] [1363476] [INFO] Worker exiting (pid: 1363476)
[2026-02-27 16:01:45 +0000] [1363461] [INFO] Worker exiting (pid: 1363461)
[2026-02-27 16:01:45 +0000] [1363440] [INFO] Worker exiting (pid: 1363440)
[2026-02-27 16:01:45 +0000] [1363462] [INFO] Worker exiting (pid: 1363462)
[2026-02-27 16:01:45 +0000] [1363454] [INFO] Worker exiting (pid: 1363454)
[2026-02-27 16:01:45 +0000] [1363463] [INFO] Worker exiting (pid: 1363463)
[2026-02-27 16:01:45 +0000] [1363439] [INFO] Worker exiting (pid: 1363439)
[2026-02-27 16:01:45 +0000] [1363441] [INFO] Worker exiting (pid: 1363441)
[2026-02-27 16:01:45 +0000] [1363437] [INFO] Handling signal: term
[2026-02-27 16:01:45 +0000] [1363437] [ERROR] Worker (pid:1363454) was sent SIGTERM!
[2026-02-27 16:01:45 +0000] [1363437] [ERROR] Worker (pid:1363440) was sent SIGTERM!
[2026-02-27 16:01:45 +0000] [1363437] [ERROR] Worker (pid:1363462) was sent SIGTERM!
[2026-02-27 16:01:45 +0000] [1363437] [ERROR] Worker (pid:1363476) was sent SIGTERM!
[2026-02-27 16:01:45 +0000] [1363437] [ERROR] Worker (pid:1363463) was sent SIGTERM!
[2026-02-27 16:01:45 +0000] [1363437] [ERROR] Worker (pid:1363461) was sent SIGTERM!
[2026-02-27 16:01:45 +0000] [1363437] [INFO] Shutting down: Master
[2026-02-27 16:03:45 +0000] [1365401] [INFO] Starting gunicorn 21.2.0
[2026-02-27 16:03:45 +0000] [1365401] [INFO] Listening at: http://0.0.0.0:10000 (1365401)
[2026-02-27 16:03:45 +0000] [1365401] [INFO] Using worker: sync
[2026-02-27 16:03:45 +0000] [1365403] [INFO] Booting worker with pid: 1365403
[2026-02-27 16:03:45 +0000] [1365404] [INFO] Booting worker with pid: 1365404
[2026-02-27 16:03:45 +0000] [1365411] [INFO] Booting worker with pid: 1365411
[2026-02-27 16:03:45 +0000] [1365418] [INFO] Booting worker with pid: 1365418
[2026-02-27 16:03:45 +0000] [1365425] [INFO] Booting worker with pid: 1365425
[2026-02-27 16:03:45 +0000] [1365432] [INFO] Booting worker with pid: 1365432
[2026-02-27 16:03:45 +0000] [1365445] [INFO] Booting worker with pid: 1365445
[2026-02-27 16:03:46 +0000] [1365449] [INFO] Booting worker with pid: 1365449
[2026-02-27 16:06:42 +0000] [1365449] [INFO] Worker exiting (pid: 1365449)
[2026-02-27 16:06:42 +0000] [1365432] [INFO] Worker exiting (pid: 1365432)
[2026-02-27 16:06:42 +0000] [1365403] [INFO] Worker exiting (pid: 1365403)
[2026-02-27 16:06:42 +0000] [1365418] [INFO] Worker exiting (pid: 1365418)
[2026-02-27 16:06:42 +0000] [1365411] [INFO] Worker exiting (pid: 1365411)
[2026-02-27 16:06:42 +0000] [1365425] [INFO] Worker exiting (pid: 1365425)
[2026-02-27 16:06:42 +0000] [1365404] [INFO] Worker exiting (pid: 1365404)
[2026-02-27 16:06:42 +0000] [1365445] [INFO] Worker exiting (pid: 1365445)
[2026-02-27 16:06:42 +0000] [1365401] [INFO] Handling signal: term
[2026-02-27 16:06:42 +0000] [1365401] [ERROR] Worker (pid:1365403) was sent SIGTERM!
[2026-02-27 16:06:42 +0000] [1365401] [ERROR] Worker (pid:1365404) was sent SIGTERM!
[2026-02-27 16:06:42 +0000] [1365401] [ERROR] Worker (pid:1365411) was sent SIGTERM!
[2026-02-27 16:06:42 +0000] [1365401] [ERROR] Worker (pid:1365425) was sent SIGTERM!
[2026-02-27 16:06:42 +0000] [1365401] [ERROR] Worker (pid:1365432) was sent SIGTERM!
[2026-02-27 16:06:42 +0000] [1365401] [ERROR] Worker (pid:1365445) was sent SIGTERM!
[2026-02-27 16:06:42 +0000] [1365401] [ERROR] Worker (pid:1365418) was sent SIGTERM!
[2026-02-27 16:06:42 +0000] [1365401] [ERROR] Worker (pid:1365449) was sent SIGTERM!
[2026-02-27 16:06:42 +0000] [1365401] [INFO] Shutting down: Master
[2026-02-27 16:07:27 +0000] [1366237] [INFO] Starting gunicorn 21.2.0
[2026-02-27 16:07:27 +0000] [1366237] [INFO] Listening at: http://0.0.0.0:10000 (1366237)
[2026-02-27 16:07:27 +0000] [1366237] [INFO] Using worker: sync
[2026-02-27 16:07:27 +0000] [1366239] [INFO] Booting worker with pid: 1366239
[2026-02-27 16:07:27 +0000] [1366243] [INFO] Booting worker with pid: 1366243
[2026-02-27 16:07:27 +0000] [1366244] [INFO] Booting worker with pid: 1366244
[2026-02-27 16:07:27 +0000] [1366251] [INFO] Booting worker with pid: 1366251
[2026-02-27 16:07:28 +0000] [1366264] [INFO] Booting worker with pid: 1366264
[2026-02-27 16:07:28 +0000] [1366265] [INFO] Booting worker with pid: 1366265
[2026-02-27 16:07:28 +0000] [1366266] [INFO] Booting worker with pid: 1366266
[2026-02-27 16:07:28 +0000] [1366269] [INFO] Booting worker with pid: 1366269
[2026-02-27 16:11:04 +0000] [1366239] [INFO] Worker exiting (pid: 1366239)
[2026-02-27 16:11:04 +0000] [1366251] [INFO] Worker exiting (pid: 1366251)
[2026-02-27 16:11:04 +0000] [1366243] [INFO] Worker exiting (pid: 1366243)
[2026-02-27 16:11:04 +0000] [1366264] [INFO] Worker exiting (pid: 1366264)
[2026-02-27 16:11:04 +0000] [1366244] [INFO] Worker exiting (pid: 1366244)
[2026-02-27 16:11:04 +0000] [1366269] [INFO] Worker exiting (pid: 1366269)
[2026-02-27 16:11:04 +0000] [1366266] [INFO] Worker exiting (pid: 1366266)
[2026-02-27 16:11:04 +0000] [1366265] [INFO] Worker exiting (pid: 1366265)
[2026-02-27 16:11:04 +0000] [1366237] [INFO] Handling signal: term
[2026-02-27 16:11:04 +0000] [1366237] [ERROR] Worker (pid:1366243) was sent SIGTERM!
[2026-02-27 16:11:04 +0000] [1366237] [ERROR] Worker (pid:1366239) was sent SIGTERM!
[2026-02-27 16:11:04 +0000] [1366237] [ERROR] Worker (pid:1366244) was sent SIGTERM!
[2026-02-27 16:11:04 +0000] [1366237] [ERROR] Worker (pid:1366251) was sent SIGTERM!
[2026-02-27 16:11:04 +0000] [1366237] [ERROR] Worker (pid:1366264) was sent SIGTERM!
[2026-02-27 16:11:04 +0000] [1366237] [ERROR] Worker (pid:1366266) was sent SIGTERM!
[2026-02-27 16:11:04 +0000] [1366237] [ERROR] Worker (pid:1366265) was sent SIGTERM!
[2026-02-27 16:11:04 +0000] [1366237] [ERROR] Worker (pid:1366269) was sent SIGTERM!
[2026-02-27 16:11:04 +0000] [1366237] [INFO] Shutting down: Master
[2026-02-27 16:41:06 +0000] [1374942] [INFO] Starting gunicorn 21.2.0
[2026-02-27 16:41:06 +0000] [1374942] [INFO] Listening at: http://0.0.0.0:10000 (1374942)
[2026-02-27 16:41:06 +0000] [1374942] [INFO] Using worker: sync
[2026-02-27 16:41:06 +0000] [1374944] [INFO] Booting worker with pid: 1374944
[2026-02-27 16:41:06 +0000] [1374944] [ERROR] Exception in worker process
Traceback (most recent call last):
  File "/home/thala_thalapathy/.local/lib/python3.10/site-packages/gunicorn/arbiter.py", line 609, in spawn_worker
    worker.init_process()
  File "/home/thala_thalapathy/.local/lib/python3.10/site-packages/gunicorn/workers/base.py", line 134, in init_process
    self.load_wsgi()
  File "/home/thala_thalapathy/.local/lib/python3.10/site-packages/gunicorn/workers/base.py", line 146, in load_wsgi
    self.wsgi = self.app.wsgi()
  File "/home/thala_thalapathy/.local/lib/python3.10/site-packages/gunicorn/app/base.py", line 67, in wsgi
    self.callable = self.load()
  File "/home/thala_thalapathy/.local/lib/python3.10/site-packages/gunicorn/app/wsgiapp.py", line 58, in load
    return self.load_wsgiapp()
  File "/home/thala_thalapathy/.local/lib/python3.10/site-packages/gunicorn/app/wsgiapp.py", line 48, in load_wsgiapp
    return util.import_app(self.app_uri)
  File "/home/thala_thalapathy/.local/lib/python3.10/site-packages/gunicorn/util.py", line 371, in import_app
    mod = importlib.import_module(module)
  File "/usr/lib/python3.10/importlib/__init__.py", line 126, in import_module
    return _bootstrap._gcd_import(name[level:], package, level)
  File "<frozen importlib._bootstrap>", line 1050, in _gcd_import
  File "<frozen importlib._bootstrap>", line 1027, in _find_and_load
  File "<frozen importlib._bootstrap>", line 1006, in _find_and_load_unlocked
  File "<frozen importlib._bootstrap>", line 688, in _load_unlocked
  File "<frozen importlib._bootstrap_external>", line 879, in exec_module
  File "<frozen importlib._bootstrap_external>", line 1017, in get_code
  File "<frozen importlib._bootstrap_external>", line 947, in source_to_code
  File "<frozen importlib._bootstrap>", line 241, in _call_with_frames_removed
  File "/home/thala_thalapathy/kamaraj-portal1/app.py", line 211
    cur.execute("""
    ^^^
SyntaxError: expected 'except' or 'finally' block
[2026-02-27 16:41:06 +0000] [1374944] [INFO] Worker exiting (pid: 1374944)
[2026-02-27 16:41:06 +0000] [1374942] [ERROR] Worker (pid:1374944) exited with code 3
[2026-02-27 16:41:06 +0000] [1374942] [ERROR] Shutting down: Master
[2026-02-27 16:41:06 +0000] [1374942] [ERROR] Reason: Worker failed to boot.
[2026-02-27 18:49:39 +0000] [1399648] [INFO] Starting gunicorn 21.2.0
[2026-02-27 18:49:39 +0000] [1399648] [INFO] Listening at: http://0.0.0.0:10000 (1399648)
[2026-02-27 18:49:39 +0000] [1399648] [INFO] Using worker: sync
[2026-02-27 18:49:39 +0000] [1399655] [INFO] Booting worker with pid: 1399655
[2026-02-27 18:49:40 +0000] [1399662] [INFO] Booting worker with pid: 1399662
[2026-02-27 18:49:40 +0000] [1399669] [INFO] Booting worker with pid: 1399669
[2026-02-27 18:49:40 +0000] [1399670] [INFO] Booting worker with pid: 1399670
[2026-02-27 18:49:40 +0000] [1399671] [INFO] Booting worker with pid: 1399671
[2026-02-27 18:49:40 +0000] [1399684] [INFO] Booting worker with pid: 1399684
[2026-02-27 18:49:40 +0000] [1399691] [INFO] Booting worker with pid: 1399691
[2026-02-27 18:49:40 +0000] [1399698] [INFO] Booting worker with pid: 1399698
[2026-02-27 18:52:40 +0000] [1399698] [INFO] Worker exiting (pid: 1399698)
[2026-02-27 18:52:40 +0000] [1399655] [INFO] Worker exiting (pid: 1399655)
[2026-02-27 18:52:40 +0000] [1399670] [INFO] Worker exiting (pid: 1399670)
[2026-02-27 18:52:40 +0000] [1399669] [INFO] Worker exiting (pid: 1399669)
[2026-02-27 18:52:40 +0000] [1399684] [INFO] Worker exiting (pid: 1399684)
[2026-02-27 18:52:40 +0000] [1399671] [INFO] Worker exiting (pid: 1399671)
[2026-02-27 18:52:40 +0000] [1399691] [INFO] Worker exiting (pid: 1399691)
[2026-02-27 18:52:40 +0000] [1399648] [INFO] Handling signal: term
[2026-02-27 18:52:40 +0000] [1399662] [INFO] Worker exiting (pid: 1399662)
[2026-02-27 18:52:40 +0000] [1399648] [ERROR] Worker (pid:1399655) was sent SIGTERM!
[2026-02-27 18:52:40 +0000] [1399648] [ERROR] Worker (pid:1399671) was sent SIGTERM!
[2026-02-27 18:52:40 +0000] [1399648] [ERROR] Worker (pid:1399670) was sent SIGTERM!
[2026-02-27 18:52:40 +0000] [1399648] [ERROR] Worker (pid:1399691) was sent SIGTERM!
[2026-02-27 18:52:40 +0000] [1399648] [ERROR] Worker (pid:1399669) was sent SIGTERM!
[2026-02-27 18:52:40 +0000] [1399648] [ERROR] Worker (pid:1399684) was sent SIGTERM!
[2026-02-27 18:52:40 +0000] [1399648] [ERROR] Worker (pid:1399698) was sent SIGTERM!
[2026-02-27 18:52:40 +0000] [1399648] [INFO] Shutting down: Master
[2026-02-27 18:52:42 +0000] [1400374] [INFO] Starting gunicorn 21.2.0
[2026-02-27 18:52:42 +0000] [1400374] [INFO] Listening at: http://0.0.0.0:10000 (1400374)
[2026-02-27 18:52:42 +0000] [1400374] [INFO] Using worker: sync
[2026-02-27 18:52:42 +0000] [1400376] [INFO] Booting worker with pid: 1400376
[2026-02-27 18:52:42 +0000] [1400377] [INFO] Booting worker with pid: 1400377
[2026-02-27 18:52:42 +0000] [1400378] [INFO] Booting worker with pid: 1400378
[2026-02-27 18:52:42 +0000] [1400391] [INFO] Booting worker with pid: 1400391
[2026-02-27 18:52:42 +0000] [1400398] [INFO] Booting worker with pid: 1400398
[2026-02-27 18:52:42 +0000] [1400405] [INFO] Booting worker with pid: 1400405
[2026-02-27 18:52:42 +0000] [1400412] [INFO] Booting worker with pid: 1400412
[2026-02-27 18:52:42 +0000] [1400413] [INFO] Booting worker with pid: 1400413
[2026-02-27 19:38:09 +0000] [1400405] [INFO] Worker exiting (pid: 1400405)
[2026-02-27 19:38:09 +0000] [1400412] [INFO] Worker exiting (pid: 1400412)
[2026-02-27 19:38:09 +0000] [1400391] [INFO] Worker exiting (pid: 1400391)
[2026-02-27 19:38:09 +0000] [1400398] [INFO] Worker exiting (pid: 1400398)
[2026-02-27 19:38:09 +0000] [1400378] [INFO] Worker exiting (pid: 1400378)
[2026-02-27 19:38:09 +0000] [1400413] [INFO] Worker exiting (pid: 1400413)
[2026-02-27 19:38:09 +0000] [1400377] [INFO] Worker exiting (pid: 1400377)
[2026-02-27 19:38:09 +0000] [1400376] [INFO] Worker exiting (pid: 1400376)
[2026-02-27 19:38:09 +0000] [1400374] [INFO] Handling signal: term
[2026-02-27 19:38:09 +0000] [1400374] [ERROR] Worker (pid:1400377) was sent SIGTERM!
[2026-02-27 19:38:09 +0000] [1400374] [ERROR] Worker (pid:1400413) was sent SIGTERM!
[2026-02-27 19:38:09 +0000] [1400374] [ERROR] Worker (pid:1400378) was sent SIGTERM!
[2026-02-27 19:38:09 +0000] [1400374] [ERROR] Worker (pid:1400391) was sent SIGTERM!
[2026-02-27 19:38:09 +0000] [1400374] [ERROR] Worker (pid:1400398) was sent SIGTERM!
[2026-02-27 19:38:09 +0000] [1400374] [ERROR] Worker (pid:1400405) was sent SIGTERM!
[2026-02-27 19:38:09 +0000] [1400374] [ERROR] Worker (pid:1400412) was sent SIGTERM!
[2026-02-27 19:38:09 +0000] [1400374] [INFO] Shutting down: Master
[2026-02-27 19:38:11 +0000] [1408528] [INFO] Starting gunicorn 21.2.0
[2026-02-27 19:38:11 +0000] [1408528] [INFO] Listening at: http://0.0.0.0:10000 (1408528)
[2026-02-27 19:38:11 +0000] [1408528] [INFO] Using worker: sync
[2026-02-27 19:38:11 +0000] [1408530] [INFO] Booting worker with pid: 1408530
[2026-02-27 19:38:11 +0000] [1408531] [INFO] Booting worker with pid: 1408531
[2026-02-27 19:38:11 +0000] [1408532] [INFO] Booting worker with pid: 1408532
[2026-02-27 19:38:11 +0000] [1408545] [INFO] Booting worker with pid: 1408545
[2026-02-27 19:38:11 +0000] [1408552] [INFO] Booting worker with pid: 1408552
[2026-02-27 19:38:11 +0000] [1408553] [INFO] Booting worker with pid: 1408553
[2026-02-27 19:38:11 +0000] [1408560] [INFO] Booting worker with pid: 1408560
[2026-02-27 19:38:11 +0000] [1408573] [INFO] Booting worker with pid: 1408573
[2026-02-27 19:39:17 +0000] [1408573] [INFO] Worker exiting (pid: 1408573)
[2026-02-27 19:39:17 +0000] [1408560] [INFO] Worker exiting (pid: 1408560)
[2026-02-27 19:39:17 +0000] [1408532] [INFO] Worker exiting (pid: 1408532)
[2026-02-27 19:39:17 +0000] [1408552] [INFO] Worker exiting (pid: 1408552)
[2026-02-27 19:39:17 +0000] [1408545] [INFO] Worker exiting (pid: 1408545)
[2026-02-27 19:39:17 +0000] [1408531] [INFO] Worker exiting (pid: 1408531)
[2026-02-27 19:39:17 +0000] [1408553] [INFO] Worker exiting (pid: 1408553)
[2026-02-27 19:39:17 +0000] [1408530] [INFO] Worker exiting (pid: 1408530)
[2026-02-27 19:39:17 +0000] [1408528] [INFO] Handling signal: term
[2026-02-27 19:39:17 +0000] [1408528] [ERROR] Worker (pid:1408530) was sent SIGTERM!
[2026-02-27 19:39:17 +0000] [1408528] [ERROR] Worker (pid:1408532) was sent SIGTERM!
[2026-02-27 19:39:17 +0000] [1408528] [ERROR] Worker (pid:1408552) was sent SIGTERM!
[2026-02-27 19:39:17 +0000] [1408528] [ERROR] Worker (pid:1408553) was sent SIGTERM!
[2026-02-27 19:39:17 +0000] [1408528] [ERROR] Worker (pid:1408531) was sent SIGTERM!
[2026-02-27 19:39:17 +0000] [1408528] [ERROR] Worker (pid:1408545) was sent SIGTERM!
[2026-02-27 19:39:17 +0000] [1408528] [ERROR] Worker (pid:1408560) was sent SIGTERM!
[2026-02-27 19:39:17 +0000] [1408528] [ERROR] Worker (pid:1408573) was sent SIGTERM!
[2026-02-27 19:39:17 +0000] [1408528] [INFO] Shutting down: Master
[2026-02-27 19:39:18 +0000] [1408908] [INFO] Starting gunicorn 21.2.0
[2026-02-27 19:39:18 +0000] [1408908] [INFO] Listening at: http://0.0.0.0:10000 (1408908)
[2026-02-27 19:39:18 +0000] [1408908] [INFO] Using worker: sync
[2026-02-27 19:39:18 +0000] [1408910] [INFO] Booting worker with pid: 1408910
[2026-02-27 19:39:18 +0000] [1408911] [INFO] Booting worker with pid: 1408911
[2026-02-27 19:39:18 +0000] [1408918] [INFO] Booting worker with pid: 1408918
[2026-02-27 19:39:18 +0000] [1408925] [INFO] Booting worker with pid: 1408925
[2026-02-27 19:39:18 +0000] [1408926] [INFO] Booting worker with pid: 1408926
[2026-02-27 19:39:18 +0000] [1408927] [INFO] Booting worker with pid: 1408927
[2026-02-27 19:39:19 +0000] [1408946] [INFO] Booting worker with pid: 1408946
[2026-02-27 19:39:19 +0000] [1408953] [INFO] Booting worker with pid: 1408953
[2026-02-27 19:39:50 +0000] [1408910] [INFO] Worker exiting (pid: 1408910)
[2026-02-27 19:39:50 +0000] [1408953] [INFO] Worker exiting (pid: 1408953)
[2026-02-27 19:39:50 +0000] [1408918] [INFO] Worker exiting (pid: 1408918)
[2026-02-27 19:39:50 +0000] [1408925] [INFO] Worker exiting (pid: 1408925)
[2026-02-27 19:39:50 +0000] [1408926] [INFO] Worker exiting (pid: 1408926)
[2026-02-27 19:39:50 +0000] [1408927] [INFO] Worker exiting (pid: 1408927)
[2026-02-27 19:39:50 +0000] [1408908] [INFO] Handling signal: term
[2026-02-27 19:39:50 +0000] [1408946] [INFO] Worker exiting (pid: 1408946)
[2026-02-27 19:39:50 +0000] [1408911] [INFO] Worker exiting (pid: 1408911)
[2026-02-27 19:39:50 +0000] [1408908] [INFO] Shutting down: Master
[2026-02-27 19:39:52 +0000] [1409156] [INFO] Starting gunicorn 21.2.0
[2026-02-27 19:39:52 +0000] [1409156] [INFO] Listening at: http://0.0.0.0:10000 (1409156)
[2026-02-27 19:39:52 +0000] [1409156] [INFO] Using worker: sync
[2026-02-27 19:39:52 +0000] [1409158] [INFO] Booting worker with pid: 1409158
[2026-02-27 19:39:52 +0000] [1409159] [INFO] Booting worker with pid: 1409159
[2026-02-27 19:39:52 +0000] [1409166] [INFO] Booting worker with pid: 1409166
[2026-02-27 19:39:52 +0000] [1409167] [INFO] Booting worker with pid: 1409167
[2026-02-27 19:39:52 +0000] [1409168] [INFO] Booting worker with pid: 1409168
[2026-02-27 19:39:52 +0000] [1409169] [INFO] Booting worker with pid: 1409169
[2026-02-27 19:39:52 +0000] [1409182] [INFO] Booting worker with pid: 1409182
[2026-02-27 19:39:52 +0000] [1409189] [INFO] Booting worker with pid: 1409189
[2026-02-27 19:49:55 +0000] [1409168] [INFO] Worker exiting (pid: 1409168)
[2026-02-27 19:49:55 +0000] [1409159] [INFO] Worker exiting (pid: 1409159)
[2026-02-27 19:49:55 +0000] [1409158] [INFO] Worker exiting (pid: 1409158)
[2026-02-27 19:49:55 +0000] [1409189] [INFO] Worker exiting (pid: 1409189)
[2026-02-27 19:49:55 +0000] [1409169] [INFO] Worker exiting (pid: 1409169)
[2026-02-27 19:49:55 +0000] [1409166] [INFO] Worker exiting (pid: 1409166)
[2026-02-27 19:49:55 +0000] [1409167] [INFO] Worker exiting (pid: 1409167)
[2026-02-27 19:49:55 +0000] [1409182] [INFO] Worker exiting (pid: 1409182)
[2026-02-27 19:49:55 +0000] [1409156] [INFO] Handling signal: term
[2026-02-27 19:49:55 +0000] [1409156] [ERROR] Worker (pid:1409159) was sent SIGTERM!
[2026-02-27 19:49:55 +0000] [1409156] [ERROR] Worker (pid:1409158) was sent SIGTERM!
[2026-02-27 19:49:55 +0000] [1409156] [ERROR] Worker (pid:1409182) was sent SIGTERM!
[2026-02-27 19:49:55 +0000] [1409156] [ERROR] Worker (pid:1409166) was sent SIGTERM!
[2026-02-27 19:49:55 +0000] [1409156] [ERROR] Worker (pid:1409168) was sent SIGTERM!
[2026-02-27 19:49:55 +0000] [1409156] [ERROR] Worker (pid:1409169) was sent SIGTERM!
[2026-02-27 19:49:55 +0000] [1409156] [ERROR] Worker (pid:1409189) was sent SIGTERM!
[2026-02-27 19:49:55 +0000] [1409156] [ERROR] Worker (pid:1409167) was sent SIGTERM!
[2026-02-27 19:49:56 +0000] [1409156] [INFO] Shutting down: Master
[2026-02-27 19:49:57 +0000] [1411261] [INFO] Starting gunicorn 21.2.0
[2026-02-27 19:49:57 +0000] [1411261] [INFO] Listening at: http://0.0.0.0:10000 (1411261)
[2026-02-27 19:49:57 +0000] [1411261] [INFO] Using worker: sync
[2026-02-27 19:49:57 +0000] [1411263] [INFO] Booting worker with pid: 1411263
[2026-02-27 19:49:58 +0000] [1411264] [INFO] Booting worker with pid: 1411264
[2026-02-27 19:49:58 +0000] [1411263] [ERROR] Exception in worker process
Traceback (most recent call last):
  File "/home/thala_thalapathy/.local/lib/python3.10/site-packages/gunicorn/arbiter.py", line 609, in spawn_worker
    worker.init_process()
  File "/home/thala_thalapathy/.local/lib/python3.10/site-packages/gunicorn/workers/base.py", line 134, in init_process
    self.load_wsgi()
  File "/home/thala_thalapathy/.local/lib/python3.10/site-packages/gunicorn/workers/base.py", line 146, in load_wsgi
    self.wsgi = self.app.wsgi()
  File "/home/thala_thalapathy/.local/lib/python3.10/site-packages/gunicorn/app/base.py", line 67, in wsgi
    self.callable = self.load()
  File "/home/thala_thalapathy/.local/lib/python3.10/site-packages/gunicorn/app/wsgiapp.py", line 58, in load
    return self.load_wsgiapp()
  File "/home/thala_thalapathy/.local/lib/python3.10/site-packages/gunicorn/app/wsgiapp.py", line 48, in load_wsgiapp
    return util.import_app(self.app_uri)
  File "/home/thala_thalapathy/.local/lib/python3.10/site-packages/gunicorn/util.py", line 371, in import_app
    mod = importlib.import_module(module)
  File "/usr/lib/python3.10/importlib/__init__.py", line 126, in import_module
    return _bootstrap._gcd_import(name[level:], package, level)
  File "<frozen importlib._bootstrap>", line 1050, in _gcd_import
  File "<frozen importlib._bootstrap>", line 1027, in _find_and_load
  File "<frozen importlib._bootstrap>", line 1006, in _find_and_load_unlocked
  File "<frozen importlib._bootstrap>", line 688, in _load_unlocked
  File "<frozen importlib._bootstrap_external>", line 883, in exec_module
  File "<frozen importlib._bootstrap>", line 241, in _call_with_frames_removed
  File "/home/thala_thalapathy/kamaraj-portal1/app.py", line 17, in <module>
    from flask import Response, make_respons
ImportError: cannot import name 'make_respons' from 'flask' (/home/thala_thalapathy/.local/lib/python3.10/site-packages/flask/__init__.py)
[2026-02-27 19:49:58 +0000] [1411263] [INFO] Worker exiting (pid: 1411263)
[2026-02-27 19:49:58 +0000] [1411261] [ERROR] Worker (pid:1411263) exited with code 3
[2026-02-27 19:49:58 +0000] [1411264] [ERROR] Exception in worker process
Traceback (most recent call last):
  File "/home/thala_thalapathy/.local/lib/python3.10/site-packages/gunicorn/arbiter.py", line 609, in spawn_worker
    worker.init_process()
  File "/home/thala_thalapathy/.local/lib/python3.10/site-packages/gunicorn/workers/base.py", line 134, in init_process
    self.load_wsgi()
  File "/home/thala_thalapathy/.local/lib/python3.10/site-packages/gunicorn/workers/base.py", line 146, in load_wsgi
    self.wsgi = self.app.wsgi()
  File "/home/thala_thalapathy/.local/lib/python3.10/site-packages/gunicorn/app/base.py", line 67, in wsgi
    self.callable = self.load()
  File "/home/thala_thalapathy/.local/lib/python3.10/site-packages/gunicorn/app/wsgiapp.py", line 58, in load
    return self.load_wsgiapp()
  File "/home/thala_thalapathy/.local/lib/python3.10/site-packages/gunicorn/app/wsgiapp.py", line 48, in load_wsgiapp
    return util.import_app(self.app_uri)
  File "/home/thala_thalapathy/.local/lib/python3.10/site-packages/gunicorn/util.py", line 371, in import_app
    mod = importlib.import_module(module)
  File "/usr/lib/python3.10/importlib/__init__.py", line 126, in import_module
    return _bootstrap._gcd_import(name[level:], package, level)
  File "<frozen importlib._bootstrap>", line 1050, in _gcd_import
  File "<frozen importlib._bootstrap>", line 1027, in _find_and_load
  File "<frozen importlib._bootstrap>", line 1006, in _find_and_load_unlocked
  File "<frozen importlib._bootstrap>", line 688, in _load_unlocked
  File "<frozen importlib._bootstrap_external>", line 883, in exec_module
  File "<frozen importlib._bootstrap>", line 241, in _call_with_frames_removed
  File "/home/thala_thalapathy/kamaraj-portal1/app.py", line 17, in <module>
    from flask import Response, make_respons
ImportError: cannot import name 'make_respons' from 'flask' (/home/thala_thalapathy/.local/lib/python3.10/site-packages/flask/__init__.py)
[2026-02-27 19:49:58 +0000] [1411264] [INFO] Worker exiting (pid: 1411264)
[2026-02-27 19:49:58 +0000] [1411261] [ERROR] Worker (pid:1411264) exited with code 3
Traceback (most recent call last):
  File "/home/thala_thalapathy/.local/lib/python3.10/site-packages/gunicorn/arbiter.py", line 202, in run
    self.manage_workers()
  File "/home/thala_thalapathy/.local/lib/python3.10/site-packages/gunicorn/arbiter.py", line 571, in manage_workers
    self.spawn_workers()
  File "/home/thala_thalapathy/.local/lib/python3.10/site-packages/gunicorn/arbiter.py", line 643, in spawn_workers
    time.sleep(0.1 * random.random())
  File "/home/thala_thalapathy/.local/lib/python3.10/site-packages/gunicorn/arbiter.py", line 242, in handle_chld
    self.reap_workers()
  File "/home/thala_thalapathy/.local/lib/python3.10/site-packages/gunicorn/arbiter.py", line 530, in reap_workers
    raise HaltServer(reason, self.WORKER_BOOT_ERROR)
gunicorn.errors.HaltServer: <HaltServer 'Worker failed to boot.' 3>

During handling of the above exception, another exception occurred:

Traceback (most recent call last):
  File "/home/thala_thalapathy/.local/bin/gunicorn", line 8, in <module>
    sys.exit(run())
  File "/home/thala_thalapathy/.local/lib/python3.10/site-packages/gunicorn/app/wsgiapp.py", line 67, in run
    WSGIApplication("%(prog)s [OPTIONS] [APP_MODULE]").run()
  File "/home/thala_thalapathy/.local/lib/python3.10/site-packages/gunicorn/app/base.py", line 236, in run
    super().run()
  File "/home/thala_thalapathy/.local/lib/python3.10/site-packages/gunicorn/app/base.py", line 72, in run
    Arbiter(self).run()
  File "/home/thala_thalapathy/.local/lib/python3.10/site-packages/gunicorn/arbiter.py", line 229, in run
    self.halt(reason=inst.reason, exit_status=inst.exit_status)
  File "/home/thala_thalapathy/.local/lib/python3.10/site-packages/gunicorn/arbiter.py", line 342, in halt
    self.stop()
  File "/home/thala_thalapathy/.local/lib/python3.10/site-packages/gunicorn/arbiter.py", line 396, in stop
    time.sleep(0.1)
  File "/home/thala_thalapathy/.local/lib/python3.10/site-packages/gunicorn/arbiter.py", line 242, in handle_chld
    self.reap_workers()
  File "/home/thala_thalapathy/.local/lib/python3.10/site-packages/gunicorn/arbiter.py", line 530, in reap_workers
    raise HaltServer(reason, self.WORKER_BOOT_ERROR)
gunicorn.errors.HaltServer: <HaltServer 'Worker failed to boot.' 3>
[2026-02-27 19:50:34 +0000] [1411440] [INFO] Starting gunicorn 21.2.0
[2026-02-27 19:50:34 +0000] [1411440] [INFO] Listening at: http://0.0.0.0:10000 (1411440)
[2026-02-27 19:50:34 +0000] [1411440] [INFO] Using worker: sync
[2026-02-27 19:50:34 +0000] [1411445] [INFO] Booting worker with pid: 1411445
[2026-02-27 19:50:34 +0000] [1411449] [INFO] Booting worker with pid: 1411449
[2026-02-27 19:50:34 +0000] [1411450] [INFO] Booting worker with pid: 1411450
[2026-02-27 19:50:34 +0000] [1411445] [ERROR] Exception in worker process
Traceback (most recent call last):
  File "/home/thala_thalapathy/.local/lib/python3.10/site-packages/gunicorn/arbiter.py", line 609, in spawn_worker
    worker.init_process()
  File "/home/thala_thalapathy/.local/lib/python3.10/site-packages/gunicorn/workers/base.py", line 134, in init_process
    self.load_wsgi()
  File "/home/thala_thalapathy/.local/lib/python3.10/site-packages/gunicorn/workers/base.py", line 146, in load_wsgi
    self.wsgi = self.app.wsgi()
  File "/home/thala_thalapathy/.local/lib/python3.10/site-packages/gunicorn/app/base.py", line 67, in wsgi
    self.callable = self.load()
  File "/home/thala_thalapathy/.local/lib/python3.10/site-packages/gunicorn/app/wsgiapp.py", line 58, in load
    return self.load_wsgiapp()
  File "/home/thala_thalapathy/.local/lib/python3.10/site-packages/gunicorn/app/wsgiapp.py", line 48, in load_wsgiapp
    return util.import_app(self.app_uri)
  File "/home/thala_thalapathy/.local/lib/python3.10/site-packages/gunicorn/util.py", line 371, in import_app
    mod = importlib.import_module(module)
  File "/usr/lib/python3.10/importlib/__init__.py", line 126, in import_module
    return _bootstrap._gcd_import(name[level:], package, level)
  File "<frozen importlib._bootstrap>", line 1050, in _gcd_import
  File "<frozen importlib._bootstrap>", line 1027, in _find_and_load
  File "<frozen importlib._bootstrap>", line 1006, in _find_and_load_unlocked
  File "<frozen importlib._bootstrap>", line 688, in _load_unlocked
  File "<frozen importlib._bootstrap_external>", line 883, in exec_module
  File "<frozen importlib._bootstrap>", line 241, in _call_with_frames_removed
  File "/home/thala_thalapathy/kamaraj-portal1/app.py", line 17, in <module>
    from flask import Response, make_respons
ImportError: cannot import name 'make_respons' from 'flask' (/home/thala_thalapathy/.local/lib/python3.10/site-packages/flask/__init__.py)
[2026-02-27 19:50:34 +0000] [1411445] [INFO] Worker exiting (pid: 1411445)
[2026-02-27 19:50:34 +0000] [1411457] [INFO] Booting worker with pid: 1411457
[2026-02-27 19:50:34 +0000] [1411440] [ERROR] Worker (pid:1411445) exited with code 3
[2026-02-27 19:50:34 +0000] [1411449] [ERROR] Exception in worker process
Traceback (most recent call last):
  File "/home/thala_thalapathy/.local/lib/python3.10/site-packages/gunicorn/arbiter.py", line 609, in spawn_worker
    worker.init_process()
  File "/home/thala_thalapathy/.local/lib/python3.10/site-packages/gunicorn/workers/base.py", line 134, in init_process
    self.load_wsgi()
  File "/home/thala_thalapathy/.local/lib/python3.10/site-packages/gunicorn/workers/base.py", line 146, in load_wsgi
    self.wsgi = self.app.wsgi()
  File "/home/thala_thalapathy/.local/lib/python3.10/site-packages/gunicorn/app/base.py", line 67, in wsgi
    self.callable = self.load()
  File "/home/thala_thalapathy/.local/lib/python3.10/site-packages/gunicorn/app/wsgiapp.py", line 58, in load
    return self.load_wsgiapp()
  File "/home/thala_thalapathy/.local/lib/python3.10/site-packages/gunicorn/app/wsgiapp.py", line 48, in load_wsgiapp
    return util.import_app(self.app_uri)
  File "/home/thala_thalapathy/.local/lib/python3.10/site-packages/gunicorn/util.py", line 371, in import_app
    mod = importlib.import_module(module)
  File "/usr/lib/python3.10/importlib/__init__.py", line 126, in import_module
    return _bootstrap._gcd_import(name[level:], package, level)
  File "<frozen importlib._bootstrap>", line 1050, in _gcd_import
  File "<frozen importlib._bootstrap>", line 1027, in _find_and_load
  File "<frozen importlib._bootstrap>", line 1006, in _find_and_load_unlocked
  File "<frozen importlib._bootstrap>", line 688, in _load_unlocked
  File "<frozen importlib._bootstrap_external>", line 883, in exec_module
  File "<frozen importlib._bootstrap>", line 241, in _call_with_frames_removed
  File "/home/thala_thalapathy/kamaraj-portal1/app.py", line 17, in <module>
    from flask import Response, make_respons
ImportError: cannot import name 'make_respons' from 'flask' (/home/thala_thalapathy/.local/lib/python3.10/site-packages/flask/__init__.py)
[2026-02-27 19:50:34 +0000] [1411449] [INFO] Worker exiting (pid: 1411449)
[2026-02-27 19:50:34 +0000] [1411450] [ERROR] Exception in worker process
Traceback (most recent call last):
  File "/home/thala_thalapathy/.local/lib/python3.10/site-packages/gunicorn/arbiter.py", line 609, in spawn_worker
    worker.init_process()
  File "/home/thala_thalapathy/.local/lib/python3.10/site-packages/gunicorn/workers/base.py", line 134, in init_process
    self.load_wsgi()
  File "/home/thala_thalapathy/.local/lib/python3.10/site-packages/gunicorn/workers/base.py", line 146, in load_wsgi
    self.wsgi = self.app.wsgi()
  File "/home/thala_thalapathy/.local/lib/python3.10/site-packages/gunicorn/app/base.py", line 67, in wsgi
    self.callable = self.load()
  File "/home/thala_thalapathy/.local/lib/python3.10/site-packages/gunicorn/app/wsgiapp.py", line 58, in load
    return self.load_wsgiapp()
  File "/home/thala_thalapathy/.local/lib/python3.10/site-packages/gunicorn/app/wsgiapp.py", line 48, in load_wsgiapp
    return util.import_app(self.app_uri)
  File "/home/thala_thalapathy/.local/lib/python3.10/site-packages/gunicorn/util.py", line 371, in import_app
    mod = importlib.import_module(module)
  File "/usr/lib/python3.10/importlib/__init__.py", line 126, in import_module
    return _bootstrap._gcd_import(name[level:], package, level)
  File "<frozen importlib._bootstrap>", line 1050, in _gcd_import
  File "<frozen importlib._bootstrap>", line 1027, in _find_and_load
  File "<frozen importlib._bootstrap>", line 1006, in _find_and_load_unlocked
  File "<frozen importlib._bootstrap>", line 688, in _load_unlocked
  File "<frozen importlib._bootstrap_external>", line 883, in exec_module
  File "<frozen importlib._bootstrap>", line 241, in _call_with_frames_removed
  File "/home/thala_thalapathy/kamaraj-portal1/app.py", line 17, in <module>
    from flask import Response, make_respons
ImportError: cannot import name 'make_respons' from 'flask' (/home/thala_thalapathy/.local/lib/python3.10/site-packages/flask/__init__.py)
[2026-02-27 19:50:34 +0000] [1411450] [INFO] Worker exiting (pid: 1411450)
[2026-02-27 19:50:34 +0000] [1411457] [ERROR] Exception in worker process
Traceback (most recent call last):
  File "/home/thala_thalapathy/.local/lib/python3.10/site-packages/gunicorn/arbiter.py", line 609, in spawn_worker
    worker.init_process()
  File "/home/thala_thalapathy/.local/lib/python3.10/site-packages/gunicorn/workers/base.py", line 134, in init_process
    self.load_wsgi()
  File "/home/thala_thalapathy/.local/lib/python3.10/site-packages/gunicorn/workers/base.py", line 146, in load_wsgi
    self.wsgi = self.app.wsgi()
  File "/home/thala_thalapathy/.local/lib/python3.10/site-packages/gunicorn/app/base.py", line 67, in wsgi
    self.callable = self.load()
  File "/home/thala_thalapathy/.local/lib/python3.10/site-packages/gunicorn/app/wsgiapp.py", line 58, in load
    return self.load_wsgiapp()
  File "/home/thala_thalapathy/.local/lib/python3.10/site-packages/gunicorn/app/wsgiapp.py", line 48, in load_wsgiapp
    return util.import_app(self.app_uri)
  File "/home/thala_thalapathy/.local/lib/python3.10/site-packages/gunicorn/util.py", line 371, in import_app
    mod = importlib.import_module(module)
  File "/usr/lib/python3.10/importlib/__init__.py", line 126, in import_module
    return _bootstrap._gcd_import(name[level:], package, level)
  File "<frozen importlib._bootstrap>", line 1050, in _gcd_import
  File "<frozen importlib._bootstrap>", line 1027, in _find_and_load
  File "<frozen importlib._bootstrap>", line 1006, in _find_and_load_unlocked
  File "<frozen importlib._bootstrap>", line 688, in _load_unlocked
  File "<frozen importlib._bootstrap_external>", line 883, in exec_module
  File "<frozen importlib._bootstrap>", line 241, in _call_with_frames_removed
  File "/home/thala_thalapathy/kamaraj-portal1/app.py", line 17, in <module>
    from flask import Response, make_respons
ImportError: cannot import name 'make_respons' from 'flask' (/home/thala_thalapathy/.local/lib/python3.10/site-packages/flask/__init__.py)
[2026-02-27 19:50:34 +0000] [1411457] [INFO] Worker exiting (pid: 1411457)
[2026-02-27 19:50:34 +0000] [1411440] [ERROR] Worker (pid:1411449) exited with code 3
[2026-02-27 19:50:34 +0000] [1411440] [ERROR] Worker (pid:1411450) exited with code 3
Traceback (most recent call last):
  File "/home/thala_thalapathy/.local/lib/python3.10/site-packages/gunicorn/arbiter.py", line 202, in run
    self.manage_workers()
  File "/home/thala_thalapathy/.local/lib/python3.10/site-packages/gunicorn/arbiter.py", line 571, in manage_workers
    self.spawn_workers()
  File "/home/thala_thalapathy/.local/lib/python3.10/site-packages/gunicorn/arbiter.py", line 643, in spawn_workers
    time.sleep(0.1 * random.random())
  File "/home/thala_thalapathy/.local/lib/python3.10/site-packages/gunicorn/arbiter.py", line 242, in handle_chld
    self.reap_workers()
  File "/home/thala_thalapathy/.local/lib/python3.10/site-packages/gunicorn/arbiter.py", line 530, in reap_workers
    raise HaltServer(reason, self.WORKER_BOOT_ERROR)
gunicorn.errors.HaltServer: <HaltServer 'Worker failed to boot.' 3>

During handling of the above exception, another exception occurred:

Traceback (most recent call last):
  File "/home/thala_thalapathy/.local/bin/gunicorn", line 8, in <module>
    sys.exit(run())
  File "/home/thala_thalapathy/.local/lib/python3.10/site-packages/gunicorn/app/wsgiapp.py", line 67, in run
    WSGIApplication("%(prog)s [OPTIONS] [APP_MODULE]").run()
  File "/home/thala_thalapathy/.local/lib/python3.10/site-packages/gunicorn/app/base.py", line 236, in run
    super().run()
  File "/home/thala_thalapathy/.local/lib/python3.10/site-packages/gunicorn/app/base.py", line 72, in run
    Arbiter(self).run()
  File "/home/thala_thalapathy/.local/lib/python3.10/site-packages/gunicorn/arbiter.py", line 229, in run
    self.halt(reason=inst.reason, exit_status=inst.exit_status)
  File "/home/thala_thalapathy/.local/lib/python3.10/site-packages/gunicorn/arbiter.py", line 342, in halt
    self.stop()
  File "/home/thala_thalapathy/.local/lib/python3.10/site-packages/gunicorn/arbiter.py", line 396, in stop
    time.sleep(0.1)
  File "/home/thala_thalapathy/.local/lib/python3.10/site-packages/gunicorn/arbiter.py", line 242, in handle_chld
    self.reap_workers()
  File "/home/thala_thalapathy/.local/lib/python3.10/site-packages/gunicorn/arbiter.py", line 530, in reap_workers
    raise HaltServer(reason, self.WORKER_BOOT_ERROR)
gunicorn.errors.HaltServer: <HaltServer 'Worker failed to boot.' 3>
Error in sys.excepthook:
Traceback (most recent call last):
  File "/usr/lib/python3/dist-packages/apport_python_hook.py", line 55, in apport_excepthook
[2026-02-27 19:50:34 +0000] [1411440] [ERROR] Worker (pid:1411457) exited with code 3
  File "/home/thala_thalapathy/.local/lib/python3.10/site-packages/gunicorn/arbiter.py", line 242, in handle_chld
    self.reap_workers()
  File "/home/thala_thalapathy/.local/lib/python3.10/site-packages/gunicorn/arbiter.py", line 530, in reap_workers
    raise HaltServer(reason, self.WORKER_BOOT_ERROR)
gunicorn.errors.HaltServer: <HaltServer 'Worker failed to boot.' 3>

Original exception was:
Traceback (most recent call last):
  File "/home/thala_thalapathy/.local/lib/python3.10/site-packages/gunicorn/arbiter.py", line 202, in run
    self.manage_workers()
  File "/home/thala_thalapathy/.local/lib/python3.10/site-packages/gunicorn/arbiter.py", line 571, in manage_workers
    self.spawn_workers()
  File "/home/thala_thalapathy/.local/lib/python3.10/site-packages/gunicorn/arbiter.py", line 643, in spawn_workers
    time.sleep(0.1 * random.random())
  File "/home/thala_thalapathy/.local/lib/python3.10/site-packages/gunicorn/arbiter.py", line 242, in handle_chld
    self.reap_workers()
  File "/home/thala_thalapathy/.local/lib/python3.10/site-packages/gunicorn/arbiter.py", line 530, in reap_workers
    raise HaltServer(reason, self.WORKER_BOOT_ERROR)
gunicorn.errors.HaltServer: <HaltServer 'Worker failed to boot.' 3>

During handling of the above exception, another exception occurred:

Traceback (most recent call last):
  File "/home/thala_thalapathy/.local/bin/gunicorn", line 8, in <module>
    sys.exit(run())
  File "/home/thala_thalapathy/.local/lib/python3.10/site-packages/gunicorn/app/wsgiapp.py", line 67, in run
    WSGIApplication("%(prog)s [OPTIONS] [APP_MODULE]").run()
  File "/home/thala_thalapathy/.local/lib/python3.10/site-packages/gunicorn/app/base.py", line 236, in run
    super().run()
  File "/home/thala_thalapathy/.local/lib/python3.10/site-packages/gunicorn/app/base.py", line 72, in run
    Arbiter(self).run()
  File "/home/thala_thalapathy/.local/lib/python3.10/site-packages/gunicorn/arbiter.py", line 229, in run
    self.halt(reason=inst.reason, exit_status=inst.exit_status)
  File "/home/thala_thalapathy/.local/lib/python3.10/site-packages/gunicorn/arbiter.py", line 342, in halt
    self.stop()
  File "/home/thala_thalapathy/.local/lib/python3.10/site-packages/gunicorn/arbiter.py", line 396, in stop
    time.sleep(0.1)
  File "/home/thala_thalapathy/.local/lib/python3.10/site-packages/gunicorn/arbiter.py", line 242, in handle_chld
    self.reap_workers()
  File "/home/thala_thalapathy/.local/lib/python3.10/site-packages/gunicorn/arbiter.py", line 530, in reap_workers
    raise HaltServer(reason, self.WORKER_BOOT_ERROR)
gunicorn.errors.HaltServer: <HaltServer 'Worker failed to boot.' 3>
[2026-02-27 19:51:15 +0000] [1411670] [INFO] Starting gunicorn 21.2.0
[2026-02-27 19:51:15 +0000] [1411670] [INFO] Listening at: http://0.0.0.0:10000 (1411670)
[2026-02-27 19:51:15 +0000] [1411670] [INFO] Using worker: sync
[2026-02-27 19:51:15 +0000] [1411672] [INFO] Booting worker with pid: 1411672
[2026-02-27 19:51:15 +0000] [1411673] [INFO] Booting worker with pid: 1411673
[2026-02-27 19:51:15 +0000] [1411672] [ERROR] Exception in worker process
Traceback (most recent call last):
  File "/home/thala_thalapathy/.local/lib/python3.10/site-packages/gunicorn/arbiter.py", line 609, in spawn_worker
    worker.init_process()
  File "/home/thala_thalapathy/.local/lib/python3.10/site-packages/gunicorn/workers/base.py", line 134, in init_process
    self.load_wsgi()
  File "/home/thala_thalapathy/.local/lib/python3.10/site-packages/gunicorn/workers/base.py", line 146, in load_wsgi
    self.wsgi = self.app.wsgi()
  File "/home/thala_thalapathy/.local/lib/python3.10/site-packages/gunicorn/app/base.py", line 67, in wsgi
    self.callable = self.load()
  File "/home/thala_thalapathy/.local/lib/python3.10/site-packages/gunicorn/app/wsgiapp.py", line 58, in load
    return self.load_wsgiapp()
  File "/home/thala_thalapathy/.local/lib/python3.10/site-packages/gunicorn/app/wsgiapp.py", line 48, in load_wsgiapp
    return util.import_app(self.app_uri)
  File "/home/thala_thalapathy/.local/lib/python3.10/site-packages/gunicorn/util.py", line 371, in import_app
    mod = importlib.import_module(module)
  File "/usr/lib/python3.10/importlib/__init__.py", line 126, in import_module
    return _bootstrap._gcd_import(name[level:], package, level)
  File "<frozen importlib._bootstrap>", line 1050, in _gcd_import
  File "<frozen importlib._bootstrap>", line 1027, in _find_and_load
  File "<frozen importlib._bootstrap>", line 1006, in _find_and_load_unlocked
  File "<frozen importlib._bootstrap>", line 688, in _load_unlocked
  File "<frozen importlib._bootstrap_external>", line 883, in exec_module
  File "<frozen importlib._bootstrap>", line 241, in _call_with_frames_removed
  File "/home/thala_thalapathy/kamaraj-portal1/app.py", line 17, in <module>
    from flask import Response, make_respons
ImportError: cannot import name 'make_respons' from 'flask' (/home/thala_thalapathy/.local/lib/python3.10/site-packages/flask/__init__.py)
[2026-02-27 19:51:15 +0000] [1411672] [INFO] Worker exiting (pid: 1411672)
[2026-02-27 19:51:15 +0000] [1411680] [INFO] Booting worker with pid: 1411680
[2026-02-27 19:51:15 +0000] [1411670] [ERROR] Worker (pid:1411672) exited with code 3
[2026-02-27 19:51:15 +0000] [1411673] [ERROR] Exception in worker process
Traceback (most recent call last):
  File "/home/thala_thalapathy/.local/lib/python3.10/site-packages/gunicorn/arbiter.py", line 609, in spawn_worker
    worker.init_process()
  File "/home/thala_thalapathy/.local/lib/python3.10/site-packages/gunicorn/workers/base.py", line 134, in init_process
    self.load_wsgi()
  File "/home/thala_thalapathy/.local/lib/python3.10/site-packages/gunicorn/workers/base.py", line 146, in load_wsgi
    self.wsgi = self.app.wsgi()
  File "/home/thala_thalapathy/.local/lib/python3.10/site-packages/gunicorn/app/base.py", line 67, in wsgi
    self.callable = self.load()
  File "/home/thala_thalapathy/.local/lib/python3.10/site-packages/gunicorn/app/wsgiapp.py", line 58, in load
    return self.load_wsgiapp()
  File "/home/thala_thalapathy/.local/lib/python3.10/site-packages/gunicorn/app/wsgiapp.py", line 48, in load_wsgiapp
    return util.import_app(self.app_uri)
  File "/home/thala_thalapathy/.local/lib/python3.10/site-packages/gunicorn/util.py", line 371, in import_app
    mod = importlib.import_module(module)
  File "/usr/lib/python3.10/importlib/__init__.py", line 126, in import_module
    return _bootstrap._gcd_import(name[level:], package, level)
  File "<frozen importlib._bootstrap>", line 1050, in _gcd_import
  File "<frozen importlib._bootstrap>", line 1027, in _find_and_load
  File "<frozen importlib._bootstrap>", line 1006, in _find_and_load_unlocked
  File "<frozen importlib._bootstrap>", line 688, in _load_unlocked
  File "<frozen importlib._bootstrap_external>", line 883, in exec_module
  File "<frozen importlib._bootstrap>", line 241, in _call_with_frames_removed
  File "/home/thala_thalapathy/kamaraj-portal1/app.py", line 17, in <module>
    from flask import Response, make_respons
ImportError: cannot import name 'make_respons' from 'flask' (/home/thala_thalapathy/.local/lib/python3.10/site-packages/flask/__init__.py)
[2026-02-27 19:51:15 +0000] [1411673] [INFO] Worker exiting (pid: 1411673)
[2026-02-27 19:51:15 +0000] [1411670] [ERROR] Worker (pid:1411673) exited with code 3
Traceback (most recent call last):
  File "/home/thala_thalapathy/.local/lib/python3.10/site-packages/gunicorn/arbiter.py", line 202, in run
    self.manage_workers()
  File "/home/thala_thalapathy/.local/lib/python3.10/site-packages/gunicorn/arbiter.py", line 571, in manage_workers
    self.spawn_workers()
  File "/home/thala_thalapathy/.local/lib/python3.10/site-packages/gunicorn/arbiter.py", line 643, in spawn_workers
    time.sleep(0.1 * random.random())
  File "/home/thala_thalapathy/.local/lib/python3.10/site-packages/gunicorn/arbiter.py", line 242, in handle_chld
    self.reap_workers()
  File "/home/thala_thalapathy/.local/lib/python3.10/site-packages/gunicorn/arbiter.py", line 530, in reap_workers
    raise HaltServer(reason, self.WORKER_BOOT_ERROR)
gunicorn.errors.HaltServer: <HaltServer 'Worker failed to boot.' 3>

During handling of the above exception, another exception occurred:

Traceback (most recent call last):
  File "/home/thala_thalapathy/.local/bin/gunicorn", line 8, in <module>
    sys.exit(run())
  File "/home/thala_thalapathy/.local/lib/python3.10/site-packages/gunicorn/app/wsgiapp.py", line 67, in run
    WSGIApplication("%(prog)s [OPTIONS] [APP_MODULE]").run()
  File "/home/thala_thalapathy/.local/lib/python3.10/site-packages/gunicorn/app/base.py", line 236, in run
    super().run()
  File "/home/thala_thalapathy/.local/lib/python3.10/site-packages/gunicorn/app/base.py", line 72, in run
    Arbiter(self).run()
  File "/home/thala_thalapathy/.local/lib/python3.10/site-packages/gunicorn/arbiter.py", line 229, in run
    self.halt(reason=inst.reason, exit_status=inst.exit_status)
  File "/home/thala_thalapathy/.local/lib/python3.10/site-packages/gunicorn/arbiter.py", line 342, in halt
    self.stop()
  File "/home/thala_thalapathy/.local/lib/python3.10/site-packages/gunicorn/arbiter.py", line 396, in stop
    time.sleep(0.1)
  File "/home/thala_thalapathy/.local/lib/python3.10/site-packages/gunicorn/arbiter.py", line 242, in handle_chld
    self.reap_workers()
  File "/home/thala_thalapathy/.local/lib/python3.10/site-packages/gunicorn/arbiter.py", line 530, in reap_workers
    raise HaltServer(reason, self.WORKER_BOOT_ERROR)
gunicorn.errors.HaltServer: <HaltServer 'Worker failed to boot.' 3>
[2026-02-27 19:51:15 +0000] [1411680] [ERROR] Exception in worker process
Traceback (most recent call last):
  File "/home/thala_thalapathy/.local/lib/python3.10/site-packages/gunicorn/arbiter.py", line 609, in spawn_worker
    worker.init_process()
  File "/home/thala_thalapathy/.local/lib/python3.10/site-packages/gunicorn/workers/base.py", line 134, in init_process
    self.load_wsgi()
  File "/home/thala_thalapathy/.local/lib/python3.10/site-packages/gunicorn/workers/base.py", line 146, in load_wsgi
    self.wsgi = self.app.wsgi()
  File "/home/thala_thalapathy/.local/lib/python3.10/site-packages/gunicorn/app/base.py", line 67, in wsgi
    self.callable = self.load()
  File "/home/thala_thalapathy/.local/lib/python3.10/site-packages/gunicorn/app/wsgiapp.py", line 58, in load
    return self.load_wsgiapp()
  File "/home/thala_thalapathy/.local/lib/python3.10/site-packages/gunicorn/app/wsgiapp.py", line 48, in load_wsgiapp
    return util.import_app(self.app_uri)
  File "/home/thala_thalapathy/.local/lib/python3.10/site-packages/gunicorn/util.py", line 371, in import_app
    mod = importlib.import_module(module)
  File "/usr/lib/python3.10/importlib/__init__.py", line 126, in import_module
    return _bootstrap._gcd_import(name[level:], package, level)
  File "<frozen importlib._bootstrap>", line 1050, in _gcd_import
  File "<frozen importlib._bootstrap>", line 1027, in _find_and_load
  File "<frozen importlib._bootstrap>", line 1006, in _find_and_load_unlocked
  File "<frozen importlib._bootstrap>", line 688, in _load_unlocked
  File "<frozen importlib._bootstrap_external>", line 883, in exec_module
  File "<frozen importlib._bootstrap>", line 241, in _call_with_frames_removed
  File "/home/thala_thalapathy/kamaraj-portal1/app.py", line 17, in <module>
    from flask import Response, make_respons
ImportError: cannot import name 'make_respons' from 'flask' (/home/thala_thalapathy/.local/lib/python3.10/site-packages/flask/__init__.py)
[2026-02-27 19:51:15 +0000] [1411680] [INFO] Worker exiting (pid: 1411680)
[2026-02-27 19:52:52 +0000] [1412051] [INFO] Starting gunicorn 21.2.0
[2026-02-27 19:52:52 +0000] [1412051] [INFO] Listening at: http://0.0.0.0:10000 (1412051)
[2026-02-27 19:52:52 +0000] [1412051] [INFO] Using worker: sync
[2026-02-27 19:52:52 +0000] [1412053] [INFO] Booting worker with pid: 1412053
[2026-02-27 19:52:52 +0000] [1412054] [INFO] Booting worker with pid: 1412054
[2026-02-27 19:52:52 +0000] [1412053] [ERROR] Exception in worker process
Traceback (most recent call last):
  File "/home/thala_thalapathy/.local/lib/python3.10/site-packages/gunicorn/arbiter.py", line 609, in spawn_worker
    worker.init_process()
  File "/home/thala_thalapathy/.local/lib/python3.10/site-packages/gunicorn/workers/base.py", line 134, in init_process
    self.load_wsgi()
  File "/home/thala_thalapathy/.local/lib/python3.10/site-packages/gunicorn/workers/base.py", line 146, in load_wsgi
    self.wsgi = self.app.wsgi()
  File "/home/thala_thalapathy/.local/lib/python3.10/site-packages/gunicorn/app/base.py", line 67, in wsgi
    self.callable = self.load()
  File "/home/thala_thalapathy/.local/lib/python3.10/site-packages/gunicorn/app/wsgiapp.py", line 58, in load
    return self.load_wsgiapp()
  File "/home/thala_thalapathy/.local/lib/python3.10/site-packages/gunicorn/app/wsgiapp.py", line 48, in load_wsgiapp
    return util.import_app(self.app_uri)
  File "/home/thala_thalapathy/.local/lib/python3.10/site-packages/gunicorn/util.py", line 371, in import_app
    mod = importlib.import_module(module)
  File "/usr/lib/python3.10/importlib/__init__.py", line 126, in import_module
    return _bootstrap._gcd_import(name[level:], package, level)
  File "<frozen importlib._bootstrap>", line 1050, in _gcd_import
  File "<frozen importlib._bootstrap>", line 1027, in _find_and_load
  File "<frozen importlib._bootstrap>", line 1006, in _find_and_load_unlocked
  File "<frozen importlib._bootstrap>", line 688, in _load_unlocked
  File "<frozen importlib._bootstrap_external>", line 883, in exec_module
  File "<frozen importlib._bootstrap>", line 241, in _call_with_frames_removed
  File "/home/thala_thalapathy/kamaraj-portal1/app.py", line 435, in <module>
    e
NameError: name 'e' is not defined
[2026-02-27 19:52:52 +0000] [1412053] [INFO] Worker exiting (pid: 1412053)
[2026-02-27 19:52:52 +0000] [1412061] [INFO] Booting worker with pid: 1412061
[2026-02-27 19:52:52 +0000] [1412051] [ERROR] Worker (pid:1412053) exited with code 3
[2026-02-27 19:52:52 +0000] [1412054] [ERROR] Exception in worker process
Traceback (most recent call last):
  File "/home/thala_thalapathy/.local/lib/python3.10/site-packages/gunicorn/arbiter.py", line 609, in spawn_worker
    worker.init_process()
  File "/home/thala_thalapathy/.local/lib/python3.10/site-packages/gunicorn/workers/base.py", line 134, in init_process
    self.load_wsgi()
  File "/home/thala_thalapathy/.local/lib/python3.10/site-packages/gunicorn/workers/base.py", line 146, in load_wsgi
    self.wsgi = self.app.wsgi()
  File "/home/thala_thalapathy/.local/lib/python3.10/site-packages/gunicorn/app/base.py", line 67, in wsgi
    self.callable = self.load()
  File "/home/thala_thalapathy/.local/lib/python3.10/site-packages/gunicorn/app/wsgiapp.py", line 58, in load
    return self.load_wsgiapp()
  File "/home/thala_thalapathy/.local/lib/python3.10/site-packages/gunicorn/app/wsgiapp.py", line 48, in load_wsgiapp
    return util.import_app(self.app_uri)
  File "/home/thala_thalapathy/.local/lib/python3.10/site-packages/gunicorn/util.py", line 371, in import_app
    mod = importlib.import_module(module)
  File "/usr/lib/python3.10/importlib/__init__.py", line 126, in import_module
    return _bootstrap._gcd_import(name[level:], package, level)
  File "<frozen importlib._bootstrap>", line 1050, in _gcd_import
  File "<frozen importlib._bootstrap>", line 1027, in _find_and_load
  File "<frozen importlib._bootstrap>", line 1006, in _find_and_load_unlocked
  File "<frozen importlib._bootstrap>", line 688, in _load_unlocked
  File "<frozen importlib._bootstrap_external>", line 883, in exec_module
  File "<frozen importlib._bootstrap>", line 241, in _call_with_frames_removed
  File "/home/thala_thalapathy/kamaraj-portal1/app.py", line 435, in <module>
    e
NameError: name 'e' is not defined
[2026-02-27 19:52:52 +0000] [1412054] [INFO] Worker exiting (pid: 1412054)
[2026-02-27 19:52:52 +0000] [1412051] [ERROR] Worker (pid:1412054) exited with code 3
Traceback (most recent call last):
  File "/home/thala_thalapathy/.local/lib/python3.10/site-packages/gunicorn/arbiter.py", line 202, in run
    self.manage_workers()
  File "/home/thala_thalapathy/.local/lib/python3.10/site-packages/gunicorn/arbiter.py", line 571, in manage_workers
    self.spawn_workers()
  File "/home/thala_thalapathy/.local/lib/python3.10/site-packages/gunicorn/arbiter.py", line 643, in spawn_workers
    time.sleep(0.1 * random.random())
  File "/home/thala_thalapathy/.local/lib/python3.10/site-packages/gunicorn/arbiter.py", line 242, in handle_chld
    self.reap_workers()
  File "/home/thala_thalapathy/.local/lib/python3.10/site-packages/gunicorn/arbiter.py", line 530, in reap_workers
    raise HaltServer(reason, self.WORKER_BOOT_ERROR)
gunicorn.errors.HaltServer: <HaltServer 'Worker failed to boot.' 3>

During handling of the above exception, another exception occurred:

Traceback (most recent call last):
  File "/home/thala_thalapathy/.local/bin/gunicorn", line 8, in <module>
    sys.exit(run())
  File "/home/thala_thalapathy/.local/lib/python3.10/site-packages/gunicorn/app/wsgiapp.py", line 67, in run
    WSGIApplication("%(prog)s [OPTIONS] [APP_MODULE]").run()
  File "/home/thala_thalapathy/.local/lib/python3.10/site-packages/gunicorn/app/base.py", line 236, in run
    super().run()
  File "/home/thala_thalapathy/.local/lib/python3.10/site-packages/gunicorn/app/base.py", line 72, in run
    Arbiter(self).run()
  File "/home/thala_thalapathy/.local/lib/python3.10/site-packages/gunicorn/arbiter.py", line 229, in run
    self.halt(reason=inst.reason, exit_status=inst.exit_status)
  File "/home/thala_thalapathy/.local/lib/python3.10/site-packages/gunicorn/arbiter.py", line 342, in halt
    self.stop()
  File "/home/thala_thalapathy/.local/lib/python3.10/site-packages/gunicorn/arbiter.py", line 396, in stop
    time.sleep(0.1)
  File "/home/thala_thalapathy/.local/lib/python3.10/site-packages/gunicorn/arbiter.py", line 242, in handle_chld
    self.reap_workers()
  File "/home/thala_thalapathy/.local/lib/python3.10/site-packages/gunicorn/arbiter.py", line 530, in reap_workers
    raise HaltServer(reason, self.WORKER_BOOT_ERROR)
gunicorn.errors.HaltServer: <HaltServer 'Worker failed to boot.' 3>
[2026-02-27 19:52:52 +0000] [1412061] [ERROR] Exception in worker process
Traceback (most recent call last):
  File "/home/thala_thalapathy/.local/lib/python3.10/site-packages/gunicorn/arbiter.py", line 609, in spawn_worker
    worker.init_process()
  File "/home/thala_thalapathy/.local/lib/python3.10/site-packages/gunicorn/workers/base.py", line 134, in init_process
    self.load_wsgi()
  File "/home/thala_thalapathy/.local/lib/python3.10/site-packages/gunicorn/workers/base.py", line 146, in load_wsgi
    self.wsgi = self.app.wsgi()
  File "/home/thala_thalapathy/.local/lib/python3.10/site-packages/gunicorn/app/base.py", line 67, in wsgi
    self.callable = self.load()
  File "/home/thala_thalapathy/.local/lib/python3.10/site-packages/gunicorn/app/wsgiapp.py", line 58, in load
    return self.load_wsgiapp()
  File "/home/thala_thalapathy/.local/lib/python3.10/site-packages/gunicorn/app/wsgiapp.py", line 48, in load_wsgiapp
    return util.import_app(self.app_uri)
  File "/home/thala_thalapathy/.local/lib/python3.10/site-packages/gunicorn/util.py", line 371, in import_app
    mod = importlib.import_module(module)
  File "/usr/lib/python3.10/importlib/__init__.py", line 126, in import_module
    return _bootstrap._gcd_import(name[level:], package, level)
  File "<frozen importlib._bootstrap>", line 1050, in _gcd_import
  File "<frozen importlib._bootstrap>", line 1027, in _find_and_load
  File "<frozen importlib._bootstrap>", line 1006, in _find_and_load_unlocked
  File "<frozen importlib._bootstrap>", line 688, in _load_unlocked
  File "<frozen importlib._bootstrap_external>", line 883, in exec_module
  File "<frozen importlib._bootstrap>", line 241, in _call_with_frames_removed
  File "/home/thala_thalapathy/kamaraj-portal1/app.py", line 435, in <module>
    e
NameError: name 'e' is not defined
[2026-02-27 19:52:52 +0000] [1412061] [INFO] Worker exiting (pid: 1412061)
[2026-02-27 19:53:44 +0000] [1412299] [INFO] Starting gunicorn 21.2.0
[2026-02-27 19:53:44 +0000] [1412299] [INFO] Listening at: http://0.0.0.0:10000 (1412299)
[2026-02-27 19:53:44 +0000] [1412299] [INFO] Using worker: sync
[2026-02-27 19:53:44 +0000] [1412301] [INFO] Booting worker with pid: 1412301
[2026-02-27 19:53:44 +0000] [1412302] [INFO] Booting worker with pid: 1412302
[2026-02-27 19:53:44 +0000] [1412309] [INFO] Booting worker with pid: 1412309
[2026-02-27 19:53:44 +0000] [1412301] [ERROR] Exception in worker process
Traceback (most recent call last):
  File "/home/thala_thalapathy/.local/lib/python3.10/site-packages/gunicorn/arbiter.py", line 609, in spawn_worker
    worker.init_process()
  File "/home/thala_thalapathy/.local/lib/python3.10/site-packages/gunicorn/workers/base.py", line 134, in init_process
    self.load_wsgi()
  File "/home/thala_thalapathy/.local/lib/python3.10/site-packages/gunicorn/workers/base.py", line 146, in load_wsgi
    self.wsgi = self.app.wsgi()
  File "/home/thala_thalapathy/.local/lib/python3.10/site-packages/gunicorn/app/base.py", line 67, in wsgi
    self.callable = self.load()
  File "/home/thala_thalapathy/.local/lib/python3.10/site-packages/gunicorn/app/wsgiapp.py", line 58, in load
    return self.load_wsgiapp()
  File "/home/thala_thalapathy/.local/lib/python3.10/site-packages/gunicorn/app/wsgiapp.py", line 48, in load_wsgiapp
    return util.import_app(self.app_uri)
  File "/home/thala_thalapathy/.local/lib/python3.10/site-packages/gunicorn/util.py", line 371, in import_app
    mod = importlib.import_module(module)
  File "/usr/lib/python3.10/importlib/__init__.py", line 126, in import_module
    return _bootstrap._gcd_import(name[level:], package, level)
  File "<frozen importlib._bootstrap>", line 1050, in _gcd_import
  File "<frozen importlib._bootstrap>", line 1027, in _find_and_load
  File "<frozen importlib._bootstrap>", line 1006, in _find_and_load_unlocked
  File "<frozen importlib._bootstrap>", line 688, in _load_unlocked
  File "<frozen importlib._bootstrap_external>", line 883, in exec_module
  File "<frozen importlib._bootstrap>", line 241, in _call_with_frames_removed
  File "/home/thala_thalapathy/kamaraj-portal1/app.py", line 435, in <module>
    e
NameError: name 'e' is not defined
[2026-02-27 19:53:44 +0000] [1412301] [INFO] Worker exiting (pid: 1412301)
[2026-02-27 19:53:44 +0000] [1412299] [ERROR] Worker (pid:1412301) exited with code 3
[2026-02-27 19:53:44 +0000] [1412302] [ERROR] Exception in worker process
Traceback (most recent call last):
  File "/home/thala_thalapathy/.local/lib/python3.10/site-packages/gunicorn/arbiter.py", line 609, in spawn_worker
    worker.init_process()
  File "/home/thala_thalapathy/.local/lib/python3.10/site-packages/gunicorn/workers/base.py", line 134, in init_process
    self.load_wsgi()
  File "/home/thala_thalapathy/.local/lib/python3.10/site-packages/gunicorn/workers/base.py", line 146, in load_wsgi
    self.wsgi = self.app.wsgi()
  File "/home/thala_thalapathy/.local/lib/python3.10/site-packages/gunicorn/app/base.py", line 67, in wsgi
    self.callable = self.load()
  File "/home/thala_thalapathy/.local/lib/python3.10/site-packages/gunicorn/app/wsgiapp.py", line 58, in load
    return self.load_wsgiapp()
  File "/home/thala_thalapathy/.local/lib/python3.10/site-packages/gunicorn/app/wsgiapp.py", line 48, in load_wsgiapp
    return util.import_app(self.app_uri)
  File "/home/thala_thalapathy/.local/lib/python3.10/site-packages/gunicorn/util.py", line 371, in import_app
    mod = importlib.import_module(module)
  File "/usr/lib/python3.10/importlib/__init__.py", line 126, in import_module
    return _bootstrap._gcd_import(name[level:], package, level)
  File "<frozen importlib._bootstrap>", line 1050, in _gcd_import
  File "<frozen importlib._bootstrap>", line 1027, in _find_and_load
  File "<frozen importlib._bootstrap>", line 1006, in _find_and_load_unlocked
  File "<frozen importlib._bootstrap>", line 688, in _load_unlocked
  File "<frozen importlib._bootstrap_external>", line 883, in exec_module
  File "<frozen importlib._bootstrap>", line 241, in _call_with_frames_removed
  File "/home/thala_thalapathy/kamaraj-portal1/app.py", line 435, in <module>
    e
NameError: name 'e' is not defined
[2026-02-27 19:53:44 +0000] [1412302] [INFO] Worker exiting (pid: 1412302)
[2026-02-27 19:53:44 +0000] [1412299] [ERROR] Worker (pid:1412302) exited with code 3
[2026-02-27 19:53:44 +0000] [1412309] [ERROR] Exception in worker process
Traceback (most recent call last):
  File "/home/thala_thalapathy/.local/lib/python3.10/site-packages/gunicorn/arbiter.py", line 609, in spawn_worker
    worker.init_process()
  File "/home/thala_thalapathy/.local/lib/python3.10/site-packages/gunicorn/workers/base.py", line 134, in init_process
    self.load_wsgi()
  File "/home/thala_thalapathy/.local/lib/python3.10/site-packages/gunicorn/workers/base.py", line 146, in load_wsgi
    self.wsgi = self.app.wsgi()
  File "/home/thala_thalapathy/.local/lib/python3.10/site-packages/gunicorn/app/base.py", line 67, in wsgi
    self.callable = self.load()
  File "/home/thala_thalapathy/.local/lib/python3.10/site-packages/gunicorn/app/wsgiapp.py", line 58, in load
    return self.load_wsgiapp()
  File "/home/thala_thalapathy/.local/lib/python3.10/site-packages/gunicorn/app/wsgiapp.py", line 48, in load_wsgiapp
    return util.import_app(self.app_uri)
  File "/home/thala_thalapathy/.local/lib/python3.10/site-packages/gunicorn/util.py", line 371, in import_app
    mod = importlib.import_module(module)
  File "/usr/lib/python3.10/importlib/__init__.py", line 126, in import_module
    return _bootstrap._gcd_import(name[level:], package, level)
  File "<frozen importlib._bootstrap>", line 1050, in _gcd_import
  File "<frozen importlib._bootstrap>", line 1027, in _find_and_load
  File "<frozen importlib._bootstrap>", line 1006, in _find_and_load_unlocked
  File "<frozen importlib._bootstrap>", line 688, in _load_unlocked
  File "<frozen importlib._bootstrap_external>", line 883, in exec_module
  File "<frozen importlib._bootstrap>", line 241, in _call_with_frames_removed
  File "/home/thala_thalapathy/kamaraj-portal1/app.py", line 435, in <module>
    e
NameError: name 'e' is not defined
[2026-02-27 19:53:44 +0000] [1412309] [INFO] Worker exiting (pid: 1412309)
Traceback (most recent call last):
  File "/home/thala_thalapathy/.local/lib/python3.10/site-packages/gunicorn/arbiter.py", line 202, in run
    self.manage_workers()
  File "/home/thala_thalapathy/.local/lib/python3.10/site-packages/gunicorn/arbiter.py", line 571, in manage_workers
    self.spawn_workers()
  File "/home/thala_thalapathy/.local/lib/python3.10/site-packages/gunicorn/arbiter.py", line 643, in spawn_workers
    time.sleep(0.1 * random.random())
  File "/home/thala_thalapathy/.local/lib/python3.10/site-packages/gunicorn/arbiter.py", line 242, in handle_chld
    self.reap_workers()
  File "/home/thala_thalapathy/.local/lib/python3.10/site-packages/gunicorn/arbiter.py", line 530, in reap_workers
    raise HaltServer(reason, self.WORKER_BOOT_ERROR)
gunicorn.errors.HaltServer: <HaltServer 'Worker failed to boot.' 3>

During handling of the above exception, another exception occurred:

Traceback (most recent call last):
  File "/home/thala_thalapathy/.local/bin/gunicorn", line 8, in <module>
    sys.exit(run())
  File "/home/thala_thalapathy/.local/lib/python3.10/site-packages/gunicorn/app/wsgiapp.py", line 67, in run
    WSGIApplication("%(prog)s [OPTIONS] [APP_MODULE]").run()
  File "/home/thala_thalapathy/.local/lib/python3.10/site-packages/gunicorn/app/base.py", line 236, in run
    super().run()
  File "/home/thala_thalapathy/.local/lib/python3.10/site-packages/gunicorn/app/base.py", line 72, in run
    Arbiter(self).run()
  File "/home/thala_thalapathy/.local/lib/python3.10/site-packages/gunicorn/arbiter.py", line 229, in run
    self.halt(reason=inst.reason, exit_status=inst.exit_status)
  File "/home/thala_thalapathy/.local/lib/python3.10/site-packages/gunicorn/arbiter.py", line 342, in halt
    self.stop()
  File "/home/thala_thalapathy/.local/lib/python3.10/site-packages/gunicorn/arbiter.py", line 396, in stop
    time.sleep(0.1)
  File "/home/thala_thalapathy/.local/lib/python3.10/site-packages/gunicorn/arbiter.py", line 242, in handle_chld
    self.reap_workers()
  File "/home/thala_thalapathy/.local/lib/python3.10/site-packages/gunicorn/arbiter.py", line 530, in reap_workers
    raise HaltServer(reason, self.WORKER_BOOT_ERROR)
gunicorn.errors.HaltServer: <HaltServer 'Worker failed to boot.' 3>
[2026-02-27 19:54:46 +0000] [1412565] [INFO] Starting gunicorn 21.2.0
[2026-02-27 19:54:46 +0000] [1412565] [INFO] Listening at: http://0.0.0.0:10000 (1412565)
[2026-02-27 19:54:46 +0000] [1412565] [INFO] Using worker: sync
[2026-02-27 19:54:46 +0000] [1412567] [INFO] Booting worker with pid: 1412567
[2026-02-27 19:54:46 +0000] [1412568] [INFO] Booting worker with pid: 1412568
[2026-02-27 19:54:46 +0000] [1412569] [INFO] Booting worker with pid: 1412569
[2026-02-27 19:54:46 +0000] [1412582] [INFO] Booting worker with pid: 1412582
[2026-02-27 19:54:46 +0000] [1412583] [INFO] Booting worker with pid: 1412583
[2026-02-27 19:54:46 +0000] [1412590] [INFO] Booting worker with pid: 1412590
[2026-02-27 19:54:46 +0000] [1412603] [INFO] Booting worker with pid: 1412603
[2026-02-27 19:54:46 +0000] [1412604] [INFO] Booting worker with pid: 1412604
[2026-02-27 19:58:49 +0000] [1412569] [INFO] Worker exiting (pid: 1412569)
[2026-02-27 19:58:49 +0000] [1412603] [INFO] Worker exiting (pid: 1412603)
[2026-02-27 19:58:49 +0000] [1412583] [INFO] Worker exiting (pid: 1412583)
[2026-02-27 19:58:49 +0000] [1412568] [INFO] Worker exiting (pid: 1412568)
[2026-02-27 19:58:49 +0000] [1412567] [INFO] Worker exiting (pid: 1412567)
[2026-02-27 19:58:49 +0000] [1412590] [INFO] Worker exiting (pid: 1412590)
[2026-02-27 19:58:49 +0000] [1412582] [INFO] Worker exiting (pid: 1412582)
[2026-02-27 19:58:49 +0000] [1412604] [INFO] Worker exiting (pid: 1412604)
[2026-02-27 19:58:49 +0000] [1412565] [INFO] Handling signal: term
[2026-02-27 19:58:49 +0000] [1412565] [ERROR] Worker (pid:1412568) was sent SIGTERM!
[2026-02-27 19:58:49 +0000] [1412565] [ERROR] Worker (pid:1412567) was sent SIGTERM!
[2026-02-27 19:58:49 +0000] [1412565] [ERROR] Worker (pid:1412582) was sent SIGTERM!
[2026-02-27 19:58:49 +0000] [1412565] [ERROR] Worker (pid:1412583) was sent SIGTERM!
[2026-02-27 19:58:49 +0000] [1412565] [ERROR] Worker (pid:1412590) was sent SIGTERM!
[2026-02-27 19:58:49 +0000] [1412565] [ERROR] Worker (pid:1412603) was sent SIGTERM!
[2026-02-27 19:58:49 +0000] [1412565] [ERROR] Worker (pid:1412604) was sent SIGTERM!
[2026-02-27 19:58:49 +0000] [1412565] [ERROR] Worker (pid:1412569) was sent SIGTERM!
[2026-02-27 19:58:49 +0000] [1412565] [INFO] Shutting down: Master
[2026-02-27 20:01:17 +0000] [1413882] [INFO] Starting gunicorn 21.2.0
[2026-02-27 20:01:17 +0000] [1413882] [INFO] Listening at: http://0.0.0.0:10000 (1413882)
[2026-02-27 20:01:17 +0000] [1413882] [INFO] Using worker: sync
[2026-02-27 20:01:17 +0000] [1413884] [INFO] Booting worker with pid: 1413884
[2026-02-27 20:01:17 +0000] [1413885] [INFO] Booting worker with pid: 1413885
[2026-02-27 20:01:17 +0000] [1413886] [INFO] Booting worker with pid: 1413886
[2026-02-27 20:01:17 +0000] [1413899] [INFO] Booting worker with pid: 1413899
[2026-02-27 20:01:17 +0000] [1413906] [INFO] Booting worker with pid: 1413906
[2026-02-27 20:01:17 +0000] [1413913] [INFO] Booting worker with pid: 1413913
[2026-02-27 20:01:18 +0000] [1413920] [INFO] Booting worker with pid: 1413920
[2026-02-27 20:01:18 +0000] [1413927] [INFO] Booting worker with pid: 1413927
[2026-02-27 20:01:22,545] ERROR in app: Exception on /admin [GET]
Traceback (most recent call last):
  File "/home/thala_thalapathy/.local/lib/python3.10/site-packages/flask/app.py", line 1455, in wsgi_app
    response = self.full_dispatch_request()
  File "/home/thala_thalapathy/.local/lib/python3.10/site-packages/flask/app.py", line 869, in full_dispatch_request
    rv = self.handle_user_exception(e)
  File "/home/thala_thalapathy/.local/lib/python3.10/site-packages/flask/app.py", line 867, in full_dispatch_request
    rv = self.dispatch_request()
  File "/home/thala_thalapathy/.local/lib/python3.10/site-packages/flask/app.py", line 852, in dispatch_request
    return self.ensure_sync(self.view_functions[rule.endpoint])(**view_args)
  File "/home/thala_thalapathy/kamaraj-portal1/app.py", line 408, in admin
    return render_template("admin.html",
  File "/home/thala_thalapathy/.local/lib/python3.10/site-packages/flask/templating.py", line 152, in render_template
    return _render(app, template, context)
  File "/home/thala_thalapathy/.local/lib/python3.10/site-packages/flask/templating.py", line 133, in _render
    rv = template.render(context)
  File "/home/thala_thalapathy/.local/lib/python3.10/site-packages/jinja2/environment.py", line 1295, in render
    self.environment.handle_exception()
  File "/home/thala_thalapathy/.local/lib/python3.10/site-packages/jinja2/environment.py", line 942, in handle_exception
    raise rewrite_traceback_stack(source=source)
  File "/home/thala_thalapathy/kamaraj-portal1/templates/admin.html", line 1, in top-level template code
    {% extends "layout.html" %}
  File "/home/thala_thalapathy/kamaraj-portal1/templates/layout.html", line 94, in top-level template code
    {% block content %}{% endblock %}
  File "/home/thala_thalapathy/kamaraj-portal1/templates/admin.html", line 289, in block 'content'
    <div class="value">{{ (report|selectattr('status', 'equalto', 'Completed')|list|length / count * 100)|round|int }}%</div>
jinja2.exceptions.UndefinedError: 'count' is undefined
[2026-02-27 20:02:31 +0000] [1413906] [INFO] Worker exiting (pid: 1413906)
[2026-02-27 20:02:31 +0000] [1413885] [INFO] Worker exiting (pid: 1413885)
[2026-02-27 20:02:31 +0000] [1413899] [INFO] Worker exiting (pid: 1413899)
[2026-02-27 20:02:31 +0000] [1413927] [INFO] Worker exiting (pid: 1413927)
[2026-02-27 20:02:31 +0000] [1413886] [INFO] Worker exiting (pid: 1413886)
[2026-02-27 20:02:31 +0000] [1413884] [INFO] Worker exiting (pid: 1413884)
[2026-02-27 20:02:31 +0000] [1413913] [INFO] Worker exiting (pid: 1413913)
[2026-02-27 20:02:31 +0000] [1413920] [INFO] Worker exiting (pid: 1413920)
[2026-02-27 20:02:31 +0000] [1413882] [INFO] Handling signal: term
[2026-02-27 20:02:31 +0000] [1413882] [ERROR] Worker (pid:1413885) was sent SIGTERM!
[2026-02-27 20:02:31 +0000] [1413882] [ERROR] Worker (pid:1413884) was sent SIGTERM!
[2026-02-27 20:02:31 +0000] [1413882] [ERROR] Worker (pid:1413886) was sent SIGTERM!
[2026-02-27 20:02:31 +0000] [1413882] [ERROR] Worker (pid:1413899) was sent SIGTERM!
[2026-02-27 20:02:31 +0000] [1413882] [ERROR] Worker (pid:1413906) was sent SIGTERM!
[2026-02-27 20:02:31 +0000] [1413882] [ERROR] Worker (pid:1413913) was sent SIGTERM!
[2026-02-27 20:02:31 +0000] [1413882] [ERROR] Worker (pid:1413920) was sent SIGTERM!
[2026-02-27 20:02:31 +0000] [1413882] [ERROR] Worker (pid:1413927) was sent SIGTERM!
[2026-02-27 20:02:31 +0000] [1413882] [INFO] Shutting down: Master
[2026-02-27 20:02:33 +0000] [1414283] [INFO] Starting gunicorn 21.2.0
[2026-02-27 20:02:33 +0000] [1414283] [INFO] Listening at: http://0.0.0.0:10000 (1414283)
[2026-02-27 20:02:33 +0000] [1414283] [INFO] Using worker: sync
[2026-02-27 20:02:33 +0000] [1414286] [INFO] Booting worker with pid: 1414286
[2026-02-27 20:02:33 +0000] [1414287] [INFO] Booting worker with pid: 1414287
[2026-02-27 20:02:33 +0000] [1414294] [INFO] Booting worker with pid: 1414294
[2026-02-27 20:02:33 +0000] [1414295] [INFO] Booting worker with pid: 1414295
[2026-02-27 20:02:33 +0000] [1414302] [INFO] Booting worker with pid: 1414302
[2026-02-27 20:02:33 +0000] [1414303] [INFO] Booting worker with pid: 1414303
[2026-02-27 20:02:33 +0000] [1414316] [INFO] Booting worker with pid: 1414316
[2026-02-27 20:02:33 +0000] [1414329] [INFO] Booting worker with pid: 1414329
[2026-02-27 20:25:08 +0000] [1419867] [INFO] Starting gunicorn 21.2.0
[2026-02-27 20:25:08 +0000] [1419867] [INFO] Listening at: http://0.0.0.0:10000 (1419867)
[2026-02-27 20:25:08 +0000] [1419867] [INFO] Using worker: sync
[2026-02-27 20:25:08 +0000] [1419869] [INFO] Booting worker with pid: 1419869
[2026-02-27 20:25:08 +0000] [1419870] [INFO] Booting worker with pid: 1419870
[2026-02-27 20:25:08 +0000] [1419883] [INFO] Booting worker with pid: 1419883
[2026-02-27 20:25:08 +0000] [1419884] [INFO] Booting worker with pid: 1419884
[2026-02-27 20:25:08 +0000] [1419885] [INFO] Booting worker with pid: 1419885
[2026-02-27 20:25:08 +0000] [1419886] [INFO] Booting worker with pid: 1419886
[2026-02-27 20:25:08 +0000] [1419893] [INFO] Booting worker with pid: 1419893
[2026-02-27 20:25:08 +0000] [1419912] [INFO] Booting worker with pid: 1419912
[2026-02-28 07:24:41 +0000] [1419883] [INFO] Worker exiting (pid: 1419883)
[2026-02-28 07:24:41 +0000] [1419869] [INFO] Worker exiting (pid: 1419869)
[2026-02-28 07:24:41 +0000] [1419912] [INFO] Worker exiting (pid: 1419912)
[2026-02-28 07:24:41 +0000] [1419884] [INFO] Worker exiting (pid: 1419884)
[2026-02-28 07:24:41 +0000] [1419885] [INFO] Worker exiting (pid: 1419885)
[2026-02-28 07:24:41 +0000] [1419886] [INFO] Worker exiting (pid: 1419886)
[2026-02-28 07:24:41 +0000] [1419870] [INFO] Worker exiting (pid: 1419870)
[2026-02-28 07:24:41 +0000] [1419893] [INFO] Worker exiting (pid: 1419893)
[2026-02-28 07:24:41 +0000] [1419867] [INFO] Handling signal: term
[2026-02-28 07:24:41 +0000] [1419867] [ERROR] Worker (pid:1419869) was sent SIGTERM!
[2026-02-28 07:24:41 +0000] [1419867] [ERROR] Worker (pid:1419870) was sent SIGTERM!
[2026-02-28 07:24:41 +0000] [1419867] [ERROR] Worker (pid:1419883) was sent SIGTERM!
[2026-02-28 07:24:41 +0000] [1419867] [ERROR] Worker (pid:1419884) was sent SIGTERM!
[2026-02-28 07:24:41 +0000] [1419867] [ERROR] Worker (pid:1419885) was sent SIGTERM!
[2026-02-28 07:24:41 +0000] [1419867] [ERROR] Worker (pid:1419886) was sent SIGTERM!
[2026-02-28 07:24:41 +0000] [1419867] [ERROR] Worker (pid:1419893) was sent SIGTERM!
[2026-02-28 07:24:41 +0000] [1419867] [ERROR] Worker (pid:1419912) was sent SIGTERM!
[2026-02-28 07:24:41 +0000] [1419867] [INFO] Shutting down: Master
[2026-02-28 17:16:39 +0000] [1897083] [INFO] Starting gunicorn 21.2.0
[2026-02-28 17:16:39 +0000] [1897083] [INFO] Listening at: http://0.0.0.0:10000 (1897083)
[2026-02-28 17:16:39 +0000] [1897083] [INFO] Using worker: sync
[2026-02-28 17:16:39 +0000] [1897085] [INFO] Booting worker with pid: 1897085
[2026-02-28 17:16:39 +0000] [1897086] [INFO] Booting worker with pid: 1897086
[2026-02-28 17:16:39 +0000] [1897087] [INFO] Booting worker with pid: 1897087
[2026-02-28 17:16:39 +0000] [1897100] [INFO] Booting worker with pid: 1897100
[2026-02-28 18:31:51 +0000] [1897087] [INFO] Worker exiting (pid: 1897087)
[2026-02-28 18:31:51 +0000] [1897100] [INFO] Worker exiting (pid: 1897100)
[2026-02-28 18:31:51 +0000] [1897085] [INFO] Worker exiting (pid: 1897085)
[2026-02-28 18:31:51 +0000] [1897086] [INFO] Worker exiting (pid: 1897086)
[2026-02-28 18:31:51 +0000] [1897083] [INFO] Handling signal: term
[2026-02-28 18:31:51 +0000] [1897083] [ERROR] Worker (pid:1897086) was sent SIGTERM!
[2026-02-28 18:31:51 +0000] [1897083] [ERROR] Worker (pid:1897087) was sent SIGTERM!
[2026-02-28 18:31:51 +0000] [1897083] [ERROR] Worker (pid:1897100) was sent SIGTERM!
[2026-02-28 18:31:51 +0000] [1897083] [ERROR] Worker (pid:1897085) was sent SIGTERM!
[2026-02-28 18:31:51 +0000] [1897083] [INFO] Shutting down: Master
[2026-02-28 18:31:53 +0000] [1924246] [INFO] Starting gunicorn 21.2.0
[2026-02-28 18:31:53 +0000] [1924246] [INFO] Listening at: http://0.0.0.0:10000 (1924246)
[2026-02-28 18:31:53 +0000] [1924246] [INFO] Using worker: sync
[2026-02-28 18:31:53 +0000] [1924248] [INFO] Booting worker with pid: 1924248
[2026-02-28 18:31:53 +0000] [1924249] [INFO] Booting worker with pid: 1924249
[2026-02-28 18:31:53 +0000] [1924256] [INFO] Booting worker with pid: 1924256
[2026-02-28 18:31:53 +0000] [1924263] [INFO] Booting worker with pid: 1924263
[2026-02-28 18:34:16 +0000] [1924263] [INFO] Worker exiting (pid: 1924263)
[2026-02-28 18:34:16 +0000] [1924256] [INFO] Worker exiting (pid: 1924256)
[2026-02-28 18:34:16 +0000] [1924249] [INFO] Worker exiting (pid: 1924249)
[2026-02-28 18:34:16 +0000] [1924248] [INFO] Worker exiting (pid: 1924248)
[2026-02-28 18:34:16 +0000] [1924246] [INFO] Handling signal: term
[2026-02-28 18:34:16 +0000] [1924246] [INFO] Shutting down: Master
[2026-02-28 18:34:18 +0000] [1924767] [INFO] Starting gunicorn 21.2.0
[2026-02-28 18:34:18 +0000] [1924767] [INFO] Listening at: http://0.0.0.0:10000 (1924767)
[2026-02-28 18:34:18 +0000] [1924767] [INFO] Using worker: sync
[2026-02-28 18:34:18 +0000] [1924769] [INFO] Booting worker with pid: 1924769
[2026-02-28 18:34:18 +0000] [1924770] [INFO] Booting worker with pid: 1924770
[2026-02-28 18:34:18 +0000] [1924771] [INFO] Booting worker with pid: 1924771
[2026-02-28 18:34:18 +0000] [1924778] [INFO] Booting worker with pid: 1924778
[2026-02-28 18:45:24 +0000] [1924769] [INFO] Worker exiting (pid: 1924769)
[2026-02-28 18:45:24 +0000] [1924770] [INFO] Worker exiting (pid: 1924770)
[2026-02-28 18:45:24 +0000] [1924778] [INFO] Worker exiting (pid: 1924778)
[2026-02-28 18:45:24 +0000] [1924771] [INFO] Worker exiting (pid: 1924771)
[2026-02-28 18:45:24 +0000] [1924767] [INFO] Handling signal: term
[2026-02-28 18:45:24 +0000] [1924767] [ERROR] Worker (pid:1924769) was sent SIGTERM!
[2026-02-28 18:45:24 +0000] [1924767] [ERROR] Worker (pid:1924770) was sent SIGTERM!
[2026-02-28 18:45:24 +0000] [1924767] [ERROR] Worker (pid:1924778) was sent SIGTERM!
[2026-02-28 18:45:24 +0000] [1924767] [ERROR] Worker (pid:1924771) was sent SIGTERM!
[2026-02-28 18:45:24 +0000] [1924767] [INFO] Shutting down: Master
[2026-02-28 18:45:25 +0000] [1928099] [INFO] Starting gunicorn 21.2.0
[2026-02-28 18:45:25 +0000] [1928099] [INFO] Listening at: http://0.0.0.0:10000 (1928099)
[2026-02-28 18:45:25 +0000] [1928099] [INFO] Using worker: sync
[2026-02-28 18:45:25 +0000] [1928101] [INFO] Booting worker with pid: 1928101
[2026-02-28 18:45:25 +0000] [1928102] [INFO] Booting worker with pid: 1928102
[2026-02-28 18:45:25 +0000] [1928109] [INFO] Booting worker with pid: 1928109
[2026-02-28 18:45:25 +0000] [1928116] [INFO] Booting worker with pid: 1928116
[2026-02-28 19:14:21 +0000] [1928116] [INFO] Worker exiting (pid: 1928116)
[2026-02-28 19:14:21 +0000] [1928102] [INFO] Worker exiting (pid: 1928102)
[2026-02-28 19:14:21 +0000] [1928109] [INFO] Worker exiting (pid: 1928109)
[2026-02-28 19:14:21 +0000] [1928101] [INFO] Worker exiting (pid: 1928101)
[2026-02-28 19:14:21 +0000] [1928099] [INFO] Handling signal: term
[2026-02-28 19:14:21 +0000] [1928099] [ERROR] Worker (pid:1928116) was sent SIGTERM!
[2026-02-28 19:14:21 +0000] [1928099] [ERROR] Worker (pid:1928101) was sent SIGTERM!
[2026-02-28 19:14:21 +0000] [1928099] [ERROR] Worker (pid:1928102) was sent SIGTERM!
[2026-02-28 19:14:21 +0000] [1928099] [ERROR] Worker (pid:1928109) was sent SIGTERM!
[2026-02-28 19:14:21 +0000] [1928099] [INFO] Shutting down: Master
[2026-02-28 19:14:23 +0000] [1937827] [INFO] Starting gunicorn 21.2.0
[2026-02-28 19:14:23 +0000] [1937827] [INFO] Listening at: http://0.0.0.0:10000 (1937827)
[2026-02-28 19:14:23 +0000] [1937827] [INFO] Using worker: sync
[2026-02-28 19:14:23 +0000] [1937829] [INFO] Booting worker with pid: 1937829
[2026-02-28 19:14:23 +0000] [1937830] [INFO] Booting worker with pid: 1937830
[2026-02-28 19:14:23 +0000] [1937831] [INFO] Booting worker with pid: 1937831
[2026-02-28 19:14:23 +0000] [1937829] [ERROR] Exception in worker process
Traceback (most recent call last):
  File "/home/thala_thalapathy/.local/lib/python3.10/site-packages/gunicorn/arbiter.py", line 609, in spawn_worker
    worker.init_process()
  File "/home/thala_thalapathy/.local/lib/python3.10/site-packages/gunicorn/workers/base.py", line 134, in init_process
    self.load_wsgi()
  File "/home/thala_thalapathy/.local/lib/python3.10/site-packages/gunicorn/workers/base.py", line 146, in load_wsgi
    self.wsgi = self.app.wsgi()
  File "/home/thala_thalapathy/.local/lib/python3.10/site-packages/gunicorn/app/base.py", line 67, in wsgi
    self.callable = self.load()
  File "/home/thala_thalapathy/.local/lib/python3.10/site-packages/gunicorn/app/wsgiapp.py", line 58, in load
    return self.load_wsgiapp()
  File "/home/thala_thalapathy/.local/lib/python3.10/site-packages/gunicorn/app/wsgiapp.py", line 48, in load_wsgiapp
    return util.import_app(self.app_uri)
  File "/home/thala_thalapathy/.local/lib/python3.10/site-packages/gunicorn/util.py", line 371, in import_app
    mod = importlib.import_module(module)
  File "/usr/lib/python3.10/importlib/__init__.py", line 126, in import_module
    return _bootstrap._gcd_import(name[level:], package, level)
  File "<frozen importlib._bootstrap>", line 1050, in _gcd_import
  File "<frozen importlib._bootstrap>", line 1027, in _find_and_load
  File "<frozen importlib._bootstrap>", line 1006, in _find_and_load_unlocked
  File "<frozen importlib._bootstrap>", line 688, in _load_unlocked
  File "<frozen importlib._bootstrap_external>", line 883, in exec_module
  File "<frozen importlib._bootstrap>", line 241, in _call_with_frames_removed
  File "/home/thala_thalapathy/kamaraj-portal1/app.py", line 13, in <module>
    from test_cases_data import TEST_CASES_DICT
  File "/home/thala_thalapathy/kamaraj-portal1/test_cases_data.py", line 189
    {"input_data": "[1,2,3,4,5]", 2", "expected_output": "[4,5,1,2,3]"},
                                                                     ^
SyntaxError: unterminated string literal (detected at line 189)
[2026-02-28 19:14:23 +0000] [1937829] [INFO] Worker exiting (pid: 1937829)
[2026-02-28 19:14:23 +0000] [1937832] [INFO] Booting worker with pid: 1937832
[2026-02-28 19:14:23 +0000] [1937827] [ERROR] Worker (pid:1937829) exited with code 3
[2026-02-28 19:14:23 +0000] [1937830] [ERROR] Exception in worker process
Traceback (most recent call last):
  File "/home/thala_thalapathy/.local/lib/python3.10/site-packages/gunicorn/arbiter.py", line 609, in spawn_worker
    worker.init_process()
  File "/home/thala_thalapathy/.local/lib/python3.10/site-packages/gunicorn/workers/base.py", line 134, in init_process
    self.load_wsgi()
  File "/home/thala_thalapathy/.local/lib/python3.10/site-packages/gunicorn/workers/base.py", line 146, in load_wsgi
    self.wsgi = self.app.wsgi()
  File "/home/thala_thalapathy/.local/lib/python3.10/site-packages/gunicorn/app/base.py", line 67, in wsgi
    self.callable = self.load()
  File "/home/thala_thalapathy/.local/lib/python3.10/site-packages/gunicorn/app/wsgiapp.py", line 58, in load
    return self.load_wsgiapp()
  File "/home/thala_thalapathy/.local/lib/python3.10/site-packages/gunicorn/app/wsgiapp.py", line 48, in load_wsgiapp
    return util.import_app(self.app_uri)
  File "/home/thala_thalapathy/.local/lib/python3.10/site-packages/gunicorn/util.py", line 371, in import_app
    mod = importlib.import_module(module)
  File "/usr/lib/python3.10/importlib/__init__.py", line 126, in import_module
    return _bootstrap._gcd_import(name[level:], package, level)
  File "<frozen importlib._bootstrap>", line 1050, in _gcd_import
  File "<frozen importlib._bootstrap>", line 1027, in _find_and_load
  File "<frozen importlib._bootstrap>", line 1006, in _find_and_load_unlocked
  File "<frozen importlib._bootstrap>", line 688, in _load_unlocked
  File "<frozen importlib._bootstrap_external>", line 883, in exec_module
  File "<frozen importlib._bootstrap>", line 241, in _call_with_frames_removed
  File "/home/thala_thalapathy/kamaraj-portal1/app.py", line 13, in <module>
    from test_cases_data import TEST_CASES_DICT
  File "/home/thala_thalapathy/kamaraj-portal1/test_cases_data.py", line 189
    {"input_data": "[1,2,3,4,5]", 2", "expected_output": "[4,5,1,2,3]"},
                                                                     ^
SyntaxError: unterminated string literal (detected at line 189)
[2026-02-28 19:14:23 +0000] [1937830] [INFO] Worker exiting (pid: 1937830)
[2026-02-28 19:14:23 +0000] [1937831] [ERROR] Exception in worker process
Traceback (most recent call last):
  File "/home/thala_thalapathy/.local/lib/python3.10/site-packages/gunicorn/arbiter.py", line 609, in spawn_worker
    worker.init_process()
  File "/home/thala_thalapathy/.local/lib/python3.10/site-packages/gunicorn/workers/base.py", line 134, in init_process
    self.load_wsgi()
  File "/home/thala_thalapathy/.local/lib/python3.10/site-packages/gunicorn/workers/base.py", line 146, in load_wsgi
    self.wsgi = self.app.wsgi()
  File "/home/thala_thalapathy/.local/lib/python3.10/site-packages/gunicorn/app/base.py", line 67, in wsgi
    self.callable = self.load()
  File "/home/thala_thalapathy/.local/lib/python3.10/site-packages/gunicorn/app/wsgiapp.py", line 58, in load
    return self.load_wsgiapp()
  File "/home/thala_thalapathy/.local/lib/python3.10/site-packages/gunicorn/app/wsgiapp.py", line 48, in load_wsgiapp
    return util.import_app(self.app_uri)
  File "/home/thala_thalapathy/.local/lib/python3.10/site-packages/gunicorn/util.py", line 371, in import_app
    mod = importlib.import_module(module)
  File "/usr/lib/python3.10/importlib/__init__.py", line 126, in import_module
    return _bootstrap._gcd_import(name[level:], package, level)
  File "<frozen importlib._bootstrap>", line 1050, in _gcd_import
  File "<frozen importlib._bootstrap>", line 1027, in _find_and_load
  File "<frozen importlib._bootstrap>", line 1006, in _find_and_load_unlocked
  File "<frozen importlib._bootstrap>", line 688, in _load_unlocked
  File "<frozen importlib._bootstrap_external>", line 883, in exec_module
  File "<frozen importlib._bootstrap>", line 241, in _call_with_frames_removed
  File "/home/thala_thalapathy/kamaraj-portal1/app.py", line 13, in <module>
    from test_cases_data import TEST_CASES_DICT
  File "/home/thala_thalapathy/kamaraj-portal1/test_cases_data.py", line 189
    {"input_data": "[1,2,3,4,5]", 2", "expected_output": "[4,5,1,2,3]"},
                                                                     ^
SyntaxError: unterminated string literal (detected at line 189)
[2026-02-28 19:14:23 +0000] [1937831] [INFO] Worker exiting (pid: 1937831)
[2026-02-28 19:14:23 +0000] [1937827] [ERROR] Worker (pid:1937831) exited with code 3
[2026-02-28 19:14:23 +0000] [1937827] [ERROR] Worker (pid:1937830) exited with code 3
Traceback (most recent call last):
  File "/home/thala_thalapathy/.local/lib/python3.10/site-packages/gunicorn/arbiter.py", line 202, in run
    self.manage_workers()
  File "/home/thala_thalapathy/.local/lib/python3.10/site-packages/gunicorn/arbiter.py", line 571, in manage_workers
    self.spawn_workers()
  File "/home/thala_thalapathy/.local/lib/python3.10/site-packages/gunicorn/arbiter.py", line 643, in spawn_workers
    time.sleep(0.1 * random.random())
  File "/home/thala_thalapathy/.local/lib/python3.10/site-packages/gunicorn/arbiter.py", line 242, in handle_chld
    self.reap_workers()
  File "/home/thala_thalapathy/.local/lib/python3.10/site-packages/gunicorn/arbiter.py", line 530, in reap_workers
    raise HaltServer(reason, self.WORKER_BOOT_ERROR)
gunicorn.errors.HaltServer: <HaltServer 'Worker failed to boot.' 3>

During handling of the above exception, another exception occurred:

Traceback (most recent call last):
  File "/home/thala_thalapathy/.local/bin/gunicorn", line 8, in <module>
    sys.exit(run())
  File "/home/thala_thalapathy/.local/lib/python3.10/site-packages/gunicorn/app/wsgiapp.py", line 67, in run
    WSGIApplication("%(prog)s [OPTIONS] [APP_MODULE]").run()
  File "/home/thala_thalapathy/.local/lib/python3.10/site-packages/gunicorn/app/base.py", line 236, in run
    super().run()
  File "/home/thala_thalapathy/.local/lib/python3.10/site-packages/gunicorn/app/base.py", line 72, in run
    Arbiter(self).run()
  File "/home/thala_thalapathy/.local/lib/python3.10/site-packages/gunicorn/arbiter.py", line 229, in run
    self.halt(reason=inst.reason, exit_status=inst.exit_status)
  File "/home/thala_thalapathy/.local/lib/python3.10/site-packages/gunicorn/arbiter.py", line 342, in halt
    self.stop()
  File "/home/thala_thalapathy/.local/lib/python3.10/site-packages/gunicorn/arbiter.py", line 396, in stop
    time.sleep(0.1)
  File "/home/thala_thalapathy/.local/lib/python3.10/site-packages/gunicorn/arbiter.py", line 242, in handle_chld
    self.reap_workers()
  File "/home/thala_thalapathy/.local/lib/python3.10/site-packages/gunicorn/arbiter.py", line 530, in reap_workers
    raise HaltServer(reason, self.WORKER_BOOT_ERROR)
gunicorn.errors.HaltServer: <HaltServer 'Worker failed to boot.' 3>
Error in sys.excepthook:
Traceback (most recent call last):
  File "/usr/lib/python3/dist-packages/apport_python_hook.py", line 55, in apport_excepthook
    import apt_pkg
  File "/home/thala_thalapathy/.local/lib/python3.10/site-packages/gunicorn/arbiter.py", line 242, in handle_chld
    self.reap_workers()
  File "/home/thala_thalapathy/.local/lib/python3.10/site-packages/gunicorn/arbiter.py", line 530, in reap_workers
    raise HaltServer(reason, self.WORKER_BOOT_ERROR)
gunicorn.errors.HaltServer: <HaltServer 'Worker failed to boot.' 3>

Original exception was:
Traceback (most recent call last):
  File "/home/thala_thalapathy/.local/lib/python3.10/site-packages/gunicorn/arbiter.py", line 202, in run
    self.manage_workers()
  File "/home/thala_thalapathy/.local/lib/python3.10/site-packages/gunicorn/arbiter.py", line 571, in manage_workers
    self.spawn_workers()
  File "/home/thala_thalapathy/.local/lib/python3.10/site-packages/gunicorn/arbiter.py", line 643, in spawn_workers
    time.sleep(0.1 * random.random())
  File "/home/thala_thalapathy/.local/lib/python3.10/site-packages/gunicorn/arbiter.py", line 242, in handle_chld
    self.reap_workers()
  File "/home/thala_thalapathy/.local/lib/python3.10/site-packages/gunicorn/arbiter.py", line 530, in reap_workers
    raise HaltServer(reason, self.WORKER_BOOT_ERROR)
gunicorn.errors.HaltServer: <HaltServer 'Worker failed to boot.' 3>

During handling of the above exception, another exception occurred:

Traceback (most recent call last):
  File "/home/thala_thalapathy/.local/bin/gunicorn", line 8, in <module>
    sys.exit(run())
  File "/home/thala_thalapathy/.local/lib/python3.10/site-packages/gunicorn/app/wsgiapp.py", line 67, in run
    WSGIApplication("%(prog)s [OPTIONS] [APP_MODULE]").run()
  File "/home/thala_thalapathy/.local/lib/python3.10/site-packages/gunicorn/app/base.py", line 236, in run
    super().run()
  File "/home/thala_thalapathy/.local/lib/python3.10/site-packages/gunicorn/app/base.py", line 72, in run
    Arbiter(self).run()
  File "/home/thala_thalapathy/.local/lib/python3.10/site-packages/gunicorn/arbiter.py", line 229, in run
    self.halt(reason=inst.reason, exit_status=inst.exit_status)
  File "/home/thala_thalapathy/.local/lib/python3.10/site-packages/gunicorn/arbiter.py", line 342, in halt
    self.stop()
  File "/home/thala_thalapathy/.local/lib/python3.10/site-packages/gunicorn/arbiter.py", line 396, in stop
    time.sleep(0.1)
  File "/home/thala_thalapathy/.local/lib/python3.10/site-packages/gunicorn/arbiter.py", line 242, in handle_chld
    self.reap_workers()
  File "/home/thala_thalapathy/.local/lib/python3.10/site-packages/gunicorn/arbiter.py", line 530, in reap_workers
    raise HaltServer(reason, self.WORKER_BOOT_ERROR)
gunicorn.errors.HaltServer: <HaltServer 'Worker failed to boot.' 3>
[2026-02-28 19:14:23 +0000] [1937832] [ERROR] Exception in worker process
Traceback (most recent call last):
  File "/home/thala_thalapathy/.local/lib/python3.10/site-packages/gunicorn/arbiter.py", line 609, in spawn_worker
    worker.init_process()
  File "/home/thala_thalapathy/.local/lib/python3.10/site-packages/gunicorn/workers/base.py", line 134, in init_process
    self.load_wsgi()
  File "/home/thala_thalapathy/.local/lib/python3.10/site-packages/gunicorn/workers/base.py", line 146, in load_wsgi
    self.wsgi = self.app.wsgi()
  File "/home/thala_thalapathy/.local/lib/python3.10/site-packages/gunicorn/app/base.py", line 67, in wsgi
    self.callable = self.load()
  File "/home/thala_thalapathy/.local/lib/python3.10/site-packages/gunicorn/app/wsgiapp.py", line 58, in load
    return self.load_wsgiapp()
  File "/home/thala_thalapathy/.local/lib/python3.10/site-packages/gunicorn/app/wsgiapp.py", line 48, in load_wsgiapp
    return util.import_app(self.app_uri)
  File "/home/thala_thalapathy/.local/lib/python3.10/site-packages/gunicorn/util.py", line 371, in import_app
    mod = importlib.import_module(module)
  File "/usr/lib/python3.10/importlib/__init__.py", line 126, in import_module
    return _bootstrap._gcd_import(name[level:], package, level)
  File "<frozen importlib._bootstrap>", line 1050, in _gcd_import
  File "<frozen importlib._bootstrap>", line 1027, in _find_and_load
  File "<frozen importlib._bootstrap>", line 1006, in _find_and_load_unlocked
  File "<frozen importlib._bootstrap>", line 688, in _load_unlocked
  File "<frozen importlib._bootstrap_external>", line 883, in exec_module
  File "<frozen importlib._bootstrap>", line 241, in _call_with_frames_removed
  File "/home/thala_thalapathy/kamaraj-portal1/app.py", line 13, in <module>
    from test_cases_data import TEST_CASES_DICT
  File "/home/thala_thalapathy/kamaraj-portal1/test_cases_data.py", line 189
    {"input_data": "[1,2,3,4,5]", 2", "expected_output": "[4,5,1,2,3]"},
                                                                     ^
SyntaxError: unterminated string literal (detected at line 189)
[2026-02-28 19:14:23 +0000] [1937832] [INFO] Worker exiting (pid: 1937832)
[2026-02-28 19:15:15 +0000] [1938049] [INFO] Starting gunicorn 21.2.0
[2026-02-28 19:15:15 +0000] [1938049] [INFO] Listening at: http://0.0.0.0:10000 (1938049)
[2026-02-28 19:15:15 +0000] [1938049] [INFO] Using worker: sync
[2026-02-28 19:15:15 +0000] [1938051] [INFO] Booting worker with pid: 1938051
[2026-02-28 19:15:15 +0000] [1938052] [INFO] Booting worker with pid: 1938052
[2026-02-28 19:15:15 +0000] [1938053] [INFO] Booting worker with pid: 1938053
[2026-02-28 19:15:15 +0000] [1938051] [ERROR] Exception in worker process
Traceback (most recent call last):
  File "/home/thala_thalapathy/.local/lib/python3.10/site-packages/gunicorn/arbiter.py", line 609, in spawn_worker
    worker.init_process()
  File "/home/thala_thalapathy/.local/lib/python3.10/site-packages/gunicorn/workers/base.py", line 134, in init_process
    self.load_wsgi()
  File "/home/thala_thalapathy/.local/lib/python3.10/site-packages/gunicorn/workers/base.py", line 146, in load_wsgi
    self.wsgi = self.app.wsgi()
  File "/home/thala_thalapathy/.local/lib/python3.10/site-packages/gunicorn/app/base.py", line 67, in wsgi
    self.callable = self.load()
  File "/home/thala_thalapathy/.local/lib/python3.10/site-packages/gunicorn/app/wsgiapp.py", line 58, in load
    return self.load_wsgiapp()
  File "/home/thala_thalapathy/.local/lib/python3.10/site-packages/gunicorn/app/wsgiapp.py", line 48, in load_wsgiapp
    return util.import_app(self.app_uri)
  File "/home/thala_thalapathy/.local/lib/python3.10/site-packages/gunicorn/util.py", line 371, in import_app
    mod = importlib.import_module(module)
  File "/usr/lib/python3.10/importlib/__init__.py", line 126, in import_module
    return _bootstrap._gcd_import(name[level:], package, level)
  File "<frozen importlib._bootstrap>", line 1050, in _gcd_import
  File "<frozen importlib._bootstrap>", line 1027, in _find_and_load
  File "<frozen importlib._bootstrap>", line 1006, in _find_and_load_unlocked
  File "<frozen importlib._bootstrap>", line 688, in _load_unlocked
  File "<frozen importlib._bootstrap_external>", line 883, in exec_module
  File "<frozen importlib._bootstrap>", line 241, in _call_with_frames_removed
  File "/home/thala_thalapathy/kamaraj-portal1/app.py", line 13, in <module>
    from test_cases_data import TEST_CASES_DICT
  File "/home/thala_thalapathy/kamaraj-portal1/test_cases_data.py", line 189
    {"input_data": "[1,2,3,4,5]", 2", "expected_output": "[4,5,1,2,3]"},
                                                                     ^
SyntaxError: unterminated string literal (detected at line 189)
[2026-02-28 19:15:15 +0000] [1938051] [INFO] Worker exiting (pid: 1938051)
[2026-02-28 19:15:15 +0000] [1938054] [INFO] Booting worker with pid: 1938054
[2026-02-28 19:15:15 +0000] [1938049] [ERROR] Worker (pid:1938051) exited with code 3
[2026-02-28 19:15:15 +0000] [1938052] [ERROR] Exception in worker process
Traceback (most recent call last):
  File "/home/thala_thalapathy/.local/lib/python3.10/site-packages/gunicorn/arbiter.py", line 609, in spawn_worker
    worker.init_process()
  File "/home/thala_thalapathy/.local/lib/python3.10/site-packages/gunicorn/workers/base.py", line 134, in init_process
    self.load_wsgi()
  File "/home/thala_thalapathy/.local/lib/python3.10/site-packages/gunicorn/workers/base.py", line 146, in load_wsgi
    self.wsgi = self.app.wsgi()
  File "/home/thala_thalapathy/.local/lib/python3.10/site-packages/gunicorn/app/base.py", line 67, in wsgi
    self.callable = self.load()
  File "/home/thala_thalapathy/.local/lib/python3.10/site-packages/gunicorn/app/wsgiapp.py", line 58, in load
    return self.load_wsgiapp()
  File "/home/thala_thalapathy/.local/lib/python3.10/site-packages/gunicorn/app/wsgiapp.py", line 48, in load_wsgiapp
    return util.import_app(self.app_uri)
  File "/home/thala_thalapathy/.local/lib/python3.10/site-packages/gunicorn/util.py", line 371, in import_app
    mod = importlib.import_module(module)
  File "/usr/lib/python3.10/importlib/__init__.py", line 126, in import_module
    return _bootstrap._gcd_import(name[level:], package, level)
  File "<frozen importlib._bootstrap>", line 1050, in _gcd_import
  File "<frozen importlib._bootstrap>", line 1027, in _find_and_load
  File "<frozen importlib._bootstrap>", line 1006, in _find_and_load_unlocked
  File "<frozen importlib._bootstrap>", line 688, in _load_unlocked
  File "<frozen importlib._bootstrap_external>", line 883, in exec_module
  File "<frozen importlib._bootstrap>", line 241, in _call_with_frames_removed
  File "/home/thala_thalapathy/kamaraj-portal1/app.py", line 13, in <module>
    from test_cases_data import TEST_CASES_DICT
  File "/home/thala_thalapathy/kamaraj-portal1/test_cases_data.py", line 189
    {"input_data": "[1,2,3,4,5]", 2", "expected_output": "[4,5,1,2,3]"},
                                                                     ^
SyntaxError: unterminated string literal (detected at line 189)
[2026-02-28 19:15:15 +0000] [1938052] [INFO] Worker exiting (pid: 1938052)
[2026-02-28 19:15:15 +0000] [1938053] [ERROR] Exception in worker process
Traceback (most recent call last):
  File "/home/thala_thalapathy/.local/lib/python3.10/site-packages/gunicorn/arbiter.py", line 609, in spawn_worker
    worker.init_process()
  File "/home/thala_thalapathy/.local/lib/python3.10/site-packages/gunicorn/workers/base.py", line 134, in init_process
    self.load_wsgi()
  File "/home/thala_thalapathy/.local/lib/python3.10/site-packages/gunicorn/workers/base.py", line 146, in load_wsgi
    self.wsgi = self.app.wsgi()
  File "/home/thala_thalapathy/.local/lib/python3.10/site-packages/gunicorn/app/base.py", line 67, in wsgi
    self.callable = self.load()
  File "/home/thala_thalapathy/.local/lib/python3.10/site-packages/gunicorn/app/wsgiapp.py", line 58, in load
    return self.load_wsgiapp()
  File "/home/thala_thalapathy/.local/lib/python3.10/site-packages/gunicorn/app/wsgiapp.py", line 48, in load_wsgiapp
    return util.import_app(self.app_uri)
  File "/home/thala_thalapathy/.local/lib/python3.10/site-packages/gunicorn/util.py", line 371, in import_app
    mod = importlib.import_module(module)
  File "/usr/lib/python3.10/importlib/__init__.py", line 126, in import_module
    return _bootstrap._gcd_import(name[level:], package, level)
  File "<frozen importlib._bootstrap>", line 1050, in _gcd_import
  File "<frozen importlib._bootstrap>", line 1027, in _find_and_load
  File "<frozen importlib._bootstrap>", line 1006, in _find_and_load_unlocked
  File "<frozen importlib._bootstrap>", line 688, in _load_unlocked
  File "<frozen importlib._bootstrap_external>", line 883, in exec_module
  File "<frozen importlib._bootstrap>", line 241, in _call_with_frames_removed
  File "/home/thala_thalapathy/kamaraj-portal1/app.py", line 13, in <module>
    from test_cases_data import TEST_CASES_DICT
  File "/home/thala_thalapathy/kamaraj-portal1/test_cases_data.py", line 189
    {"input_data": "[1,2,3,4,5]", 2", "expected_output": "[4,5,1,2,3]"},
                                                                     ^
SyntaxError: unterminated string literal (detected at line 189)
[2026-02-28 19:15:15 +0000] [1938053] [INFO] Worker exiting (pid: 1938053)
[2026-02-28 19:15:15 +0000] [1938049] [ERROR] Worker (pid:1938052) exited with code 3
Traceback (most recent call last):
  File "/home/thala_thalapathy/.local/lib/python3.10/site-packages/gunicorn/arbiter.py", line 202, in run
    self.manage_workers()
  File "/home/thala_thalapathy/.local/lib/python3.10/site-packages/gunicorn/arbiter.py", line 571, in manage_workers
    self.spawn_workers()
  File "/home/thala_thalapathy/.local/lib/python3.10/site-packages/gunicorn/arbiter.py", line 643, in spawn_workers
    time.sleep(0.1 * random.random())
  File "/home/thala_thalapathy/.local/lib/python3.10/site-packages/gunicorn/arbiter.py", line 242, in handle_chld
    self.reap_workers()
  File "/home/thala_thalapathy/.local/lib/python3.10/site-packages/gunicorn/arbiter.py", line 530, in reap_workers
    raise HaltServer(reason, self.WORKER_BOOT_ERROR)
gunicorn.errors.HaltServer: <HaltServer 'Worker failed to boot.' 3>

During handling of the above exception, another exception occurred:

Traceback (most recent call last):
  File "/home/thala_thalapathy/.local/bin/gunicorn", line 8, in <module>
    sys.exit(run())
  File "/home/thala_thalapathy/.local/lib/python3.10/site-packages/gunicorn/app/wsgiapp.py", line 67, in run
    WSGIApplication("%(prog)s [OPTIONS] [APP_MODULE]").run()
  File "/home/thala_thalapathy/.local/lib/python3.10/site-packages/gunicorn/app/base.py", line 236, in run
    super().run()
  File "/home/thala_thalapathy/.local/lib/python3.10/site-packages/gunicorn/app/base.py", line 72, in run
    Arbiter(self).run()
  File "/home/thala_thalapathy/.local/lib/python3.10/site-packages/gunicorn/arbiter.py", line 229, in run
    self.halt(reason=inst.reason, exit_status=inst.exit_status)
  File "/home/thala_thalapathy/.local/lib/python3.10/site-packages/gunicorn/arbiter.py", line 342, in halt
    self.stop()
  File "/home/thala_thalapathy/.local/lib/python3.10/site-packages/gunicorn/arbiter.py", line 396, in stop
    time.sleep(0.1)
  File "/home/thala_thalapathy/.local/lib/python3.10/site-packages/gunicorn/arbiter.py", line 242, in handle_chld
    self.reap_workers()
  File "/home/thala_thalapathy/.local/lib/python3.10/site-packages/gunicorn/arbiter.py", line 530, in reap_workers
    raise HaltServer(reason, self.WORKER_BOOT_ERROR)
gunicorn.errors.HaltServer: <HaltServer 'Worker failed to boot.' 3>
[2026-02-28 19:15:15 +0000] [1938054] [ERROR] Exception in worker process
Traceback (most recent call last):
  File "/home/thala_thalapathy/.local/lib/python3.10/site-packages/gunicorn/arbiter.py", line 609, in spawn_worker
    worker.init_process()
  File "/home/thala_thalapathy/.local/lib/python3.10/site-packages/gunicorn/workers/base.py", line 134, in init_process
    self.load_wsgi()
  File "/home/thala_thalapathy/.local/lib/python3.10/site-packages/gunicorn/workers/base.py", line 146, in load_wsgi
    self.wsgi = self.app.wsgi()
  File "/home/thala_thalapathy/.local/lib/python3.10/site-packages/gunicorn/app/base.py", line 67, in wsgi
    self.callable = self.load()
  File "/home/thala_thalapathy/.local/lib/python3.10/site-packages/gunicorn/app/wsgiapp.py", line 58, in load
    return self.load_wsgiapp()
  File "/home/thala_thalapathy/.local/lib/python3.10/site-packages/gunicorn/app/wsgiapp.py", line 48, in load_wsgiapp
    return util.import_app(self.app_uri)
  File "/home/thala_thalapathy/.local/lib/python3.10/site-packages/gunicorn/util.py", line 371, in import_app
    mod = importlib.import_module(module)
  File "/usr/lib/python3.10/importlib/__init__.py", line 126, in import_module
    return _bootstrap._gcd_import(name[level:], package, level)
  File "<frozen importlib._bootstrap>", line 1050, in _gcd_import
  File "<frozen importlib._bootstrap>", line 1027, in _find_and_load
  File "<frozen importlib._bootstrap>", line 1006, in _find_and_load_unlocked
  File "<frozen importlib._bootstrap>", line 688, in _load_unlocked
  File "<frozen importlib._bootstrap_external>", line 883, in exec_module
  File "<frozen importlib._bootstrap>", line 241, in _call_with_frames_removed
  File "/home/thala_thalapathy/kamaraj-portal1/app.py", line 13, in <module>
    from test_cases_data import TEST_CASES_DICT
  File "/home/thala_thalapathy/kamaraj-portal1/test_cases_data.py", line 189
    {"input_data": "[1,2,3,4,5]", 2", "expected_output": "[4,5,1,2,3]"},
                                                                     ^
SyntaxError: unterminated string literal (detected at line 189)
[2026-02-28 19:15:15 +0000] [1938054] [INFO] Worker exiting (pid: 1938054)
[2026-02-28 19:16:06 +0000] [1938252] [INFO] Starting gunicorn 21.2.0
[2026-02-28 19:16:06 +0000] [1938252] [INFO] Listening at: http://0.0.0.0:10000 (1938252)
[2026-02-28 19:16:06 +0000] [1938252] [INFO] Using worker: sync
[2026-02-28 19:16:06 +0000] [1938254] [INFO] Booting worker with pid: 1938254
[2026-02-28 19:16:06 +0000] [1938255] [INFO] Booting worker with pid: 1938255
[2026-02-28 19:16:06 +0000] [1938254] [ERROR] Exception in worker process
Traceback (most recent call last):
  File "/home/thala_thalapathy/.local/lib/python3.10/site-packages/gunicorn/arbiter.py", line 609, in spawn_worker
    worker.init_process()
  File "/home/thala_thalapathy/.local/lib/python3.10/site-packages/gunicorn/workers/base.py", line 134, in init_process
    self.load_wsgi()
  File "/home/thala_thalapathy/.local/lib/python3.10/site-packages/gunicorn/workers/base.py", line 146, in load_wsgi
    self.wsgi = self.app.wsgi()
  File "/home/thala_thalapathy/.local/lib/python3.10/site-packages/gunicorn/app/base.py", line 67, in wsgi
    self.callable = self.load()
  File "/home/thala_thalapathy/.local/lib/python3.10/site-packages/gunicorn/app/wsgiapp.py", line 58, in load
    return self.load_wsgiapp()
  File "/home/thala_thalapathy/.local/lib/python3.10/site-packages/gunicorn/app/wsgiapp.py", line 48, in load_wsgiapp
    return util.import_app(self.app_uri)
  File "/home/thala_thalapathy/.local/lib/python3.10/site-packages/gunicorn/util.py", line 371, in import_app
    mod = importlib.import_module(module)
  File "/usr/lib/python3.10/importlib/__init__.py", line 126, in import_module
    return _bootstrap._gcd_import(name[level:], package, level)
  File "<frozen importlib._bootstrap>", line 1050, in _gcd_import
  File "<frozen importlib._bootstrap>", line 1027, in _find_and_load
  File "<frozen importlib._bootstrap>", line 1006, in _find_and_load_unlocked
  File "<frozen importlib._bootstrap>", line 688, in _load_unlocked
  File "<frozen importlib._bootstrap_external>", line 883, in exec_module
  File "<frozen importlib._bootstrap>", line 241, in _call_with_frames_removed
  File "/home/thala_thalapathy/kamaraj-portal1/app.py", line 13, in <module>
    from test_cases_data import TEST_CASES_DICT
  File "/home/thala_thalapathy/kamaraj-portal1/test_cases_data.py", line 189
    {"input_data": "[1,2,3,4,5]", "2", "expected_output": "[4,5,1,2,3]"},
                                    ^
SyntaxError: ':' expected after dictionary key
[2026-02-28 19:16:06 +0000] [1938254] [INFO] Worker exiting (pid: 1938254)
[2026-02-28 19:16:06 +0000] [1938252] [ERROR] Worker (pid:1938254) exited with code 3
[2026-02-28 19:16:06 +0000] [1938255] [ERROR] Exception in worker process
Traceback (most recent call last):
  File "/home/thala_thalapathy/.local/lib/python3.10/site-packages/gunicorn/arbiter.py", line 609, in spawn_worker
    worker.init_process()
  File "/home/thala_thalapathy/.local/lib/python3.10/site-packages/gunicorn/workers/base.py", line 134, in init_process
    self.load_wsgi()
  File "/home/thala_thalapathy/.local/lib/python3.10/site-packages/gunicorn/workers/base.py", line 146, in load_wsgi
    self.wsgi = self.app.wsgi()
  File "/home/thala_thalapathy/.local/lib/python3.10/site-packages/gunicorn/app/base.py", line 67, in wsgi
    self.callable = self.load()
  File "/home/thala_thalapathy/.local/lib/python3.10/site-packages/gunicorn/app/wsgiapp.py", line 58, in load
    return self.load_wsgiapp()
  File "/home/thala_thalapathy/.local/lib/python3.10/site-packages/gunicorn/app/wsgiapp.py", line 48, in load_wsgiapp
    return util.import_app(self.app_uri)
  File "/home/thala_thalapathy/.local/lib/python3.10/site-packages/gunicorn/util.py", line 371, in import_app
    mod = importlib.import_module(module)
  File "/usr/lib/python3.10/importlib/__init__.py", line 126, in import_module
    return _bootstrap._gcd_import(name[level:], package, level)
  File "<frozen importlib._bootstrap>", line 1050, in _gcd_import
  File "<frozen importlib._bootstrap>", line 1027, in _find_and_load
  File "<frozen importlib._bootstrap>", line 1006, in _find_and_load_unlocked
  File "<frozen importlib._bootstrap>", line 688, in _load_unlocked
  File "<frozen importlib._bootstrap_external>", line 883, in exec_module
  File "<frozen importlib._bootstrap>", line 241, in _call_with_frames_removed
  File "/home/thala_thalapathy/kamaraj-portal1/app.py", line 13, in <module>
    from test_cases_data import TEST_CASES_DICT
  File "/home/thala_thalapathy/kamaraj-portal1/test_cases_data.py", line 189
    {"input_data": "[1,2,3,4,5]", "2", "expected_output": "[4,5,1,2,3]"},
                                    ^
SyntaxError: ':' expected after dictionary key
[2026-02-28 19:16:06 +0000] [1938255] [INFO] Worker exiting (pid: 1938255)
[2026-02-28 19:16:06 +0000] [1938252] [ERROR] Worker (pid:1938255) exited with code 3
Traceback (most recent call last):
  File "/home/thala_thalapathy/.local/lib/python3.10/site-packages/gunicorn/arbiter.py", line 202, in run
    self.manage_workers()
  File "/home/thala_thalapathy/.local/lib/python3.10/site-packages/gunicorn/arbiter.py", line 571, in manage_workers
    self.spawn_workers()
  File "/home/thala_thalapathy/.local/lib/python3.10/site-packages/gunicorn/arbiter.py", line 643, in spawn_workers
    time.sleep(0.1 * random.random())
  File "/home/thala_thalapathy/.local/lib/python3.10/site-packages/gunicorn/arbiter.py", line 242, in handle_chld
    self.reap_workers()
  File "/home/thala_thalapathy/.local/lib/python3.10/site-packages/gunicorn/arbiter.py", line 530, in reap_workers
    raise HaltServer(reason, self.WORKER_BOOT_ERROR)
gunicorn.errors.HaltServer: <HaltServer 'Worker failed to boot.' 3>

During handling of the above exception, another exception occurred:

Traceback (most recent call last):
  File "/home/thala_thalapathy/.local/bin/gunicorn", line 8, in <module>
    sys.exit(run())
  File "/home/thala_thalapathy/.local/lib/python3.10/site-packages/gunicorn/app/wsgiapp.py", line 67, in run
    WSGIApplication("%(prog)s [OPTIONS] [APP_MODULE]").run()
  File "/home/thala_thalapathy/.local/lib/python3.10/site-packages/gunicorn/app/base.py", line 236, in run
    super().run()
  File "/home/thala_thalapathy/.local/lib/python3.10/site-packages/gunicorn/app/base.py", line 72, in run
    Arbiter(self).run()
  File "/home/thala_thalapathy/.local/lib/python3.10/site-packages/gunicorn/arbiter.py", line 229, in run
    self.halt(reason=inst.reason, exit_status=inst.exit_status)
  File "/home/thala_thalapathy/.local/lib/python3.10/site-packages/gunicorn/arbiter.py", line 342, in halt
    self.stop()
  File "/home/thala_thalapathy/.local/lib/python3.10/site-packages/gunicorn/arbiter.py", line 396, in stop
    time.sleep(0.1)
  File "/home/thala_thalapathy/.local/lib/python3.10/site-packages/gunicorn/arbiter.py", line 242, in handle_chld
    self.reap_workers()
  File "/home/thala_thalapathy/.local/lib/python3.10/site-packages/gunicorn/arbiter.py", line 530, in reap_workers
    raise HaltServer(reason, self.WORKER_BOOT_ERROR)
gunicorn.errors.HaltServer: <HaltServer 'Worker failed to boot.' 3>
[2026-02-28 19:17:24 +0000] [1938556] [INFO] Starting gunicorn 21.2.0
[2026-02-28 19:17:24 +0000] [1938556] [INFO] Listening at: http://0.0.0.0:10000 (1938556)
[2026-02-28 19:17:24 +0000] [1938556] [INFO] Using worker: sync
[2026-02-28 19:17:24 +0000] [1938558] [INFO] Booting worker with pid: 1938558
[2026-02-28 19:17:24 +0000] [1938559] [INFO] Booting worker with pid: 1938559
[2026-02-28 19:17:24 +0000] [1938572] [INFO] Booting worker with pid: 1938572
[2026-02-28 19:17:24 +0000] [1938573] [INFO] Booting worker with pid: 1938573
[2026-02-28 19:30:53 +0000] [1938558] [INFO] Worker exiting (pid: 1938558)
[2026-02-28 19:30:53 +0000] [1938573] [INFO] Worker exiting (pid: 1938573)
[2026-02-28 19:30:53 +0000] [1938559] [INFO] Worker exiting (pid: 1938559)
[2026-02-28 19:30:53 +0000] [1938572] [INFO] Worker exiting (pid: 1938572)
[2026-02-28 19:30:53 +0000] [1938556] [INFO] Handling signal: term
[2026-02-28 19:30:53 +0000] [1938556] [ERROR] Worker (pid:1938572) was sent SIGTERM!
[2026-02-28 19:30:53 +0000] [1938556] [ERROR] Worker (pid:1938558) was sent SIGTERM!
[2026-02-28 19:30:53 +0000] [1938556] [ERROR] Worker (pid:1938573) was sent SIGTERM!
[2026-02-28 19:30:53 +0000] [1938556] [ERROR] Worker (pid:1938559) was sent SIGTERM!
[2026-02-28 19:30:53 +0000] [1938556] [INFO] Shutting down: Master
[2026-02-28 19:35:58 +0000] [1943179] [INFO] Starting gunicorn 21.2.0
[2026-02-28 19:35:58 +0000] [1943179] [INFO] Listening at: http://0.0.0.0:10000 (1943179)
[2026-02-28 19:35:58 +0000] [1943179] [INFO] Using worker: sync
[2026-02-28 19:35:58 +0000] [1943181] [INFO] Booting worker with pid: 1943181
[2026-02-28 19:35:58 +0000] [1943182] [INFO] Booting worker with pid: 1943182
[2026-02-28 19:35:58 +0000] [1943189] [INFO] Booting worker with pid: 1943189
[2026-02-28 19:35:58 +0000] [1943190] [INFO] Booting worker with pid: 1943190
[2026-03-01 16:14:55 +0000] [1943181] [INFO] Worker exiting (pid: 1943181)
[2026-03-01 16:14:55 +0000] [1943190] [INFO] Worker exiting (pid: 1943190)
[2026-03-01 16:14:55 +0000] [1943189] [INFO] Worker exiting (pid: 1943189)
[2026-03-01 16:14:55 +0000] [1943182] [INFO] Worker exiting (pid: 1943182)
[2026-03-01 16:14:55 +0000] [1943179] [INFO] Handling signal: term
[2026-03-01 16:14:55 +0000] [1943179] [ERROR] Worker (pid:1943182) was sent SIGTERM!
[2026-03-01 16:14:55 +0000] [1943179] [ERROR] Worker (pid:1943189) was sent SIGTERM!
[2026-03-01 16:14:55 +0000] [1943179] [ERROR] Worker (pid:1943190) was sent SIGTERM!
[2026-03-01 16:14:55 +0000] [1943179] [ERROR] Worker (pid:1943181) was sent SIGTERM!
[2026-03-01 16:14:55 +0000] [1943179] [INFO] Shutting down: Master
[2026-03-01 16:15:30 +0000] [2160111] [INFO] Starting gunicorn 21.2.0
[2026-03-01 16:15:30 +0000] [2160111] [INFO] Listening at: http://0.0.0.0:10000 (2160111)
[2026-03-01 16:15:30 +0000] [2160111] [INFO] Using worker: sync
[2026-03-01 16:15:30 +0000] [2160113] [INFO] Booting worker with pid: 2160113
[2026-03-01 16:15:30 +0000] [2160114] [INFO] Booting worker with pid: 2160114
[2026-03-01 16:15:30 +0000] [2160115] [INFO] Booting worker with pid: 2160115
[2026-03-01 16:15:30 +0000] [2160122] [INFO] Booting worker with pid: 2160122
[2026-03-01 16:17:04 +0000] [2160122] [INFO] Worker exiting (pid: 2160122)
[2026-03-01 16:17:04 +0000] [2160113] [INFO] Worker exiting (pid: 2160113)
[2026-03-01 16:17:04 +0000] [2160114] [INFO] Worker exiting (pid: 2160114)
[2026-03-01 16:17:04 +0000] [2160115] [INFO] Worker exiting (pid: 2160115)
[2026-03-01 16:17:04 +0000] [2160111] [INFO] Handling signal: term
[2026-03-01 16:17:04 +0000] [2160111] [ERROR] Worker (pid:2160114) was sent SIGTERM!
[2026-03-01 16:17:04 +0000] [2160111] [ERROR] Worker (pid:2160115) was sent SIGTERM!
[2026-03-01 16:17:04 +0000] [2160111] [ERROR] Worker (pid:2160122) was sent SIGTERM!
[2026-03-01 16:17:04 +0000] [2160111] [ERROR] Worker (pid:2160113) was sent SIGTERM!
[2026-03-01 16:17:04 +0000] [2160111] [INFO] Shutting down: Master
[2026-03-01 16:17:18 +0000] [2161486] [INFO] Starting gunicorn 21.2.0
[2026-03-01 16:17:18 +0000] [2161486] [INFO] Listening at: http://0.0.0.0:10000 (2161486)
[2026-03-01 16:17:18 +0000] [2161486] [INFO] Using worker: sync
[2026-03-01 16:17:18 +0000] [2161488] [INFO] Booting worker with pid: 2161488
[2026-03-01 16:17:19 +0000] [2161489] [INFO] Booting worker with pid: 2161489
[2026-03-01 16:17:19 +0000] [2161496] [INFO] Booting worker with pid: 2161496
[2026-03-01 16:17:19 +0000] [2161503] [INFO] Booting worker with pid: 2161503
[2026-03-01 16:19:40 +0000] [2161488] [INFO] Worker exiting (pid: 2161488)
[2026-03-01 16:19:40 +0000] [2161489] [INFO] Worker exiting (pid: 2161489)
[2026-03-01 16:19:40 +0000] [2161503] [INFO] Worker exiting (pid: 2161503)
[2026-03-01 16:19:40 +0000] [2161496] [INFO] Worker exiting (pid: 2161496)
[2026-03-01 16:19:40 +0000] [2161486] [INFO] Handling signal: term
[2026-03-01 16:19:40 +0000] [2161486] [ERROR] Worker (pid:2161488) was sent SIGTERM!
[2026-03-01 16:19:40 +0000] [2161486] [ERROR] Worker (pid:2161489) was sent SIGTERM!
[2026-03-01 16:19:40 +0000] [2161486] [ERROR] Worker (pid:2161496) was sent SIGTERM!
[2026-03-01 16:19:40 +0000] [2161486] [ERROR] Worker (pid:2161503) was sent SIGTERM!
[2026-03-01 16:19:41 +0000] [2161486] [INFO] Shutting down: Master
[2026-03-01 16:20:21 +0000] [2162769] [INFO] Starting gunicorn 21.2.0
[2026-03-01 16:20:21 +0000] [2162769] [INFO] Listening at: http://0.0.0.0:10000 (2162769)
[2026-03-01 16:20:21 +0000] [2162769] [INFO] Using worker: sync
[2026-03-01 16:20:21 +0000] [2162771] [INFO] Booting worker with pid: 2162771
[2026-03-01 16:20:21 +0000] [2162772] [INFO] Booting worker with pid: 2162772
[2026-03-01 16:20:21 +0000] [2162785] [INFO] Booting worker with pid: 2162785
[2026-03-01 16:20:21 +0000] [2162786] [INFO] Booting worker with pid: 2162786
[2026-03-01 16:25:49 +0000] [2162786] [INFO] Worker exiting (pid: 2162786)
[2026-03-01 16:25:49 +0000] [2162785] [INFO] Worker exiting (pid: 2162785)
[2026-03-01 16:25:49 +0000] [2162772] [INFO] Worker exiting (pid: 2162772)
[2026-03-01 16:25:49 +0000] [2162771] [INFO] Worker exiting (pid: 2162771)
[2026-03-01 16:25:49 +0000] [2162769] [INFO] Handling signal: term
[2026-03-01 16:25:49 +0000] [2162769] [ERROR] Worker (pid:2162786) was sent SIGTERM!
[2026-03-01 16:25:49 +0000] [2162769] [INFO] Shutting down: Master
[2026-03-01 16:25:51 +0000] [2165234] [INFO] Starting gunicorn 21.2.0
[2026-03-01 16:25:51 +0000] [2165234] [INFO] Listening at: http://0.0.0.0:10000 (2165234)
[2026-03-01 16:25:51 +0000] [2165234] [INFO] Using worker: sync
[2026-03-01 16:25:51 +0000] [2165236] [INFO] Booting worker with pid: 2165236
[2026-03-01 16:25:51 +0000] [2165237] [INFO] Booting worker with pid: 2165237
[2026-03-01 16:25:51 +0000] [2165238] [INFO] Booting worker with pid: 2165238
[2026-03-01 16:25:51 +0000] [2165245] [INFO] Booting worker with pid: 2165245
[2026-03-01 16:31:44 +0000] [2165236] [INFO] Worker exiting (pid: 2165236)
[2026-03-01 16:31:44 +0000] [2165245] [INFO] Worker exiting (pid: 2165245)
[2026-03-01 16:31:44 +0000] [2165237] [INFO] Worker exiting (pid: 2165237)
[2026-03-01 16:31:44 +0000] [2165238] [INFO] Worker exiting (pid: 2165238)
[2026-03-01 16:31:44 +0000] [2165234] [INFO] Handling signal: term
[2026-03-01 16:31:44 +0000] [2165234] [ERROR] Worker (pid:2165238) was sent SIGTERM!
[2026-03-01 16:31:44 +0000] [2165234] [ERROR] Worker (pid:2165245) was sent SIGTERM!
[2026-03-01 16:31:44 +0000] [2165234] [ERROR] Worker (pid:2165237) was sent SIGTERM!
[2026-03-01 16:31:44 +0000] [2165234] [ERROR] Worker (pid:2165236) was sent SIGTERM!
[2026-03-01 16:31:44 +0000] [2165234] [INFO] Shutting down: Master
[2026-03-01 16:31:45 +0000] [2167692] [INFO] Starting gunicorn 21.2.0
[2026-03-01 16:31:45 +0000] [2167692] [INFO] Listening at: http://0.0.0.0:10000 (2167692)
[2026-03-01 16:31:45 +0000] [2167692] [INFO] Using worker: sync
[2026-03-01 16:31:45 +0000] [2167694] [INFO] Booting worker with pid: 2167694
[2026-03-01 16:31:45 +0000] [2167695] [INFO] Booting worker with pid: 2167695
[2026-03-01 16:31:45 +0000] [2167696] [INFO] Booting worker with pid: 2167696
[2026-03-01 16:31:45 +0000] [2167703] [INFO] Booting worker with pid: 2167703
[2026-03-01 16:34:01 +0000] [2167696] [INFO] Worker exiting (pid: 2167696)
[2026-03-01 16:34:01 +0000] [2167694] [INFO] Worker exiting (pid: 2167694)
[2026-03-01 16:34:01 +0000] [2167703] [INFO] Worker exiting (pid: 2167703)
[2026-03-01 16:34:01 +0000] [2167695] [INFO] Worker exiting (pid: 2167695)
[2026-03-01 16:34:01 +0000] [2167692] [INFO] Handling signal: term
[2026-03-01 16:34:01 +0000] [2167692] [ERROR] Worker (pid:2167694) was sent SIGTERM!
[2026-03-01 16:34:01 +0000] [2167692] [ERROR] Worker (pid:2167695) was sent SIGTERM!
[2026-03-01 16:34:01 +0000] [2167692] [ERROR] Worker (pid:2167696) was sent SIGTERM!
[2026-03-01 16:34:01 +0000] [2167692] [ERROR] Worker (pid:2167703) was sent SIGTERM!
[2026-03-01 16:34:02 +0000] [2167692] [INFO] Shutting down: Master
[2026-03-01 16:34:03 +0000] [2168823] [INFO] Starting gunicorn 21.2.0
[2026-03-01 16:34:03 +0000] [2168823] [INFO] Listening at: http://0.0.0.0:10000 (2168823)
[2026-03-01 16:34:03 +0000] [2168823] [INFO] Using worker: sync
[2026-03-01 16:34:03 +0000] [2168825] [INFO] Booting worker with pid: 2168825
[2026-03-01 16:34:03 +0000] [2168826] [INFO] Booting worker with pid: 2168826
[2026-03-01 16:34:03 +0000] [2168827] [INFO] Booting worker with pid: 2168827
[2026-03-01 16:34:03 +0000] [2168828] [INFO] Booting worker with pid: 2168828
[2026-03-01 16:35:56 +0000] [2168828] [INFO] Worker exiting (pid: 2168828)
[2026-03-01 16:35:56 +0000] [2168826] [INFO] Worker exiting (pid: 2168826)
[2026-03-01 16:35:56 +0000] [2168825] [INFO] Worker exiting (pid: 2168825)
[2026-03-01 16:35:56 +0000] [2168823] [INFO] Handling signal: term
[2026-03-01 16:35:56 +0000] [2168823] [ERROR] Worker (pid:2168828) was sent SIGTERM!
[2026-03-01 16:35:57 +0000] [2168827] [INFO] Worker exiting (pid: 2168827)
[2026-03-01 16:35:57 +0000] [2168823] [INFO] Shutting down: Master
[2026-03-01 16:35:58 +0000] [2169473] [INFO] Starting gunicorn 21.2.0
[2026-03-01 16:35:58 +0000] [2169473] [INFO] Listening at: http://0.0.0.0:10000 (2169473)
[2026-03-01 16:35:58 +0000] [2169473] [INFO] Using worker: sync
[2026-03-01 16:35:58 +0000] [2169475] [INFO] Booting worker with pid: 2169475
[2026-03-01 16:35:59 +0000] [2169476] [INFO] Booting worker with pid: 2169476
[2026-03-01 16:35:59 +0000] [2169477] [INFO] Booting worker with pid: 2169477
[2026-03-01 16:35:59 +0000] [2169484] [INFO] Booting worker with pid: 2169484
[2026-03-01 16:38:35 +0000] [2169477] [INFO] Worker exiting (pid: 2169477)
[2026-03-01 16:38:35 +0000] [2169484] [INFO] Worker exiting (pid: 2169484)
[2026-03-01 16:38:35 +0000] [2169476] [INFO] Worker exiting (pid: 2169476)
[2026-03-01 16:38:35 +0000] [2169475] [INFO] Worker exiting (pid: 2169475)
[2026-03-01 16:38:35 +0000] [2169473] [INFO] Handling signal: term
[2026-03-01 16:38:35 +0000] [2169473] [ERROR] Worker (pid:2169484) was sent SIGTERM!
[2026-03-01 16:38:35 +0000] [2169473] [ERROR] Worker (pid:2169475) was sent SIGTERM!
[2026-03-01 16:38:35 +0000] [2169473] [ERROR] Worker (pid:2169477) was sent SIGTERM!
[2026-03-01 16:38:35 +0000] [2169473] [ERROR] Worker (pid:2169476) was sent SIGTERM!
[2026-03-01 16:38:35 +0000] [2169473] [INFO] Shutting down: Master
[2026-03-01 16:38:37 +0000] [2170551] [INFO] Starting gunicorn 21.2.0
[2026-03-01 16:38:37 +0000] [2170551] [INFO] Listening at: http://0.0.0.0:10000 (2170551)
[2026-03-01 16:38:37 +0000] [2170551] [INFO] Using worker: sync
[2026-03-01 16:38:37 +0000] [2170553] [INFO] Booting worker with pid: 2170553
[2026-03-01 16:38:37 +0000] [2170554] [INFO] Booting worker with pid: 2170554
[2026-03-01 16:38:37 +0000] [2170561] [INFO] Booting worker with pid: 2170561
[2026-03-01 16:38:37 +0000] [2170571] [INFO] Booting worker with pid: 2170571
